#
# A fatal error has been detected by the Java Runtime Environment:
#
#  SIGSEGV (0xb) at pc=0x000000011f6989f4, pid=81292, tid=259
#
# JRE version: OpenJDK Runtime Environment Temurin-17.0.1+12 (17.0.1+12) (build 17.0.1+12)
# Java VM: OpenJDK 64-Bit Server VM Temurin-17.0.1+12 (17.0.1+12, mixed mode, tiered, compressed oops, compressed class ptrs, g1 gc, bsd-aarch64)
# Problematic frame:
# C  [liblwjgl.dylib+0x49f4]
#
# No core dump will be written. Core dumps have been disabled. To enable core dumping, try "ulimit -c unlimited" before starting Java again
#
# If you would like to submit a bug report, please visit:
#   https://github.com/adoptium/adoptium-support/issues
# The crash happened outside the Java Virtual Machine in native code.
# See problematic frame for where to report the bug.
#

---------------  S U M M A R Y ------------

Command Line: -XX:+ShowCodeDetailsInExceptionMessages de.novi.Main -XstartOnFirstThread

Host: "MacBookAir10,1" arm64 1 MHz, 8 cores, 8G, Darwin 22.0.0, macOS 13.0 (22A5286j)
Time: Wed Jun 29 10:39:22 2022 CEST elapsed time: 2.106712 seconds (0d 0h 0m 2s)

---------------  T H R E A D  ---------------

Current thread (0x000000014500ba00):  JavaThread "main" [_thread_in_native, id=259, stack(0x000000016eac4000,0x000000016f2c0000)]

Stack: [0x000000016eac4000,0x000000016f2c0000],  sp=0x000000016f2bc8e0,  free space=8162k
Native frames: (J=compiled Java code, j=interpreted, Vv=VM code, C=native code)
C  [liblwjgl.dylib+0x49f4]
j  org.lwjgl.system.libffi.LibFFI.nffi_closure_free(J)V+0
j  org.lwjgl.system.libffi.LibFFI.ffi_closure_free(Lorg/lwjgl/system/libffi/FFIClosure;)V+4
j  org.lwjgl.system.Callback.free(J)V+29
j  org.lwjgl.system.Callback.free()V+4
j  de.novi.Window.close()V+21
j  de.novi.Main.main([Ljava/lang/String;)V+21
v  ~StubRoutines::call_stub
V  [libjvm.dylib+0x46a590]  _ZN9JavaCalls11call_helperEP9JavaValueRK12methodHandleP17JavaCallArgumentsP10JavaThread+0x38c
V  [libjvm.dylib+0x4cf1a4]  _ZL17jni_invoke_staticP7JNIEnv_P9JavaValueP8_jobject11JNICallTypeP10_jmethodIDP18JNI_ArgumentPusherP10JavaThread+0x12c
V  [libjvm.dylib+0x4d2838]  jni_CallStaticVoidMethod+0x130
C  [libjli.dylib+0x5378]  JavaMain+0x9d4
C  [libjli.dylib+0x7958]  __JVMInit_block_invoke+0x50
C  [Foundation+0x3f820]  __NSBLOCKOPERATION_IS_CALLING_OUT_TO_A_BLOCK__+0x18
C  [Foundation+0x3f6e0]  -[NSBlockOperation main]+0x68
C  [Foundation+0x3f670]  __NSOPERATION_IS_INVOKING_MAIN__+0x10
C  [Foundation+0x3ea88]  -[NSOperation start]+0x2c4
C  [Foundation+0x785a8]  __NSThreadPerformPerform+0x108
C  [CoreFoundation+0x827ac]  __CFRUNLOOP_IS_CALLING_OUT_TO_A_SOURCE0_PERFORM_FUNCTION__+0x1c
C  [CoreFoundation+0x82740]  __CFRunLoopDoSource0+0xb0
C  [CoreFoundation+0x824b0]  __CFRunLoopDoSources0+0xf4
C  [CoreFoundation+0x810b4]  __CFRunLoopRun+0x344
C  [CoreFoundation+0x8061c]  CFRunLoopRunSpecific+0x264
C  [libjli.dylib+0x6fec]  CreateExecutionEnvironment+0x190
C  [libjli.dylib+0x31fc]  JLI_Launch+0x4a0
C  [java+0x3bb0]  main+0x198
C  [dyld+0x5c14]  start+0x944

Java frames: (J=compiled Java code, j=interpreted, Vv=VM code)
j  org.lwjgl.system.libffi.LibFFI.nffi_closure_free(J)V+0
j  org.lwjgl.system.libffi.LibFFI.ffi_closure_free(Lorg/lwjgl/system/libffi/FFIClosure;)V+4
j  org.lwjgl.system.Callback.free(J)V+29
j  org.lwjgl.system.Callback.free()V+4
j  de.novi.Window.close()V+21
j  de.novi.Main.main([Ljava/lang/String;)V+21
v  ~StubRoutines::call_stub

siginfo: si_signo: 11 (SIGSEGV), si_code: 2 (SEGV_ACCERR), si_addr: 0x0000bf45118c59c0

Register to memory mapping:

 x0=0x0 is NULL
 x1=0x000000016f2bc998 is pointing into the stack for thread: 0x000000014500ba00
 x2=0x0000600000b659b0 points into unknown readable memory: 0x0000bf45118c59b0 | b0 59 8c 11 45 bf 00 00
 x3=0x0000000090000002 is an unknown value
 x4=0x0000000000000029 is an unknown value
 x5=0x000000011fdec9b0 is pointing into metadata
 x6=0x0000000014400000 is an unknown value
 x7=0x0000000000000001 is an unknown value
 x8=0x0000bf45118c59b0 is an unknown value
 x9=0x0 is NULL
x10=0x000000011f6cc1a8: <offset 0x381a8> in /private/var/folders/p4/dv0nl6hj3sv8d98wc8fbrq2h0000gn/T/lwjglvn/3.3.1-build-7/liblwjgl.dylib at 0x000000011f694000
x11=0x000000000015b96d is an unknown value
x12=0x0000000000000002 is an unknown value
x13=0x0 is NULL
x14=0x000000000000001f is an unknown value
x15=0x0000000145069a10 points into unknown readable memory: 0x65640008ba21ffff | ff ff 21 ba 08 00 64 65
x16=0x000000018eb19784: pthread_mutex_lock+0 in /usr/lib/system/libsystem_pthread.dylib at 0x000000018eb18000
x17=0x0000000787b97b48 is an oop: java.lang.Class 
{0x0000000787b97b48} - klass: 'java/lang/Class'
 - ---- fields (total size 38 words):
 - private volatile transient 'classRedefinedCount' 'I' @12  0
 - private volatile transient 'cachedConstructor' 'Ljava/lang/reflect/Constructor;' @40  NULL (0)
 - private transient 'name' 'Ljava/lang/String;' @44  "org.lwjgl.system.libffi.LibFFI"{0x0000000787b97c88} (f0f72f91)
 - private transient 'module' 'Ljava/lang/Module;' @48  a 'java/lang/Module'{0x0000000787f555e0} (f0feaabc)
 - private final 'classLoader' 'Ljava/lang/ClassLoader;' @52  a 'jdk/internal/loader/ClassLoaders$AppClassLoader'{0x0000000787f55358} (f0feaa6b)
 - private transient 'classData' 'Ljava/lang/Object;' @56  NULL (0)
 - private transient 'packageName' 'Ljava/lang/String;' @60  "org.lwjgl.system.libffi"{0x0000000787b82798} (f0f704f3)
 - private final 'componentType' 'Ljava/lang/Class;' @64  NULL (0)
 - private volatile transient 'reflectionData' 'Ljava/lang/ref/SoftReference;' @68  NULL (0)
 - private volatile transient 'genericInfo' 'Lsun/reflect/generics/repository/ClassRepository;' @72  NULL (0)
 - private volatile transient 'enumConstants' '[Ljava/lang/Object;' @76  NULL (0)
 - private volatile transient 'enumConstantDirectory' 'Ljava/util/Map;' @80  NULL (0)
 - private volatile transient 'annotationData' 'Ljava/lang/Class$AnnotationData;' @84  NULL (0)
 - private volatile transient 'annotationType' 'Lsun/reflect/annotation/AnnotationType;' @88  NULL (0)
 - transient 'classValueMap' 'Ljava/lang/ClassValue$ClassValueMap;' @92  NULL (0)
 - signature: Lorg/lwjgl/system/libffi/LibFFI;
 - fake entry for mirror: 'org/lwjgl/system/libffi/LibFFI'
 - fake entry for array: NULL
 - fake entry for oop_size: 38
 - fake entry for static_oop_field_count: 21
 - public static final 'FFI_TYPE_VOID' 'S' @268  0
 - public static final 'FFI_TYPE_INT' 'S' @296  1
 - public static final 'FFI_TYPE_FLOAT' 'S' @270  2
 - public static final 'FFI_TYPE_DOUBLE' 'S' @272  3
 - public static final 'FFI_TYPE_LONGDOUBLE' 'S' @274  3
 - public static final 'FFI_TYPE_UINT8' 'S' @276  5
 - public static final 'FFI_TYPE_SINT8' 'S' @278  6
 - public static final 'FFI_TYPE_UINT16' 'S' @280  7
 - public static final 'FFI_TYPE_SINT16' 'S' @282  8
 - public static final 'FFI_TYPE_UINT32' 'S' @284  9
 - public static final 'FFI_TYPE_SINT32' 'S' @286  10 (a)
 - public static final 'FFI_TYPE_UINT64' 'S' @288  11 (b)
 - public static final 'FFI_TYPE_SINT64' 'S' @290  12 (c)
 - public static final 'FFI_TYPE_STRUCT' 'S' @292  13 (d)
 - public static final 'FFI_TYPE_POINTER' 'S' @294  14 (e)
 - public static final 'FFI_FIRST_ABI' 'I' @260  0
 - public static final 'FFI_WIN64' 'I' @264  2
 - public static final 'FFI_GNUW64' 'I' @200  -1 (ffffffff)
 - public static final 'FFI_UNIX64' 'I' @204  -1 (ffffffff)
 - public static final 'FFI_EFI64' 'I' @208  -1 (ffffffff)
 - public static final 'FFI_SYSV' 'I' @212  1
 - public static final 'FFI_STDCALL' 'I' @216  -1 (ffffffff)
 - public static final 'FFI_THISCALL' 'I' @220  -1 (ffffffff)
 - public static final 'FFI_FASTCALL' 'I' @224  -1 (ffffffff)
 - public static final 'FFI_MS_CDECL' 'I' @228  -1 (ffffffff)
 - public static final 'FFI_PASCAL' 'I' @232  -1 (ffffffff)
 - public static final 'FFI_REGISTER' 'I' @236  -1 (ffffffff)
 - public static final 'FFI_VFP' 'I' @240  -1 (ffffffff)
 - public static final 'FFI_LAST_ABI' 'I' @244  3
 - public static final 'FFI_DEFAULT_ABI' 'I' @248  1
 - public static final 'FFI_OK' 'I' @252  0
 - public static final 'FFI_BAD_TYPEDEF' 'I' @256  1
 - public static final 'FFI_BAD_ABI' 'I' @196  2
 - public static final 'ffi_type_void' 'Lorg/lwjgl/system/libffi/FFIType;' @112  a 'org/lwjgl/system/libffi/FFIType'{0x0000000787ba1950} (f0f7432a)
 - public static final 'ffi_type_uint8' 'Lorg/lwjgl/system/libffi/FFIType;' @116  a 'org/lwjgl/system/libffi/FFIType'{0x0000000787ba1a00} (f0f74340)
 - public static final 'ffi_type_sint8' 'Lorg/lwjgl/system/libffi/FFIType;' @120  a 'org/lwjgl/system/libffi/FFIType'{0x0000000787ba1ab0} (f0f74356)
 - public static final 'ffi_type_uint16' 'Lorg/lwjgl/system/libffi/FFIType;' @124  a 'org/lwjgl/system/libffi/FFIType'{0x0000000787ba1b60} (f0f7436c)
 - public static final 'ffi_type_sint16' 'Lorg/lwjgl/system/libffi/FFIType;' @128  a 'org/lwjgl/system/libffi/FFIType'{0x0000000787ba1c10} (f0f74382)
 - public static final 'ffi_type_uint32' 'Lorg/lwjgl/system/libffi/FFIType;' @132  a 'org/lwjgl/system/libffi/FFIType'{0x0000000787ba1cc0} (f0f74398)
 - public static final 'ffi_type_sint32' 'Lorg/lwjgl/system/libffi/FFIType;' @136  a 'org/lwjgl/system/libffi/FFIType'{0x0000000787ba1d70} (f0f743ae)
 - public static final 'ffi_type_uint64' 'Lorg/lwjgl/system/libffi/FFIType;' @140  a 'org/lwjgl/system/libffi/FFIType'{0x0000000787ba1e20} (f0f743c4)
 - public static final 'ffi_type_sint64' 'Lorg/lwjgl/system/libffi/FFIType;' @144  a 'org/lwjgl/system/libffi/FFIType'{0x0000000787ba1ed0} (f0f743da)
 - public static final 'ffi_type_uchar' 'Lorg/lwjgl/system/libffi/FFIType;' @148  a 'org/lwjgl/system/libffi/FFIType'{0x0000000787ba1f80} (f0f743f0)
 - public static final 'ffi_type_schar' 'Lorg/lwjgl/system/libffi/FFIType;' @152  a 'org/lwjgl/system/libffi/FFIType'{0x0000000787ba2030} (f0f74406)
 - public static final 'ffi_type_ushort' 'Lorg/lwjgl/system/libffi/FFIType;' @156  a 'org/lwjgl/system/libffi/FFIType'{0x0000000787ba20e0} (f0f7441c)
 - public static final 'ffi_type_sshort' 'Lorg/lwjgl/system/libffi/FFIType;' @160  a 'org/lwjgl/system/libffi/FFIType'{0x0000000787ba2190} (f0f74432)
 - public static final 'ffi_type_uint' 'Lorg/lwjgl/system/libffi/FFIType;' @164  a 'org/lwjgl/system/libffi/FFIType'{0x0000000787ba2240} (f0f74448)
 - public static final 'ffi_type_sint' 'Lorg/lwjgl/system/libffi/FFIType;' @168  a 'org/lwjgl/system/libffi/FFIType'{0x0000000787ba22f0} (f0f7445e)
 - public static final 'ffi_type_ulong' 'Lorg/lwjgl/system/libffi/FFIType;' @172  a 'org/lwjgl/system/libffi/FFIType'{0x0000000787ba23a0} (f0f74474)
 - public static final 'ffi_type_slong' 'Lorg/lwjgl/system/libffi/FFIType;' @176  a 'org/lwjgl/system/libffi/FFIType'{0x0000000787ba2450} (f0f7448a)
 - public static final 'ffi_type_float' 'Lorg/lwjgl/system/libffi/FFIType;' @180  a 'org/lwjgl/system/libffi/FFIType'{0x0000000787ba2500} (f0f744a0)
 - public static final 'ffi_type_double' 'Lorg/lwjgl/system/libffi/FFIType;' @184  a 'org/lwjgl/system/libffi/FFIType'{0x0000000787ba25b0} (f0f744b6)
 - public static final 'ffi_type_longdouble' 'Lorg/lwjgl/system/libffi/FFIType;' @188  a 'org/lwjgl/system/libffi/FFIType'{0x0000000787ba2668} (f0f744cd)
 - public static final 'ffi_type_pointer' 'Lorg/lwjgl/system/libffi/FFIType;' @192  a 'org/lwjgl/system/libffi/FFIType'{0x0000000787ba2718} (f0f744e3)
x18=0x0 is NULL
x19=0x000000010a69b730 is at code_begin+48 in an Interpreter codelet
result handlers for native calls  [0x000000010a69b700, 0x000000010a69b780]  128 bytes
x20=0x000000016f2bc920 is pointing into the stack for thread: 0x000000014500ba00
x21=0x000000010289f3c0: _ZN19TemplateInterpreter13_active_tableE+0 in /Users/vn/.sdkman/candidates/java/17.0.1-tem/lib/server/libjvm.dylib at 0x0000000101c44000
x22=0x0 is NULL
x23=0x0000000000000073 is an unknown value
x24=0x000000016f2bc9a8 is pointing into the stack for thread: 0x000000014500ba00
x25=0x0000000000000001 is an unknown value
x26=0x000000011fe25028 is pointing into metadata
x27=0x0 is NULL
x28=0x000000014500ba00 is a thread


Registers:
 x0=0x0000000000000000  x1=0x000000016f2bc998  x2=0x0000600000b659b0  x3=0x0000000090000002
 x4=0x0000000000000029  x5=0x000000011fdec9b0  x6=0x0000000014400000  x7=0x0000000000000001
 x8=0x0000bf45118c59b0  x9=0x0000000000000000 x10=0x000000011f6cc1a8 x11=0x000000000015b96d
x12=0x0000000000000002 x13=0x0000000000000000 x14=0x000000000000001f x15=0x0000000145069a10
x16=0x000000018eb19784 x17=0x0000000787b97b48 x18=0x0000000000000000 x19=0x000000010a69b730
x20=0x000000016f2bc920 x21=0x000000010289f3c0 x22=0x0000000000000000 x23=0x0000000000000073
x24=0x000000016f2bc9a8 x25=0x0000000000000001 x26=0x000000011fe25028 x27=0x0000000000000000
x28=0x000000014500ba00  fp=0x000000016f2bc910  lr=0x000680011f6989d8  sp=0x000000016f2bc8e0
pc=0x000000011f6989f4 cpsr=0x0000000060001000
Top of Stack: (sp=0x000000016f2bc8e0)
0x000000016f2bc8e0:   000000016f2bc9a8 000000011f6cc1e0
0x000000016f2bc8f0:   00000000000000f6 0000bf45118c59b0
0x000000016f2bc900:   0000600000b659b0 0000600000b659b0
0x000000016f2bc910:   000000016f2bc980 000000010a69d8ac
0x000000016f2bc920:   0000000787ba69c0 0000000000000020
0x000000016f2bc930:   000000016f2bc930 0000000000000000
0x000000016f2bc940:   000000016f2bc9a8 000000011fe25028
0x000000016f2bc950:   0000000787b97b48 0000000000000000
0x000000016f2bc960:   0000000000000000 000000011fe24b30
0x000000016f2bc970:   0000000000000000 000000016f2bc980
0x000000016f2bc980:   000000016f2bca00 000000010a699fc8
0x000000016f2bc990:   0000000000000000 0000000787b97b48
0x000000016f2bc9a0:   0000600000b659b0 0000000000000000
0x000000016f2bc9b0:   000000016f2bc9b0 000000011fe24bcc
0x000000016f2bc9c0:   000000016f2bca18 000000011fe25028
0x000000016f2bc9d0:   0000000787b97b48 0000000000000000
0x000000016f2bc9e0:   0000000000000000 000000011fe24bf0
0x000000016f2bc9f0:   000000016f2bc9a0 000000016f2bc9e0
0x000000016f2bca00:   000000016f2bca70 000000010a699fc8
0x000000016f2bca10:   0000000145910288 0000000787aa4db0
0x000000016f2bca20:   000000016f2bca20 000000011fc0546d
0x000000016f2bca30:   000000016f2bca98 000000011fc06400
0x000000016f2bca40:   0000000787ea2968 0000000000000000
0x000000016f2bca50:   0000000000000000 000000011fc05498
0x000000016f2bca60:   000000016f2bca18 000000016f2bca70
0x000000016f2bca70:   000000016f2bcaf0 000000010a699fc8
0x000000016f2bca80:   000000016f2bcaf0 0000000787aa4db0
0x000000016f2bca90:   0000000100ce0000 0000000000000000
0x000000016f2bcaa0:   000000016f2bcaa0 000000011fc04edc
0x000000016f2bcab0:   000000016f2bcb08 000000011fc06400
0x000000016f2bcac0:   0000000787ea2968 0000000000000000
0x000000016f2bcad0:   0000000000000000 000000011fc04ef8 

Instructions: (pc=0x000000011f6989f4)
0x000000011f6988f4:   781ca3a9 785ca3a8 f85f03a9 7940112a
0x000000011f698904:   6b0a011f 540003ca f85f03a8 f9400d08
0x000000011f698914:   785ca3a9 aa0903ea 8b0a1108 f9001be8
0x000000011f698924:   f85e03a8 785ca3a9 531c6d29 8b29c108
0x000000011f698934:   f9401bea f9000148 785ca3a9 f85f03a8
0x000000011f698944:   7940110b 7100056b 6b0b013f 5400010a
0x000000011f698954:   f85f03a8 f9400d08 785ca3a9 11000529
0x000000011f698964:   8b29d108 f9401bea f9000548 785ca3a8
0x000000011f698974:   11000508 781ca3a8 17ffffdf f85f03a8
0x000000011f698984:   f9400d08 f85f03a9 f9000928 f85f03a8
0x000000011f698994:   f81f83a8 f85f83a0 a9477bfd 910203ff
0x000000011f6989a4:   d65f03c0 d10103ff a9037bfd 9100c3fd
0x000000011f6989b4:   900001a8 91078108 f81f83a0 f85f83a9
0x000000011f6989c4:   f81f03a9 900001a0 91064000 f90007e8
0x000000011f6989d4:   9400b27b f85f03a8 f9400108 f9000fe8
0x000000011f6989e4:   f85f03a8 f9400508 f9000be8 f9400fe8
0x000000011f6989f4:   f9400908 f9400be9 f9000528 f9400be8
0x000000011f698a04:   f9400fe9 f9000928 f9400fe8 7940110a
0x000000011f698a14:   1100054a 7900110a f9400fe8 7940110a
0x000000011f698a24:   7110015f 54000121 f94007e8 f9400109
0x000000011f698a34:   f9400fea eb0a013f 54000080 f9400fe0
0x000000011f698a44:   94000020 14000016 f94007e8 f9400109
0x000000011f698a54:   f9400fea eb0a013f 54000220 f9400fe8
0x000000011f698a64:   d2800009 f9001109 f94007e8 f9400109
0x000000011f698a74:   f9400fea f9001549 f9400109 b40000a9
0x000000011f698a84:   f9400fe8 f94007e9 f940012a f9001148
0x000000011f698a94:   f9400fe8 f94007e9 f9000128 900001a0
0x000000011f698aa4:   91064000 9400b249 f85f03a8 aa0803e0
0x000000011f698ab4:   9400b225 a9437bfd 910103ff d65f03c0
0x000000011f698ac4:   d10083ff a9017bfd 910043fd f90007e0
0x000000011f698ad4:   f94007e8 f9401108 b40000c8 f94007e8
0x000000011f698ae4:   f9401508 f94007e9 f9401129 f9001528 


Stack slot to memory mapping:
stack at sp + 0 slots: 0x000000016f2bc9a8 is pointing into the stack for thread: 0x000000014500ba00
stack at sp + 1 slots: 0x000000011f6cc1e0: <offset 0x381e0> in /private/var/folders/p4/dv0nl6hj3sv8d98wc8fbrq2h0000gn/T/lwjglvn/3.3.1-build-7/liblwjgl.dylib at 0x000000011f694000
stack at sp + 2 slots: 0x00000000000000f6 is an unknown value
stack at sp + 3 slots: 0x0000bf45118c59b0 is an unknown value
stack at sp + 4 slots: 0x0000600000b659b0 points into unknown readable memory: 0x0000bf45118c59b0 | b0 59 8c 11 45 bf 00 00
stack at sp + 5 slots: 0x0000600000b659b0 points into unknown readable memory: 0x0000bf45118c59b0 | b0 59 8c 11 45 bf 00 00
stack at sp + 6 slots: 0x000000016f2bc980 is pointing into the stack for thread: 0x000000014500ba00
stack at sp + 7 slots: 0x000000010a69d8ac is at code_begin+684 in an Interpreter codelet
method entry point (kind = native)  [0x000000010a69d600, 0x000000010a69dc80]  1664 bytes


---------------  P R O C E S S  ---------------

Threads class SMR info:
_java_thread_list=0x0000600000513dc0, length=11, elements={
0x000000014500ba00, 0x00000001448d0800, 0x00000001448d3000, 0x0000000146027c00,
0x00000001448d2400, 0x00000001448d2a00, 0x00000001448d3600, 0x00000001448d3c00,
0x00000001448d4200, 0x00000001448d4800, 0x00000001448b9c00
}

Java Threads: ( => current thread )
=>0x000000014500ba00 JavaThread "main" [_thread_in_native, id=259, stack(0x000000016eac4000,0x000000016f2c0000)]
  0x00000001448d0800 JavaThread "Reference Handler" daemon [_thread_blocked, id=15107, stack(0x000000016ff98000,0x000000017019b000)]
  0x00000001448d3000 JavaThread "Finalizer" daemon [_thread_blocked, id=13571, stack(0x00000001701a4000,0x00000001703a7000)]
  0x0000000146027c00 JavaThread "Signal Dispatcher" daemon [_thread_blocked, id=43011, stack(0x00000001704c8000,0x00000001706cb000)]
  0x00000001448d2400 JavaThread "Service Thread" daemon [_thread_blocked, id=23299, stack(0x00000001706d4000,0x00000001708d7000)]
  0x00000001448d2a00 JavaThread "Monitor Deflation Thread" daemon [_thread_blocked, id=23555, stack(0x00000001708e0000,0x0000000170ae3000)]
  0x00000001448d3600 JavaThread "C2 CompilerThread0" daemon [_thread_blocked, id=23811, stack(0x0000000170aec000,0x0000000170cef000)]
  0x00000001448d3c00 JavaThread "C1 CompilerThread0" daemon [_thread_blocked, id=41987, stack(0x0000000170cf8000,0x0000000170efb000)]
  0x00000001448d4200 JavaThread "Sweeper thread" daemon [_thread_blocked, id=41475, stack(0x0000000170f04000,0x0000000171107000)]
  0x00000001448d4800 JavaThread "Notification Thread" daemon [_thread_blocked, id=24579, stack(0x0000000171110000,0x0000000171313000)]
  0x00000001448b9c00 JavaThread "Common-Cleaner" daemon [_thread_blocked, id=25091, stack(0x0000000171528000,0x000000017172b000)]

Other Threads:
  0x000000014590d6d0 VMThread "VM Thread" [stack: 0x000000016fd8c000,0x000000016ff8f000] [id=15619]
  0x00000001459142d0 WatcherThread [stack: 0x000000017131c000,0x000000017151f000] [id=24835]
  0x0000000145906650 GCTaskThread "GC Thread#0" [stack: 0x000000016f350000,0x000000016f553000] [id=19459]
  0x0000000145906d00 ConcurrentGCThread "G1 Main Marker" [stack: 0x000000016f55c000,0x000000016f75f000] [id=19203]
  0x0000000145907580 ConcurrentGCThread "G1 Conc#0" [stack: 0x000000016f768000,0x000000016f96b000] [id=18179]
  0x00000001459093f0 ConcurrentGCThread "G1 Refine#0" [stack: 0x000000016f974000,0x000000016fb77000] [id=12035]
  0x0000000145909c90 ConcurrentGCThread "G1 Service" [stack: 0x000000016fb80000,0x000000016fd83000] [id=12291]

Threads with active compile tasks:

VM state: not at safepoint (normal execution)

VM Mutex/Monitor currently owned by a thread: None

Heap address: 0x0000000780000000, size: 2048 MB, Compressed Oops mode: Zero based, Oop shift amount: 3

CDS archive(s) not mapped
Compressed class space mapped at: 0x0000000800000000-0x0000000840000000, reserved size: 1073741824
Narrow klass base: 0x0000000800000000, Narrow klass shift: 0, Narrow klass range: 0x40000000

GC Precious Log:
 CPUs: 8 total, 8 available
 Memory: 8192M
 Large Page Support: Disabled
 NUMA Support: Disabled
 Compressed Oops: Enabled (Zero based)
 Heap Region Size: 1M
 Heap Min Capacity: 8M
 Heap Initial Capacity: 128M
 Heap Max Capacity: 2G
 Pre-touch: Disabled
 Parallel Workers: 8
 Concurrent Workers: 2
 Concurrent Refinement Workers: 8
 Periodic GC: Disabled

Heap:
 garbage-first heap   total 131072K, used 6144K [0x0000000780000000, 0x0000000800000000)
  region size 1024K, 8 young (8192K), 0 survivors (0K)
 Metaspace       used 9578K, committed 9728K, reserved 1064960K
  class space    used 748K, committed 832K, reserved 1048576K

Heap Regions: E=young(eden), S=young(survivor), O=old, HS=humongous(starts), HC=humongous(continues), CS=collection set, F=free, OA=open archive, CA=closed archive, TAMS=top-at-mark-start (previous, next)
|   0|0x0000000780000000, 0x0000000780000000, 0x0000000780100000|  0%| F|  |TAMS 0x0000000780000000, 0x0000000780000000| Untracked 
|   1|0x0000000780100000, 0x0000000780100000, 0x0000000780200000|  0%| F|  |TAMS 0x0000000780100000, 0x0000000780100000| Untracked 
|   2|0x0000000780200000, 0x0000000780200000, 0x0000000780300000|  0%| F|  |TAMS 0x0000000780200000, 0x0000000780200000| Untracked 
|   3|0x0000000780300000, 0x0000000780300000, 0x0000000780400000|  0%| F|  |TAMS 0x0000000780300000, 0x0000000780300000| Untracked 
|   4|0x0000000780400000, 0x0000000780400000, 0x0000000780500000|  0%| F|  |TAMS 0x0000000780400000, 0x0000000780400000| Untracked 
|   5|0x0000000780500000, 0x0000000780500000, 0x0000000780600000|  0%| F|  |TAMS 0x0000000780500000, 0x0000000780500000| Untracked 
|   6|0x0000000780600000, 0x0000000780600000, 0x0000000780700000|  0%| F|  |TAMS 0x0000000780600000, 0x0000000780600000| Untracked 
|   7|0x0000000780700000, 0x0000000780700000, 0x0000000780800000|  0%| F|  |TAMS 0x0000000780700000, 0x0000000780700000| Untracked 
|   8|0x0000000780800000, 0x0000000780800000, 0x0000000780900000|  0%| F|  |TAMS 0x0000000780800000, 0x0000000780800000| Untracked 
|   9|0x0000000780900000, 0x0000000780900000, 0x0000000780a00000|  0%| F|  |TAMS 0x0000000780900000, 0x0000000780900000| Untracked 
|  10|0x0000000780a00000, 0x0000000780a00000, 0x0000000780b00000|  0%| F|  |TAMS 0x0000000780a00000, 0x0000000780a00000| Untracked 
|  11|0x0000000780b00000, 0x0000000780b00000, 0x0000000780c00000|  0%| F|  |TAMS 0x0000000780b00000, 0x0000000780b00000| Untracked 
|  12|0x0000000780c00000, 0x0000000780c00000, 0x0000000780d00000|  0%| F|  |TAMS 0x0000000780c00000, 0x0000000780c00000| Untracked 
|  13|0x0000000780d00000, 0x0000000780d00000, 0x0000000780e00000|  0%| F|  |TAMS 0x0000000780d00000, 0x0000000780d00000| Untracked 
|  14|0x0000000780e00000, 0x0000000780e00000, 0x0000000780f00000|  0%| F|  |TAMS 0x0000000780e00000, 0x0000000780e00000| Untracked 
|  15|0x0000000780f00000, 0x0000000780f00000, 0x0000000781000000|  0%| F|  |TAMS 0x0000000780f00000, 0x0000000780f00000| Untracked 
|  16|0x0000000781000000, 0x0000000781000000, 0x0000000781100000|  0%| F|  |TAMS 0x0000000781000000, 0x0000000781000000| Untracked 
|  17|0x0000000781100000, 0x0000000781100000, 0x0000000781200000|  0%| F|  |TAMS 0x0000000781100000, 0x0000000781100000| Untracked 
|  18|0x0000000781200000, 0x0000000781200000, 0x0000000781300000|  0%| F|  |TAMS 0x0000000781200000, 0x0000000781200000| Untracked 
|  19|0x0000000781300000, 0x0000000781300000, 0x0000000781400000|  0%| F|  |TAMS 0x0000000781300000, 0x0000000781300000| Untracked 
|  20|0x0000000781400000, 0x0000000781400000, 0x0000000781500000|  0%| F|  |TAMS 0x0000000781400000, 0x0000000781400000| Untracked 
|  21|0x0000000781500000, 0x0000000781500000, 0x0000000781600000|  0%| F|  |TAMS 0x0000000781500000, 0x0000000781500000| Untracked 
|  22|0x0000000781600000, 0x0000000781600000, 0x0000000781700000|  0%| F|  |TAMS 0x0000000781600000, 0x0000000781600000| Untracked 
|  23|0x0000000781700000, 0x0000000781700000, 0x0000000781800000|  0%| F|  |TAMS 0x0000000781700000, 0x0000000781700000| Untracked 
|  24|0x0000000781800000, 0x0000000781800000, 0x0000000781900000|  0%| F|  |TAMS 0x0000000781800000, 0x0000000781800000| Untracked 
|  25|0x0000000781900000, 0x0000000781900000, 0x0000000781a00000|  0%| F|  |TAMS 0x0000000781900000, 0x0000000781900000| Untracked 
|  26|0x0000000781a00000, 0x0000000781a00000, 0x0000000781b00000|  0%| F|  |TAMS 0x0000000781a00000, 0x0000000781a00000| Untracked 
|  27|0x0000000781b00000, 0x0000000781b00000, 0x0000000781c00000|  0%| F|  |TAMS 0x0000000781b00000, 0x0000000781b00000| Untracked 
|  28|0x0000000781c00000, 0x0000000781c00000, 0x0000000781d00000|  0%| F|  |TAMS 0x0000000781c00000, 0x0000000781c00000| Untracked 
|  29|0x0000000781d00000, 0x0000000781d00000, 0x0000000781e00000|  0%| F|  |TAMS 0x0000000781d00000, 0x0000000781d00000| Untracked 
|  30|0x0000000781e00000, 0x0000000781e00000, 0x0000000781f00000|  0%| F|  |TAMS 0x0000000781e00000, 0x0000000781e00000| Untracked 
|  31|0x0000000781f00000, 0x0000000781f00000, 0x0000000782000000|  0%| F|  |TAMS 0x0000000781f00000, 0x0000000781f00000| Untracked 
|  32|0x0000000782000000, 0x0000000782000000, 0x0000000782100000|  0%| F|  |TAMS 0x0000000782000000, 0x0000000782000000| Untracked 
|  33|0x0000000782100000, 0x0000000782100000, 0x0000000782200000|  0%| F|  |TAMS 0x0000000782100000, 0x0000000782100000| Untracked 
|  34|0x0000000782200000, 0x0000000782200000, 0x0000000782300000|  0%| F|  |TAMS 0x0000000782200000, 0x0000000782200000| Untracked 
|  35|0x0000000782300000, 0x0000000782300000, 0x0000000782400000|  0%| F|  |TAMS 0x0000000782300000, 0x0000000782300000| Untracked 
|  36|0x0000000782400000, 0x0000000782400000, 0x0000000782500000|  0%| F|  |TAMS 0x0000000782400000, 0x0000000782400000| Untracked 
|  37|0x0000000782500000, 0x0000000782500000, 0x0000000782600000|  0%| F|  |TAMS 0x0000000782500000, 0x0000000782500000| Untracked 
|  38|0x0000000782600000, 0x0000000782600000, 0x0000000782700000|  0%| F|  |TAMS 0x0000000782600000, 0x0000000782600000| Untracked 
|  39|0x0000000782700000, 0x0000000782700000, 0x0000000782800000|  0%| F|  |TAMS 0x0000000782700000, 0x0000000782700000| Untracked 
|  40|0x0000000782800000, 0x0000000782800000, 0x0000000782900000|  0%| F|  |TAMS 0x0000000782800000, 0x0000000782800000| Untracked 
|  41|0x0000000782900000, 0x0000000782900000, 0x0000000782a00000|  0%| F|  |TAMS 0x0000000782900000, 0x0000000782900000| Untracked 
|  42|0x0000000782a00000, 0x0000000782a00000, 0x0000000782b00000|  0%| F|  |TAMS 0x0000000782a00000, 0x0000000782a00000| Untracked 
|  43|0x0000000782b00000, 0x0000000782b00000, 0x0000000782c00000|  0%| F|  |TAMS 0x0000000782b00000, 0x0000000782b00000| Untracked 
|  44|0x0000000782c00000, 0x0000000782c00000, 0x0000000782d00000|  0%| F|  |TAMS 0x0000000782c00000, 0x0000000782c00000| Untracked 
|  45|0x0000000782d00000, 0x0000000782d00000, 0x0000000782e00000|  0%| F|  |TAMS 0x0000000782d00000, 0x0000000782d00000| Untracked 
|  46|0x0000000782e00000, 0x0000000782e00000, 0x0000000782f00000|  0%| F|  |TAMS 0x0000000782e00000, 0x0000000782e00000| Untracked 
|  47|0x0000000782f00000, 0x0000000782f00000, 0x0000000783000000|  0%| F|  |TAMS 0x0000000782f00000, 0x0000000782f00000| Untracked 
|  48|0x0000000783000000, 0x0000000783000000, 0x0000000783100000|  0%| F|  |TAMS 0x0000000783000000, 0x0000000783000000| Untracked 
|  49|0x0000000783100000, 0x0000000783100000, 0x0000000783200000|  0%| F|  |TAMS 0x0000000783100000, 0x0000000783100000| Untracked 
|  50|0x0000000783200000, 0x0000000783200000, 0x0000000783300000|  0%| F|  |TAMS 0x0000000783200000, 0x0000000783200000| Untracked 
|  51|0x0000000783300000, 0x0000000783300000, 0x0000000783400000|  0%| F|  |TAMS 0x0000000783300000, 0x0000000783300000| Untracked 
|  52|0x0000000783400000, 0x0000000783400000, 0x0000000783500000|  0%| F|  |TAMS 0x0000000783400000, 0x0000000783400000| Untracked 
|  53|0x0000000783500000, 0x0000000783500000, 0x0000000783600000|  0%| F|  |TAMS 0x0000000783500000, 0x0000000783500000| Untracked 
|  54|0x0000000783600000, 0x0000000783600000, 0x0000000783700000|  0%| F|  |TAMS 0x0000000783600000, 0x0000000783600000| Untracked 
|  55|0x0000000783700000, 0x0000000783700000, 0x0000000783800000|  0%| F|  |TAMS 0x0000000783700000, 0x0000000783700000| Untracked 
|  56|0x0000000783800000, 0x0000000783800000, 0x0000000783900000|  0%| F|  |TAMS 0x0000000783800000, 0x0000000783800000| Untracked 
|  57|0x0000000783900000, 0x0000000783900000, 0x0000000783a00000|  0%| F|  |TAMS 0x0000000783900000, 0x0000000783900000| Untracked 
|  58|0x0000000783a00000, 0x0000000783a00000, 0x0000000783b00000|  0%| F|  |TAMS 0x0000000783a00000, 0x0000000783a00000| Untracked 
|  59|0x0000000783b00000, 0x0000000783b00000, 0x0000000783c00000|  0%| F|  |TAMS 0x0000000783b00000, 0x0000000783b00000| Untracked 
|  60|0x0000000783c00000, 0x0000000783c00000, 0x0000000783d00000|  0%| F|  |TAMS 0x0000000783c00000, 0x0000000783c00000| Untracked 
|  61|0x0000000783d00000, 0x0000000783d00000, 0x0000000783e00000|  0%| F|  |TAMS 0x0000000783d00000, 0x0000000783d00000| Untracked 
|  62|0x0000000783e00000, 0x0000000783e00000, 0x0000000783f00000|  0%| F|  |TAMS 0x0000000783e00000, 0x0000000783e00000| Untracked 
|  63|0x0000000783f00000, 0x0000000783f00000, 0x0000000784000000|  0%| F|  |TAMS 0x0000000783f00000, 0x0000000783f00000| Untracked 
|  64|0x0000000784000000, 0x0000000784000000, 0x0000000784100000|  0%| F|  |TAMS 0x0000000784000000, 0x0000000784000000| Untracked 
|  65|0x0000000784100000, 0x0000000784100000, 0x0000000784200000|  0%| F|  |TAMS 0x0000000784100000, 0x0000000784100000| Untracked 
|  66|0x0000000784200000, 0x0000000784200000, 0x0000000784300000|  0%| F|  |TAMS 0x0000000784200000, 0x0000000784200000| Untracked 
|  67|0x0000000784300000, 0x0000000784300000, 0x0000000784400000|  0%| F|  |TAMS 0x0000000784300000, 0x0000000784300000| Untracked 
|  68|0x0000000784400000, 0x0000000784400000, 0x0000000784500000|  0%| F|  |TAMS 0x0000000784400000, 0x0000000784400000| Untracked 
|  69|0x0000000784500000, 0x0000000784500000, 0x0000000784600000|  0%| F|  |TAMS 0x0000000784500000, 0x0000000784500000| Untracked 
|  70|0x0000000784600000, 0x0000000784600000, 0x0000000784700000|  0%| F|  |TAMS 0x0000000784600000, 0x0000000784600000| Untracked 
|  71|0x0000000784700000, 0x0000000784700000, 0x0000000784800000|  0%| F|  |TAMS 0x0000000784700000, 0x0000000784700000| Untracked 
|  72|0x0000000784800000, 0x0000000784800000, 0x0000000784900000|  0%| F|  |TAMS 0x0000000784800000, 0x0000000784800000| Untracked 
|  73|0x0000000784900000, 0x0000000784900000, 0x0000000784a00000|  0%| F|  |TAMS 0x0000000784900000, 0x0000000784900000| Untracked 
|  74|0x0000000784a00000, 0x0000000784a00000, 0x0000000784b00000|  0%| F|  |TAMS 0x0000000784a00000, 0x0000000784a00000| Untracked 
|  75|0x0000000784b00000, 0x0000000784b00000, 0x0000000784c00000|  0%| F|  |TAMS 0x0000000784b00000, 0x0000000784b00000| Untracked 
|  76|0x0000000784c00000, 0x0000000784c00000, 0x0000000784d00000|  0%| F|  |TAMS 0x0000000784c00000, 0x0000000784c00000| Untracked 
|  77|0x0000000784d00000, 0x0000000784d00000, 0x0000000784e00000|  0%| F|  |TAMS 0x0000000784d00000, 0x0000000784d00000| Untracked 
|  78|0x0000000784e00000, 0x0000000784e00000, 0x0000000784f00000|  0%| F|  |TAMS 0x0000000784e00000, 0x0000000784e00000| Untracked 
|  79|0x0000000784f00000, 0x0000000784f00000, 0x0000000785000000|  0%| F|  |TAMS 0x0000000784f00000, 0x0000000784f00000| Untracked 
|  80|0x0000000785000000, 0x0000000785000000, 0x0000000785100000|  0%| F|  |TAMS 0x0000000785000000, 0x0000000785000000| Untracked 
|  81|0x0000000785100000, 0x0000000785100000, 0x0000000785200000|  0%| F|  |TAMS 0x0000000785100000, 0x0000000785100000| Untracked 
|  82|0x0000000785200000, 0x0000000785200000, 0x0000000785300000|  0%| F|  |TAMS 0x0000000785200000, 0x0000000785200000| Untracked 
|  83|0x0000000785300000, 0x0000000785300000, 0x0000000785400000|  0%| F|  |TAMS 0x0000000785300000, 0x0000000785300000| Untracked 
|  84|0x0000000785400000, 0x0000000785400000, 0x0000000785500000|  0%| F|  |TAMS 0x0000000785400000, 0x0000000785400000| Untracked 
|  85|0x0000000785500000, 0x0000000785500000, 0x0000000785600000|  0%| F|  |TAMS 0x0000000785500000, 0x0000000785500000| Untracked 
|  86|0x0000000785600000, 0x0000000785600000, 0x0000000785700000|  0%| F|  |TAMS 0x0000000785600000, 0x0000000785600000| Untracked 
|  87|0x0000000785700000, 0x0000000785700000, 0x0000000785800000|  0%| F|  |TAMS 0x0000000785700000, 0x0000000785700000| Untracked 
|  88|0x0000000785800000, 0x0000000785800000, 0x0000000785900000|  0%| F|  |TAMS 0x0000000785800000, 0x0000000785800000| Untracked 
|  89|0x0000000785900000, 0x0000000785900000, 0x0000000785a00000|  0%| F|  |TAMS 0x0000000785900000, 0x0000000785900000| Untracked 
|  90|0x0000000785a00000, 0x0000000785a00000, 0x0000000785b00000|  0%| F|  |TAMS 0x0000000785a00000, 0x0000000785a00000| Untracked 
|  91|0x0000000785b00000, 0x0000000785b00000, 0x0000000785c00000|  0%| F|  |TAMS 0x0000000785b00000, 0x0000000785b00000| Untracked 
|  92|0x0000000785c00000, 0x0000000785c00000, 0x0000000785d00000|  0%| F|  |TAMS 0x0000000785c00000, 0x0000000785c00000| Untracked 
|  93|0x0000000785d00000, 0x0000000785d00000, 0x0000000785e00000|  0%| F|  |TAMS 0x0000000785d00000, 0x0000000785d00000| Untracked 
|  94|0x0000000785e00000, 0x0000000785e00000, 0x0000000785f00000|  0%| F|  |TAMS 0x0000000785e00000, 0x0000000785e00000| Untracked 
|  95|0x0000000785f00000, 0x0000000785f00000, 0x0000000786000000|  0%| F|  |TAMS 0x0000000785f00000, 0x0000000785f00000| Untracked 
|  96|0x0000000786000000, 0x0000000786000000, 0x0000000786100000|  0%| F|  |TAMS 0x0000000786000000, 0x0000000786000000| Untracked 
|  97|0x0000000786100000, 0x0000000786100000, 0x0000000786200000|  0%| F|  |TAMS 0x0000000786100000, 0x0000000786100000| Untracked 
|  98|0x0000000786200000, 0x0000000786200000, 0x0000000786300000|  0%| F|  |TAMS 0x0000000786200000, 0x0000000786200000| Untracked 
|  99|0x0000000786300000, 0x0000000786300000, 0x0000000786400000|  0%| F|  |TAMS 0x0000000786300000, 0x0000000786300000| Untracked 
| 100|0x0000000786400000, 0x0000000786400000, 0x0000000786500000|  0%| F|  |TAMS 0x0000000786400000, 0x0000000786400000| Untracked 
| 101|0x0000000786500000, 0x0000000786500000, 0x0000000786600000|  0%| F|  |TAMS 0x0000000786500000, 0x0000000786500000| Untracked 
| 102|0x0000000786600000, 0x0000000786600000, 0x0000000786700000|  0%| F|  |TAMS 0x0000000786600000, 0x0000000786600000| Untracked 
| 103|0x0000000786700000, 0x0000000786700000, 0x0000000786800000|  0%| F|  |TAMS 0x0000000786700000, 0x0000000786700000| Untracked 
| 104|0x0000000786800000, 0x0000000786800000, 0x0000000786900000|  0%| F|  |TAMS 0x0000000786800000, 0x0000000786800000| Untracked 
| 105|0x0000000786900000, 0x0000000786900000, 0x0000000786a00000|  0%| F|  |TAMS 0x0000000786900000, 0x0000000786900000| Untracked 
| 106|0x0000000786a00000, 0x0000000786a00000, 0x0000000786b00000|  0%| F|  |TAMS 0x0000000786a00000, 0x0000000786a00000| Untracked 
| 107|0x0000000786b00000, 0x0000000786b00000, 0x0000000786c00000|  0%| F|  |TAMS 0x0000000786b00000, 0x0000000786b00000| Untracked 
| 108|0x0000000786c00000, 0x0000000786c00000, 0x0000000786d00000|  0%| F|  |TAMS 0x0000000786c00000, 0x0000000786c00000| Untracked 
| 109|0x0000000786d00000, 0x0000000786d00000, 0x0000000786e00000|  0%| F|  |TAMS 0x0000000786d00000, 0x0000000786d00000| Untracked 
| 110|0x0000000786e00000, 0x0000000786e00000, 0x0000000786f00000|  0%| F|  |TAMS 0x0000000786e00000, 0x0000000786e00000| Untracked 
| 111|0x0000000786f00000, 0x0000000786f00000, 0x0000000787000000|  0%| F|  |TAMS 0x0000000786f00000, 0x0000000786f00000| Untracked 
| 112|0x0000000787000000, 0x0000000787000000, 0x0000000787100000|  0%| F|  |TAMS 0x0000000787000000, 0x0000000787000000| Untracked 
| 113|0x0000000787100000, 0x0000000787100000, 0x0000000787200000|  0%| F|  |TAMS 0x0000000787100000, 0x0000000787100000| Untracked 
| 114|0x0000000787200000, 0x0000000787200000, 0x0000000787300000|  0%| F|  |TAMS 0x0000000787200000, 0x0000000787200000| Untracked 
| 115|0x0000000787300000, 0x0000000787300000, 0x0000000787400000|  0%| F|  |TAMS 0x0000000787300000, 0x0000000787300000| Untracked 
| 116|0x0000000787400000, 0x0000000787400000, 0x0000000787500000|  0%| F|  |TAMS 0x0000000787400000, 0x0000000787400000| Untracked 
| 117|0x0000000787500000, 0x0000000787500000, 0x0000000787600000|  0%| F|  |TAMS 0x0000000787500000, 0x0000000787500000| Untracked 
| 118|0x0000000787600000, 0x0000000787600000, 0x0000000787700000|  0%| F|  |TAMS 0x0000000787600000, 0x0000000787600000| Untracked 
| 119|0x0000000787700000, 0x0000000787700000, 0x0000000787800000|  0%| F|  |TAMS 0x0000000787700000, 0x0000000787700000| Untracked 
| 120|0x0000000787800000, 0x000000078787fb00, 0x0000000787900000| 49%| E|  |TAMS 0x0000000787800000, 0x0000000787800000| Complete 
| 121|0x0000000787900000, 0x0000000787a00000, 0x0000000787a00000|100%| E|CS|TAMS 0x0000000787900000, 0x0000000787900000| Complete 
| 122|0x0000000787a00000, 0x0000000787b00000, 0x0000000787b00000|100%| E|CS|TAMS 0x0000000787a00000, 0x0000000787a00000| Complete 
| 123|0x0000000787b00000, 0x0000000787c00000, 0x0000000787c00000|100%| E|CS|TAMS 0x0000000787b00000, 0x0000000787b00000| Complete 
| 124|0x0000000787c00000, 0x0000000787d00000, 0x0000000787d00000|100%| E|CS|TAMS 0x0000000787c00000, 0x0000000787c00000| Complete 
| 125|0x0000000787d00000, 0x0000000787e00000, 0x0000000787e00000|100%| E|  |TAMS 0x0000000787d00000, 0x0000000787d00000| Complete 
| 126|0x0000000787e00000, 0x0000000787f00000, 0x0000000787f00000|100%| E|CS|TAMS 0x0000000787e00000, 0x0000000787e00000| Complete 
| 127|0x0000000787f00000, 0x0000000788000000, 0x0000000788000000|100%| E|CS|TAMS 0x0000000787f00000, 0x0000000787f00000| Complete 

Card table byte_map: [0x00000001012f8000,0x00000001016f8000] _byte_map_base: 0x00000000fd6f8000

Marking Bits (Prev, Next): (CMBitMap*) 0x0000000144836410, (CMBitMap*) 0x0000000144836450
 Prev Bits: [0x0000000119694000, 0x000000011b694000)
 Next Bits: [0x000000011b694000, 0x000000011d694000)

Polling page: 0x0000000100c50000

Metaspace:

Usage:
  Non-class:      8.62 MB used.
      Class:    748.64 KB used.
       Both:      9.35 MB used.

Virtual space:
  Non-class space:       16.00 MB reserved,       8.69 MB ( 54%) committed,  2 nodes.
      Class space:        1.00 GB reserved,     832.00 KB ( <1%) committed,  1 nodes.
             Both:        1.02 GB reserved,       9.50 MB ( <1%) committed. 

Chunk freelists:
   Non-Class:  3.34 MB
       Class:  3.16 MB
        Both:  6.51 MB

MaxMetaspaceSize: unlimited
CompressedClassSpaceSize: 1.00 GB
Initial GC threshold: 21.00 MB
Current GC threshold: 21.00 MB
CDS: off
MetaspaceReclaimPolicy: balanced
 - commit_granule_bytes: 65536.
 - commit_granule_words: 8192.
 - virtual_space_node_default_size: 1048576.
 - enlarge_chunks_in_place: 1.
 - new_chunks_are_fully_committed: 0.
 - uncommit_free_chunks: 1.
 - use_allocation_guard: 0.
 - handle_deallocations: 1.


Internal statistics:

num_allocs_failed_limit: 0.
num_arena_births: 66.
num_arena_deaths: 0.
num_vsnodes_births: 3.
num_vsnodes_deaths: 0.
num_space_committed: 150.
num_space_uncommitted: 0.
num_chunks_returned_to_freelist: 0.
num_chunks_taken_from_freelist: 163.
num_chunk_merges: 0.
num_chunk_splits: 94.
num_chunks_enlarged: 63.
num_purges: 0.
num_inconsistent_stats: 0.

CodeHeap 'non-profiled nmethods': size=120032Kb used=155Kb max_used=155Kb free=119876Kb
 bounds [0x000000011215c000, 0x00000001123cc000, 0x0000000119694000]
CodeHeap 'profiled nmethods': size=120016Kb used=916Kb max_used=916Kb free=119099Kb
 bounds [0x000000010ac28000, 0x000000010ae98000, 0x000000011215c000]
CodeHeap 'non-nmethods': size=5712Kb used=1492Kb max_used=1502Kb free=4220Kb
 bounds [0x000000010a694000, 0x000000010a904000, 0x000000010ac28000]
 total_blobs=1498 nmethods=565 adapters=850
 compilation: enabled
              stopped_count=0, restarted_count=0
 full_count=0

Compilation events (20 events):
Event: 0.365 Thread 0x00000001448d3c00  554       3       java.util.HashMap::containsKey (14 bytes)
Event: 0.365 Thread 0x00000001448d3c00 nmethod 554 0x000000010ad0a490 code [0x000000010ad0a640, 0x000000010ad0a818]
Event: 0.365 Thread 0x00000001448d3c00  555       3       org.lwjgl.PointerBuffer::get (22 bytes)
Event: 0.365 Thread 0x00000001448d3c00 nmethod 555 0x000000010ad0a910 code [0x000000010ad0ab40, 0x000000010ad0b0d8]
Event: 0.366 Thread 0x00000001448d3c00  557       3       java.util.HashSet::contains (9 bytes)
Event: 0.366 Thread 0x00000001448d3c00 nmethod 557 0x000000010ad0b390 code [0x000000010ad0b540, 0x000000010ad0b818]
Event: 0.366 Thread 0x00000001448d3600  558       4       org.lwjgl.system.MemoryUtil::encodeASCIIUnsafe (53 bytes)
Event: 0.368 Thread 0x00000001448d3600 nmethod 558 0x0000000112181710 code [0x00000001121818c0, 0x0000000112181af0]
Event: 0.376 Thread 0x00000001448d3c00  559       1       org.lwjgl.system.CustomBuffer::limit (5 bytes)
Event: 0.376 Thread 0x00000001448d3c00 nmethod 559 0x0000000112181c90 code [0x0000000112181e00, 0x0000000112181ee8]
Event: 0.511 Thread 0x00000001448d3c00  562       3       org.lwjgl.glfw.GLFW::glfwWindowShouldClose (29 bytes)
Event: 0.511 Thread 0x00000001448d3c00 nmethod 562 0x000000010ad0b910 code [0x000000010ad0bb00, 0x000000010ad0be08]
Event: 0.511 Thread 0x00000001448d3c00  564       3       org.lwjgl.opengl.GL11::glClear (5 bytes)
Event: 0.511 Thread 0x00000001448d3c00 nmethod 564 0x000000010ad0bf90 code [0x000000010ad0c140, 0x000000010ad0c298]
Event: 0.511 Thread 0x00000001448d3c00  565       3       org.lwjgl.glfw.GLFW::glfwPollEvents (9 bytes)
Event: 0.511 Thread 0x00000001448d3c00 nmethod 565 0x000000010ad0c390 code [0x000000010ad0c540, 0x000000010ad0c698]
Event: 1.684 Thread 0x00000001448d3c00  567       3       de.novi.Main::draw (1 bytes)
Event: 1.684 Thread 0x00000001448d3c00 nmethod 567 0x000000010ad0c790 code [0x000000010ad0c940, 0x000000010ad0ca68]
Event: 1.684 Thread 0x00000001448d3c00  568       3       org.lwjgl.glfw.GLFW::glfwSwapBuffers (21 bytes)
Event: 1.684 Thread 0x00000001448d3c00 nmethod 568 0x000000010ad0cb10 code [0x000000010ad0cd00, 0x000000010ad0cfc8]

GC Heap History (0 events):
No events

Deoptimization events (8 events):
Event: 0.065 Thread 0x000000014500ba00 DEOPT PACKING pc=0x000000010ac3fe7c sp=0x000000016f2bb1d0
Event: 0.065 Thread 0x000000014500ba00 DEOPT UNPACKING pc=0x000000010a6d2b7c sp=0x000000016f2bae60 mode 0
Event: 0.129 Thread 0x000000014500ba00 DEOPT PACKING pc=0x000000010ac3ec04 sp=0x000000016f2b7bb0
Event: 0.129 Thread 0x000000014500ba00 DEOPT UNPACKING pc=0x000000010a6d2b7c sp=0x000000016f2b77e0 mode 0
Event: 0.334 Thread 0x000000014500ba00 DEOPT PACKING pc=0x000000010ac2eb64 sp=0x000000016f2ba100
Event: 0.334 Thread 0x000000014500ba00 DEOPT UNPACKING pc=0x000000010a6d2b7c sp=0x000000016f2b9d90 mode 0
Event: 0.346 Thread 0x000000014500ba00 DEOPT PACKING pc=0x000000010aca42f4 sp=0x000000016f2bba50
Event: 0.346 Thread 0x000000014500ba00 DEOPT UNPACKING pc=0x000000010a6d2b7c sp=0x000000016f2bb710 mode 3

Classes unloaded (0 events):
No events

Classes redefined (0 events):
No events

Internal exceptions (16 events):
Event: 0.080 Thread 0x000000014500ba00 Exception <a 'java/lang/NoSuchMethodError'{0x0000000787d235e8}: 'java.lang.Object java.lang.invoke.DirectMethodHandle$Holder.invokeStaticInit(java.lang.Object)'> (0x0000000787d235e8) 
thrown [../../src/hotspot/share/interpreter/linkResolver.cpp, line 766]
Event: 0.087 Thread 0x000000014500ba00 Exception <a 'java/lang/NoSuchMethodError'{0x0000000787d70418}: 'void java.lang.invoke.DirectMethodHandle$Holder.invokeStatic(java.lang.Object, java.lang.Object)'> (0x0000000787d70418) 
thrown [../../src/hotspot/share/interpreter/linkResolver.cpp, line 766]
Event: 0.088 Thread 0x000000014500ba00 Exception <a 'java/lang/NoSuchMethodError'{0x0000000787d75c60}: 'void java.lang.invoke.DirectMethodHandle$Holder.invokeSpecial(java.lang.Object, java.lang.Object, java.lang.Object)'> (0x0000000787d75c60) 
thrown [../../src/hotspot/share/interpreter/linkResolver.cpp, line 766]
Event: 0.089 Thread 0x000000014500ba00 Exception <a 'java/lang/NoSuchMethodError'{0x0000000787d88fc0}: 'java.lang.Object java.lang.invoke.DirectMethodHandle$Holder.invokeStatic(java.lang.Object, java.lang.Object, int)'> (0x0000000787d88fc0) 
thrown [../../src/hotspot/share/interpreter/linkResolver.cpp, line 766]
Event: 0.090 Thread 0x000000014500ba00 Exception <a 'java/lang/NoSuchMethodError'{0x0000000787d95220}: 'void java.lang.invoke.DelegatingMethodHandle$Holder.delegate(java.lang.Object, java.lang.Object, int, java.lang.Object)'> (0x0000000787d95220) 
thrown [../../src/hotspot/share/interpreter/linkResolver.cpp, line 766]
Event: 0.090 Thread 0x000000014500ba00 Exception <a 'java/lang/NoSuchMethodError'{0x0000000787d99460}: 'int java.lang.invoke.DirectMethodHandle$Holder.invokeSpecial(java.lang.Object, java.lang.Object, java.lang.Object)'> (0x0000000787d99460) 
thrown [../../src/hotspot/share/interpreter/linkResolver.cpp, line 766]
Event: 0.108 Thread 0x000000014500ba00 Exception <a 'sun/nio/fs/UnixException'{0x0000000787cab5c0}> (0x0000000787cab5c0) 
thrown [../../src/hotspot/share/prims/jni.cpp, line 516]
Event: 0.117 Thread 0x000000014500ba00 Exception <a 'java/lang/NoSuchMethodError'{0x0000000787b4c218}: 'int java.lang.invoke.DirectMethodHandle$Holder.invokeStaticInit(java.lang.Object, java.lang.Object, int, long)'> (0x0000000787b4c218) 
thrown [../../src/hotspot/share/interpreter/linkResolver.cpp, line 766]
Event: 0.118 Thread 0x000000014500ba00 Exception <a 'java/lang/NoSuchMethodError'{0x0000000787b51ae0}: 'java.lang.Object java.lang.invoke.DirectMethodHandle$Holder.newInvokeSpecial(java.lang.Object, java.lang.Object, int)'> (0x0000000787b51ae0) 
thrown [../../src/hotspot/share/interpreter/linkResolver.cpp, line 766]
Event: 0.119 Thread 0x000000014500ba00 Exception <a 'java/lang/NoSuchMethodError'{0x0000000787b60750}: 'int java.lang.invoke.DirectMethodHandle$Holder.invokeStaticInit(java.lang.Object, java.lang.Object, long, long)'> (0x0000000787b60750) 
thrown [../../src/hotspot/share/interpreter/linkResolver.cpp, line 766]
Event: 0.119 Thread 0x000000014500ba00 Exception <a 'java/lang/NoSuchMethodError'{0x0000000787b66860}: 'java.lang.Object java.lang.invoke.DirectMethodHandle$Holder.newInvokeSpecial(java.lang.Object, java.lang.Object, long)'> (0x0000000787b66860) 
thrown [../../src/hotspot/share/interpreter/linkResolver.cpp, line 766]
Event: 0.119 Thread 0x000000014500ba00 Exception <a 'java/lang/NoSuchMethodError'{0x0000000787b6a8a8}: 'java.lang.Object java.lang.invoke.Invokers$Holder.linkToTargetMethod(java.lang.Object, long, java.lang.Object)'> (0x0000000787b6a8a8) 
thrown [../../src/hotspot/share/interpreter/linkResolver.cpp, line 766]
Event: 0.119 Thread 0x000000014500ba00 Exception <a 'java/lang/NoSuchMethodError'{0x0000000787b71fc0}: 'int java.lang.invoke.DirectMethodHandle$Holder.invokeStaticInit(java.lang.Object, java.lang.Object, java.lang.Object, long)'> (0x0000000787b71fc0) 
thrown [../../src/hotspot/share/interpreter/linkResolver.cpp, line 766]
Event: 0.128 Thread 0x000000014500ba00 Exception <a 'sun/nio/fs/UnixException'{0x0000000787a15a18}> (0x0000000787a15a18) 
thrown [../../src/hotspot/share/prims/jni.cpp, line 516]
Event: 0.139 Thread 0x000000014500ba00 Exception <a 'sun/nio/fs/UnixException'{0x0000000787a75448}> (0x0000000787a75448) 
thrown [../../src/hotspot/share/prims/jni.cpp, line 516]
Event: 0.332 Thread 0x000000014500ba00 Exception <a 'sun/nio/fs/UnixException'{0x0000000787adc1e0}> (0x0000000787adc1e0) 
thrown [../../src/hotspot/share/prims/jni.cpp, line 516]

VM Operations (8 events):
Event: 0.061 Executing VM operation: HandshakeAllThreads
Event: 0.061 Executing VM operation: HandshakeAllThreads done
Event: 0.105 Executing VM operation: HandshakeAllThreads
Event: 0.105 Executing VM operation: HandshakeAllThreads done
Event: 0.108 Executing VM operation: HandshakeAllThreads
Event: 0.108 Executing VM operation: HandshakeAllThreads done
Event: 1.113 Executing VM operation: Cleanup
Event: 1.113 Executing VM operation: Cleanup done

Events (20 events):
Event: 0.346 loading class java/util/stream/FindOps$FindSink done
Event: 0.346 loading class java/util/stream/FindOps$FindSink$OfInt done
Event: 0.346 loading class java/util/stream/FindOps$FindOp
Event: 0.346 loading class java/util/stream/TerminalOp
Event: 0.346 loading class java/util/stream/TerminalOp done
Event: 0.346 loading class java/util/stream/FindOps$FindOp done
Event: 0.346 loading class java/util/OptionalInt
Event: 0.346 loading class java/util/OptionalInt done
Event: 0.346 loading class java/util/function/Predicate
Event: 0.346 loading class java/util/function/Predicate done
Event: 0.346 loading class java/util/stream/IntPipeline$10$1
Event: 0.346 loading class java/util/stream/Sink$ChainedInt
Event: 0.346 loading class java/util/stream/Sink$ChainedInt done
Event: 0.346 loading class java/util/stream/IntPipeline$10$1 done
Event: 0.346 loading class java/lang/StringUTF16$CharsSpliterator
Event: 0.346 loading class java/lang/StringUTF16$CharsSpliterator done
Event: 0.347 loading class java/lang/CharacterData00
Event: 0.347 loading class java/lang/CharacterData00 done
Event: 0.362 loading class java/util/function/IntFunction
Event: 0.362 loading class java/util/function/IntFunction done


Dynamic libraries:
0x0000000100bfc000 	/Users/vn/.sdkman/candidates/java/17.0.1-tem/lib/libjli.dylib
0x000000019a00d000 	/usr/lib/libz.1.dylib
0x000000019a0c2000 	/usr/lib/libSystem.B.dylib
0x000000019a0bc000 	/usr/lib/system/libcache.dylib
0x000000019a079000 	/usr/lib/system/libcommonCrypto.dylib
0x000000019a0a3000 	/usr/lib/system/libcompiler_rt.dylib
0x000000019a099000 	/usr/lib/system/libcopyfile.dylib
0x000000018e8de000 	/usr/lib/system/libcorecrypto.dylib
0x000000018e995000 	/usr/lib/system/libdispatch.dylib
0x000000018eb25000 	/usr/lib/system/libdyld.dylib
0x000000019a0b2000 	/usr/lib/system/libkeymgr.dylib
0x000000019a057000 	/usr/lib/system/libmacho.dylib
0x000000019976b000 	/usr/lib/system/libquarantine.dylib
0x000000019a0af000 	/usr/lib/system/libremovefile.dylib
0x0000000193767000 	/usr/lib/system/libsystem_asl.dylib
0x000000018e87c000 	/usr/lib/system/libsystem_blocks.dylib
0x000000018e9df000 	/usr/lib/system/libsystem_c.dylib
0x000000019a0a7000 	/usr/lib/system/libsystem_collections.dylib
0x0000000198cb2000 	/usr/lib/system/libsystem_configuration.dylib
0x0000000197c90000 	/usr/lib/system/libsystem_containermanager.dylib
0x0000000199d7d000 	/usr/lib/system/libsystem_coreservices.dylib
0x0000000191922000 	/usr/lib/system/libsystem_darwin.dylib
0x000000019a0b3000 	/usr/lib/system/libsystem_dnssd.dylib
0x000000018e9dc000 	/usr/lib/system/libsystem_featureflags.dylib
0x000000018eb51000 	/usr/lib/system/libsystem_info.dylib
0x000000019a01f000 	/usr/lib/system/libsystem_m.dylib
0x000000018e969000 	/usr/lib/system/libsystem_malloc.dylib
0x00000001936e9000 	/usr/lib/system/libsystem_networkextension.dylib
0x0000000191d87000 	/usr/lib/system/libsystem_notify.dylib
0x0000000198cb7000 	/usr/lib/system/libsystem_sandbox.dylib
0x000000019a0ac000 	/usr/lib/system/libsystem_secinit.dylib
0x000000018eadf000 	/usr/lib/system/libsystem_kernel.dylib
0x000000018eb49000 	/usr/lib/system/libsystem_platform.dylib
0x000000018eb18000 	/usr/lib/system/libsystem_pthread.dylib
0x0000000194ef5000 	/usr/lib/system/libsystem_symptoms.dylib
0x000000018e8c4000 	/usr/lib/system/libsystem_trace.dylib
0x000000019a086000 	/usr/lib/system/libunwind.dylib
0x000000018e881000 	/usr/lib/system/libxpc.dylib
0x000000018eac7000 	/usr/lib/libc++abi.dylib
0x000000018e838000 	/usr/lib/libobjc.A.dylib
0x000000019a091000 	/usr/lib/liboah.dylib
0x000000018ea60000 	/usr/lib/libc++.1.dylib
0x00000001a6227000 	/System/Library/Frameworks/Cocoa.framework/Versions/A/Cocoa
0x0000000191de7000 	/System/Library/Frameworks/AppKit.framework/Versions/C/AppKit
0x0000000194744000 	/System/Library/Frameworks/CoreData.framework/Versions/A/CoreData
0x000000018fa9c000 	/System/Library/Frameworks/Foundation.framework/Versions/C/Foundation
0x0000000192ce4000 	/System/Library/PrivateFrameworks/UIFoundation.framework/Versions/A/UIFoundation
0x00000001fe53a000 	/System/Library/PrivateFrameworks/CollectionViewCore.framework/Versions/A/CollectionViewCore
0x00000001a076f000 	/System/Library/PrivateFrameworks/RemoteViewServices.framework/Versions/A/RemoteViewServices
0x0000000198579000 	/System/Library/PrivateFrameworks/XCTTargetBootstrap.framework/Versions/A/XCTTargetBootstrap
0x000000019bec7000 	/System/Library/PrivateFrameworks/InternationalSupport.framework/Versions/A/InternationalSupport
0x000000019bf4e000 	/System/Library/PrivateFrameworks/UserActivity.framework/Versions/A/UserActivity
0x000000021468c000 	/System/Library/PrivateFrameworks/WindowManagement.framework/Versions/A/WindowManagement
0x000000018f767000 	/System/Library/Frameworks/SystemConfiguration.framework/Versions/A/SystemConfiguration
0x000000019b380000 	/usr/lib/libspindump.dylib
0x0000000192e84000 	/System/Library/Frameworks/UniformTypeIdentifiers.framework/Versions/A/UniformTypeIdentifiers
0x00000001967ef000 	/usr/lib/libapp_launch_measurement.dylib
0x0000000195cb6000 	/System/Library/PrivateFrameworks/CoreAnalytics.framework/Versions/A/CoreAnalytics
0x00000001967f6000 	/System/Library/PrivateFrameworks/CoreAutoLayout.framework/Versions/A/CoreAutoLayout
0x0000000197ce2000 	/System/Library/Frameworks/Metal.framework/Versions/A/Metal
0x0000000198cc3000 	/usr/lib/liblangid.dylib
0x000000019857f000 	/System/Library/PrivateFrameworks/CoreSVG.framework/Versions/A/CoreSVG
0x000000019379d000 	/System/Library/PrivateFrameworks/SkyLight.framework/Versions/A/SkyLight
0x0000000193b9f000 	/System/Library/Frameworks/CoreGraphics.framework/Versions/A/CoreGraphics
0x00000001a0e32000 	/System/Library/Frameworks/Accelerate.framework/Versions/A/Accelerate
0x000000019adc7000 	/System/Library/PrivateFrameworks/IconServices.framework/Versions/A/IconServices
0x0000000197cc2000 	/System/Library/Frameworks/IOSurface.framework/Versions/A/IOSurface
0x0000000195ce3000 	/usr/lib/libDiagnosticMessagesClient.dylib
0x00000001a40be000 	/System/Library/Frameworks/ApplicationServices.framework/Versions/A/ApplicationServices
0x0000000198561000 	/System/Library/PrivateFrameworks/DFRFoundation.framework/Versions/A/DFRFoundation
0x000000019166c000 	/usr/lib/libicucore.A.dylib
0x000000019d25d000 	/System/Library/Frameworks/AudioToolbox.framework/Versions/A/AudioToolbox
0x000000019bed2000 	/System/Library/PrivateFrameworks/DataDetectorsCore.framework/Versions/A/DataDetectorsCore
0x00000001b2fa4000 	/System/Library/PrivateFrameworks/TextInput.framework/Versions/A/TextInput
0x0000000193704000 	/usr/lib/libMobileGestalt.dylib
0x000000019822d000 	/System/Library/Frameworks/Carbon.framework/Versions/A/Frameworks/HIToolbox.framework/Versions/A/HIToolbox
0x0000000196186000 	/System/Library/Frameworks/QuartzCore.framework/Versions/A/QuartzCore
0x00000001912d8000 	/System/Library/Frameworks/Security.framework/Versions/A/Security
0x00000001a07af000 	/System/Library/Frameworks/Carbon.framework/Versions/A/Frameworks/SpeechRecognition.framework/Versions/A/SpeechRecognition
0x0000000196533000 	/System/Library/PrivateFrameworks/CoreUI.framework/Versions/A/CoreUI
0x0000000190c02000 	/System/Library/Frameworks/CoreAudio.framework/Versions/A/CoreAudio
0x0000000195dc7000 	/System/Library/Frameworks/DiskArbitration.framework/Versions/A/DiskArbitration
0x000000019b7b3000 	/System/Library/PrivateFrameworks/MultitouchSupport.framework/Versions/A/MultitouchSupport
0x0000000193702000 	/usr/lib/libenergytrace.dylib
0x0000000191cab000 	/System/Library/Frameworks/IOKit.framework/Versions/A/IOKit
0x00000001a0b8e000 	/System/Library/Frameworks/CoreServices.framework/Versions/A/CoreServices
0x000000019677c000 	/System/Library/PrivateFrameworks/PerformanceAnalysis.framework/Versions/A/PerformanceAnalysis
0x00000001dc5e2000 	/System/Library/Frameworks/OpenGL.framework/Versions/A/OpenGL
0x0000000196840000 	/usr/lib/libxml2.2.dylib
0x0000000199678000 	/System/Library/PrivateFrameworks/MobileKeyBag.framework/Versions/A/MobileKeyBag
0x00000001941e4000 	/System/Library/Frameworks/ColorSync.framework/Versions/A/ColorSync
0x000000018eb7d000 	/System/Library/Frameworks/CoreFoundation.framework/Versions/A/CoreFoundation
0x00000001988f2000 	/System/Library/Frameworks/CoreImage.framework/Versions/A/CoreImage
0x0000000190a25000 	/System/Library/Frameworks/CoreText.framework/Versions/A/CoreText
0x00000001985b8000 	/System/Library/Frameworks/ImageIO.framework/Versions/A/ImageIO
0x000000019a0c8000 	/System/Library/PrivateFrameworks/SoftLinking.framework/Versions/A/SoftLinking
0x000000019a35b000 	/usr/lib/libcompression.dylib
0x000000019be23000 	/System/Library/PrivateFrameworks/TextureIO.framework/Versions/A/TextureIO
0x000000019aa99000 	/usr/lib/libate.dylib
0x000000019a958000 	/usr/lib/liblzma.5.dylib
0x000000019a0c4000 	/usr/lib/libfakelink.dylib
0x0000000193321000 	/System/Library/Frameworks/CFNetwork.framework/Versions/A/CFNetwork
0x000000019a203000 	/usr/lib/libarchive.2.dylib
0x000000019eb0d000 	/System/Library/Frameworks/Combine.framework/Versions/A/Combine
0x000000019cc42000 	/usr/lib/swift/libswiftCore.dylib
0x00000001b0143000 	/usr/lib/swift/libswiftCoreFoundation.dylib
0x00000001ae0ef000 	/usr/lib/swift/libswiftDarwin.dylib
0x00000001a208c000 	/usr/lib/swift/libswiftDispatch.dylib
0x00000001b0163000 	/usr/lib/swift/libswiftIOKit.dylib
0x00000001a44d2000 	/usr/lib/swift/libswiftObjectiveC.dylib
0x00000001b0157000 	/usr/lib/swift/libswiftXPC.dylib
0x000000021aab8000 	/usr/lib/swift/libswift_Concurrency.dylib
0x000000021abe0000 	/usr/lib/swift/libswift_StringProcessing.dylib
0x00000001a44d6000 	/usr/lib/swift/libswiftos.dylib
0x0000000191c31000 	/System/Library/PrivateFrameworks/CoreServicesInternal.framework/Versions/A/CoreServicesInternal
0x0000000199796000 	/usr/lib/libbsm.0.dylib
0x000000019a05d000 	/usr/lib/system/libkxld.dylib
0x00000001967b8000 	/System/Library/Frameworks/CoreServices.framework/Versions/A/Frameworks/FSEvents.framework/Versions/A/FSEvents
0x000000019192d000 	/System/Library/Frameworks/CoreServices.framework/Versions/A/Frameworks/CarbonCore.framework/Versions/A/CarbonCore
0x0000000195d23000 	/System/Library/Frameworks/CoreServices.framework/Versions/A/Frameworks/Metadata.framework/Versions/A/Metadata
0x0000000199d83000 	/System/Library/Frameworks/CoreServices.framework/Versions/A/Frameworks/OSServices.framework/Versions/A/OSServices
0x000000019a28a000 	/System/Library/Frameworks/CoreServices.framework/Versions/A/Frameworks/SearchKit.framework/Versions/A/SearchKit
0x0000000194e7a000 	/System/Library/Frameworks/CoreServices.framework/Versions/A/Frameworks/AE.framework/Versions/A/AE
0x000000018f050000 	/System/Library/Frameworks/CoreServices.framework/Versions/A/Frameworks/LaunchServices.framework/Versions/A/LaunchServices
0x000000019a901000 	/System/Library/Frameworks/CoreServices.framework/Versions/A/Frameworks/DictionaryServices.framework/Versions/A/DictionaryServices
0x00000001967c5000 	/System/Library/Frameworks/CoreServices.framework/Versions/A/Frameworks/SharedFileList.framework/Versions/A/SharedFileList
0x000000019a329000 	/usr/lib/libapple_nghttp2.dylib
0x000000019331d000 	/usr/lib/libnetwork.dylib
0x0000000194b0a000 	/usr/lib/libsqlite3.dylib
0x0000000194efe000 	/System/Library/Frameworks/Network.framework/Versions/A/Network
0x0000000219bb1000 	/usr/lib/libCoreEntitlements.dylib
0x00000002076f9000 	/System/Library/PrivateFrameworks/MessageSecurity.framework/Versions/A/MessageSecurity
0x0000000199d5f000 	/System/Library/PrivateFrameworks/AppleFSCompression.framework/Versions/A/AppleFSCompression
0x000000019977e000 	/usr/lib/libcoretls.dylib
0x000000019a971000 	/usr/lib/libcoretls_cfhelpers.dylib
0x000000019a356000 	/usr/lib/libpam.2.dylib
0x000000019a9d7000 	/usr/lib/libxar.1.dylib
0x000000019ada2000 	/usr/lib/libheimdal-asn1.dylib
0x0000000198cbf000 	/System/Library/PrivateFrameworks/AppleSystemInfo.framework/Versions/A/AppleSystemInfo
0x000000019947a000 	/System/Library/PrivateFrameworks/IOMobileFramebuffer.framework/Versions/A/IOMobileFramebuffer
0x000000019a0c9000 	/usr/lib/libpcap.A.dylib
0x0000000194eeb000 	/usr/lib/libdns_services.dylib
0x0000000194af0000 	/System/Library/PrivateFrameworks/ProtocolBuffer.framework/Versions/A/ProtocolBuffer
0x0000000199d70000 	/usr/lib/libbz2.1.0.dylib
0x000000019976e000 	/usr/lib/libCheckFix.dylib
0x000000019377f000 	/System/Library/PrivateFrameworks/TCC.framework/Versions/A/TCC
0x0000000198cc5000 	/System/Library/PrivateFrameworks/CoreNLP.framework/Versions/A/CoreNLP
0x000000018f825000 	/usr/lib/libmecabra.dylib
0x0000000195ce5000 	/System/Library/PrivateFrameworks/MetadataUtilities.framework/Versions/A/MetadataUtilities
0x00000001997a7000 	/usr/lib/libmecab.dylib
0x000000018f7f1000 	/usr/lib/libCRFSuite.dylib
0x0000000199804000 	/usr/lib/libgermantok.dylib
0x000000019a302000 	/usr/lib/libThaiTokenizer.dylib
0x0000000195dd0000 	/System/Library/Frameworks/Accelerate.framework/Versions/A/Frameworks/vImage.framework/Versions/A/vImage
0x00000001a0b65000 	/System/Library/Frameworks/Accelerate.framework/Versions/A/Frameworks/vecLib.framework/Versions/A/vecLib
0x000000019aa1d000 	/System/Library/Frameworks/Accelerate.framework/Versions/A/Frameworks/vecLib.framework/Versions/A/libvMisc.dylib
0x0000000199379000 	/System/Library/Frameworks/Accelerate.framework/Versions/A/Frameworks/vecLib.framework/Versions/A/libvDSP.dylib
0x000000018f3f8000 	/System/Library/Frameworks/Accelerate.framework/Versions/A/Frameworks/vecLib.framework/Versions/A/libBLAS.dylib
0x000000019a42d000 	/System/Library/Frameworks/Accelerate.framework/Versions/A/Frameworks/vecLib.framework/Versions/A/libLAPACK.dylib
0x0000000199807000 	/System/Library/Frameworks/Accelerate.framework/Versions/A/Frameworks/vecLib.framework/Versions/A/libLinearAlgebra.dylib
0x000000019a341000 	/System/Library/Frameworks/Accelerate.framework/Versions/A/Frameworks/vecLib.framework/Versions/A/libSparseBLAS.dylib
0x000000019a428000 	/System/Library/Frameworks/Accelerate.framework/Versions/A/Frameworks/vecLib.framework/Versions/A/libQuadrature.dylib
0x0000000198dbf000 	/System/Library/Frameworks/Accelerate.framework/Versions/A/Frameworks/vecLib.framework/Versions/A/libBNNS.dylib
0x000000018f700000 	/System/Library/Frameworks/Accelerate.framework/Versions/A/Frameworks/vecLib.framework/Versions/A/libSparse.dylib
0x0000000206a89000 	/System/Library/PrivateFrameworks/MIL.framework/Versions/A/MIL
0x000000019a0fe000 	/usr/lib/libiconv.2.dylib
0x000000019a056000 	/usr/lib/libcharset.1.dylib
0x0000000198db9000 	/System/Library/PrivateFrameworks/LinguisticData.framework/Versions/A/LinguisticData
0x000000018f6b3000 	/System/Library/PrivateFrameworks/Lexicon.framework/Versions/A/Lexicon
0x000000019aa15000 	/usr/lib/libChineseTokenizer.dylib
0x00000001904d3000 	/System/Library/PrivateFrameworks/LanguageModeling.framework/Versions/A/LanguageModeling
0x000000019a304000 	/System/Library/PrivateFrameworks/AppleSauce.framework/Versions/A/AppleSauce
0x000000019a1f1000 	/usr/lib/libcmph.dylib
0x0000000199467000 	/System/Library/PrivateFrameworks/CoreEmoji.framework/Versions/A/CoreEmoji
0x0000000196798000 	/System/Library/Frameworks/OpenDirectory.framework/Versions/A/Frameworks/CFOpenDirectory.framework/Versions/A/CFOpenDirectory
0x0000000196788000 	/System/Library/Frameworks/OpenDirectory.framework/Versions/A/OpenDirectory
0x000000019a973000 	/System/Library/PrivateFrameworks/APFS.framework/Versions/A/APFS
0x00000001996af000 	/System/Library/Frameworks/SecurityFoundation.framework/Versions/A/SecurityFoundation
0x000000019a9e6000 	/usr/lib/libutil.dylib
0x0000000205b92000 	/System/Library/PrivateFrameworks/InstalledContentLibrary.framework/Versions/A/InstalledContentLibrary
0x0000000191c6e000 	/System/Library/PrivateFrameworks/CoreServicesStore.framework/Versions/A/CoreServicesStore
0x00000001fce59000 	/System/Library/PrivateFrameworks/AppleMobileFileIntegrity.framework/Versions/A/AppleMobileFileIntegrity
0x00000001b0122000 	/usr/lib/libmis.dylib
0x00000001bdae4000 	/System/Library/PrivateFrameworks/MobileSystemServices.framework/Versions/A/MobileSystemServices
0x00000001d7991000 	/System/Library/PrivateFrameworks/ConfigProfileHelper.framework/Versions/A/ConfigProfileHelper
0x000000019a9ea000 	/usr/lib/libxslt.1.dylib
0x0000000199741000 	/System/Library/PrivateFrameworks/BackgroundTaskManagement.framework/Versions/A/BackgroundTaskManagement
0x000000021ab56000 	/usr/lib/swift/libswift_RegexParser.dylib
0x000000019b679000 	/System/Library/PrivateFrameworks/AppleJPEG.framework/Versions/A/AppleJPEG
0x000000019ad87000 	/usr/lib/libexpat.1.dylib
0x000000019bc8e000 	/System/Library/Frameworks/ImageIO.framework/Versions/A/Resources/libPng.dylib
0x000000019bcb9000 	/System/Library/Frameworks/ImageIO.framework/Versions/A/Resources/libTIFF.dylib
0x000000019bda1000 	/System/Library/Frameworks/ImageIO.framework/Versions/A/Resources/libGIF.dylib
0x000000019b6be000 	/System/Library/Frameworks/ImageIO.framework/Versions/A/Resources/libJP2.dylib
0x000000019bd45000 	/System/Library/Frameworks/ImageIO.framework/Versions/A/Resources/libJPEG.dylib
0x000000019bd3c000 	/System/Library/Frameworks/ImageIO.framework/Versions/A/Resources/libRadiance.dylib
0x00000001980b7000 	/System/Library/PrivateFrameworks/FontServices.framework/libFontParser.dylib
0x0000000194e1c000 	/System/Library/PrivateFrameworks/RunningBoardServices.framework/Versions/A/RunningBoardServices
0x00000001a693a000 	/System/Library/PrivateFrameworks/IOSurfaceAccelerator.framework/Versions/A/IOSurfaceAccelerator
0x000000019b7af000 	/System/Library/PrivateFrameworks/WatchdogClient.framework/Versions/A/WatchdogClient
0x000000019064a000 	/System/Library/Frameworks/CoreDisplay.framework/Versions/A/CoreDisplay
0x0000000197ed1000 	/System/Library/Frameworks/CoreMedia.framework/Versions/A/CoreMedia
0x0000000197cd8000 	/System/Library/PrivateFrameworks/IOAccelerator.framework/Versions/A/IOAccelerator
0x0000000196929000 	/System/Library/Frameworks/CoreVideo.framework/Versions/A/CoreVideo
0x000000019a354000 	/System/Library/Frameworks/MetalPerformanceShaders.framework/Versions/A/MetalPerformanceShaders
0x000000019b7ee000 	/System/Library/Frameworks/VideoToolbox.framework/Versions/A/VideoToolbox
0x0000000194d62000 	/System/Library/PrivateFrameworks/BaseBoard.framework/Versions/A/BaseBoard
0x000000019bd37000 	/System/Library/PrivateFrameworks/GPUWrangler.framework/Versions/A/GPUWrangler
0x000000019bd17000 	/System/Library/PrivateFrameworks/IOPresentment.framework/Versions/A/IOPresentment
0x000000019bd3f000 	/System/Library/PrivateFrameworks/DSExternalDisplay.framework/Versions/A/DSExternalDisplay
0x00000002024cb000 	/System/Library/PrivateFrameworks/GPUCompiler.framework/Versions/31001/Libraries/libllvm-flatbuffers.dylib
0x00000001dc5d5000 	/System/Library/Frameworks/OpenGL.framework/Versions/A/Libraries/libCoreFSCache.dylib
0x00000002024c7000 	/System/Library/PrivateFrameworks/GPUCompiler.framework/Versions/31001/Libraries/libGPUCompilerUtils.dylib
0x000000019bda7000 	/System/Library/PrivateFrameworks/CMCaptureCore.framework/Versions/A/CMCaptureCore
0x00000001f81e9000 	/System/Library/Frameworks/ExtensionFoundation.framework/Versions/A/ExtensionFoundation
0x00000001a288f000 	/System/Library/PrivateFrameworks/CoreTime.framework/Versions/A/CoreTime
0x000000019b36b000 	/System/Library/PrivateFrameworks/AppServerSupport.framework/Versions/A/AppServerSupport
0x000000019db2e000 	/System/Library/PrivateFrameworks/perfdata.framework/Versions/A/perfdata
0x000000019076a000 	/System/Library/PrivateFrameworks/AudioToolboxCore.framework/Versions/A/AudioToolboxCore
0x0000000197ea7000 	/System/Library/PrivateFrameworks/caulk.framework/Versions/A/caulk
0x000000019d3f9000 	/usr/lib/libAudioStatistics.dylib
0x00000001af589000 	/System/Library/PrivateFrameworks/SystemPolicy.framework/Versions/A/SystemPolicy
0x000000019d68d000 	/usr/lib/libSMC.dylib
0x00000001a6100000 	/System/Library/Frameworks/CoreMIDI.framework/Versions/A/CoreMIDI
0x000000019bc5b000 	/usr/lib/libAudioToolboxUtility.dylib
0x00000001ab412000 	/System/Library/PrivateFrameworks/OSAServicesClient.framework/Versions/A/OSAServicesClient
0x000000019db3b000 	/usr/lib/libperfcheck.dylib
0x00000001969c6000 	/System/Library/PrivateFrameworks/UserManagement.framework/Versions/A/UserManagement
0x000000019ac72000 	/System/Library/PrivateFrameworks/PlugInKit.framework/Versions/A/PlugInKit
0x00000001996a1000 	/System/Library/PrivateFrameworks/AssertionServices.framework/Versions/A/AssertionServices
0x0000000198cbd000 	/System/Library/PrivateFrameworks/AggregateDictionary.framework/Versions/A/AggregateDictionary
0x00000001dc637000 	/System/Library/Frameworks/OpenGL.framework/Versions/A/Libraries/libGLU.dylib
0x00000001dc5f6000 	/System/Library/Frameworks/OpenGL.framework/Versions/A/Libraries/libGFXShared.dylib
0x00000001dc7dd000 	/System/Library/Frameworks/OpenGL.framework/Versions/A/Libraries/libGL.dylib
0x00000001dc5ff000 	/System/Library/Frameworks/OpenGL.framework/Versions/A/Libraries/libGLImage.dylib
0x00000001dc5f3000 	/System/Library/Frameworks/OpenGL.framework/Versions/A/Libraries/libCVMSPluginSupport.dylib
0x0000000219d93000 	/usr/lib/libRosetta.dylib
0x00000001dc5dc000 	/System/Library/Frameworks/OpenGL.framework/Versions/A/Libraries/libCoreVMClient.dylib
0x0000000198c3f000 	/System/Library/Frameworks/MetalPerformanceShaders.framework/Versions/A/Frameworks/MPSCore.framework/Versions/A/MPSCore
0x0000000199cd5000 	/System/Library/Frameworks/MetalPerformanceShaders.framework/Versions/A/Frameworks/MPSImage.framework/Versions/A/MPSImage
0x000000019981c000 	/System/Library/Frameworks/MetalPerformanceShaders.framework/Versions/A/Frameworks/MPSNeuralNetwork.framework/Versions/A/MPSNeuralNetwork
0x0000000199c07000 	/System/Library/Frameworks/MetalPerformanceShaders.framework/Versions/A/Frameworks/MPSMatrix.framework/Versions/A/MPSMatrix
0x0000000199a19000 	/System/Library/Frameworks/MetalPerformanceShaders.framework/Versions/A/Frameworks/MPSRayIntersector.framework/Versions/A/MPSRayIntersector
0x0000000199c33000 	/System/Library/Frameworks/MetalPerformanceShaders.framework/Versions/A/Frameworks/MPSNDArray.framework/Versions/A/MPSNDArray
0x00000001f8862000 	/System/Library/Frameworks/MetalPerformanceShaders.framework/Versions/A/Frameworks/MPSFunctions.framework/Versions/A/MPSFunctions
0x000000018f2c2000 	/System/Library/PrivateFrameworks/MetalTools.framework/Versions/A/MetalTools
0x000000019ab2b000 	/usr/lib/libIOReport.dylib
0x00000001a534a000 	/System/Library/PrivateFrameworks/ASEProcessing.framework/Versions/A/ASEProcessing
0x000000019af09000 	/System/Library/PrivateFrameworks/GraphVisualizer.framework/Versions/A/GraphVisualizer
0x00000002023d8000 	/System/Library/PrivateFrameworks/FontServices.framework/Versions/A/FontServices
0x000000019b329000 	/System/Library/PrivateFrameworks/OTSVG.framework/Versions/A/OTSVG
0x00000001964e2000 	/System/Library/Frameworks/ApplicationServices.framework/Versions/A/Frameworks/ATS.framework/Versions/A/Resources/libFontRegistry.dylib
0x000000019b375000 	/System/Library/PrivateFrameworks/FontServices.framework/libhvf.dylib
0x00000002023d9000 	/System/Library/PrivateFrameworks/FontServices.framework/libXTFontStaticRegistryData.dylib
0x00000002135af000 	/System/Library/PrivateFrameworks/VideoToolboxParavirtualizationSupport.framework/Versions/A/VideoToolboxParavirtualizationSupport
0x000000019ad3b000 	/System/Library/PrivateFrameworks/AppleVA.framework/Versions/A/AppleVA
0x000000019d435000 	/System/Library/Frameworks/ApplicationServices.framework/Versions/A/Frameworks/ATS.framework/Versions/A/ATS
0x00000001942d4000 	/System/Library/Frameworks/ApplicationServices.framework/Versions/A/Frameworks/HIServices.framework/Versions/A/HIServices
0x000000019bdb3000 	/System/Library/Frameworks/ApplicationServices.framework/Versions/A/Frameworks/PrintCore.framework/Versions/A/PrintCore
0x000000019d7e6000 	/System/Library/Frameworks/ApplicationServices.framework/Versions/A/Frameworks/QD.framework/Versions/A/QD
0x000000019d7da000 	/System/Library/Frameworks/ApplicationServices.framework/Versions/A/Frameworks/ColorSyncLegacy.framework/Versions/A/ColorSyncLegacy
0x000000019d40d000 	/System/Library/Frameworks/ApplicationServices.framework/Versions/A/Frameworks/SpeechSynthesis.framework/Versions/A/SpeechSynthesis
0x000000019bd71000 	/System/Library/Frameworks/ApplicationServices.framework/Versions/A/Frameworks/ATSUI.framework/Versions/A/ATSUI
0x000000019d76d000 	/usr/lib/libcups.2.dylib
0x000000019db49000 	/System/Library/Frameworks/Kerberos.framework/Versions/A/Kerberos
0x000000019db5a000 	/System/Library/Frameworks/GSS.framework/Versions/A/GSS
0x000000019d4a5000 	/usr/lib/libresolv.9.dylib
0x000000019b385000 	/System/Library/PrivateFrameworks/Heimdal.framework/Versions/A/Heimdal
0x00000001a4456000 	/System/Library/Frameworks/Kerberos.framework/Versions/A/Libraries/libHeimdalProxy.dylib
0x000000019dbaa000 	/System/Library/PrivateFrameworks/CommonAuth.framework/Versions/A/CommonAuth
0x00000001dd82a000 	/System/Library/Frameworks/AVFAudio.framework/Versions/A/AVFAudio
0x00000001ab461000 	/System/Library/PrivateFrameworks/AXCoreUtilities.framework/Versions/A/AXCoreUtilities
0x000000019d385000 	/System/Library/PrivateFrameworks/AudioSession.framework/Versions/A/AudioSession
0x000000019e8ce000 	/System/Library/Frameworks/IOBluetooth.framework/Versions/A/IOBluetooth
0x000000019ae3a000 	/System/Library/PrivateFrameworks/MediaExperience.framework/Versions/A/MediaExperience
0x000000019d223000 	/System/Library/PrivateFrameworks/AudioSession.framework/libSessionUtility.dylib
0x000000019d7f2000 	/System/Library/PrivateFrameworks/AudioResourceArbitration.framework/Versions/A/AudioResourceArbitration
0x00000001a176d000 	/System/Library/PrivateFrameworks/PowerLog.framework/Versions/A/PowerLog
0x00000001a16b3000 	/System/Library/Frameworks/CoreBluetooth.framework/Versions/A/CoreBluetooth
0x00000001a4457000 	/System/Library/Frameworks/AudioUnit.framework/Versions/A/AudioUnit
0x0000000199505000 	/System/Library/PrivateFrameworks/CoreUtils.framework/Versions/A/CoreUtils
0x0000000200f22000 	/System/Library/PrivateFrameworks/CoreUtilsExtras.framework/Versions/A/CoreUtilsExtras
0x0000000205a34000 	/System/Library/PrivateFrameworks/IO80211.framework/Versions/A/IO80211
0x000000019adac000 	/System/Library/PrivateFrameworks/IconFoundation.framework/Versions/A/IconFoundation
0x00000001a079b000 	/System/Library/PrivateFrameworks/SpeechRecognitionCore.framework/Versions/A/SpeechRecognitionCore
0x0000000101c44000 	/Users/vn/.sdkman/candidates/java/17.0.1-tem/lib/server/libjvm.dylib
0x0000000100c64000 	/Users/vn/.sdkman/candidates/java/17.0.1-tem/lib/libjimage.dylib
0x0000000100cec000 	/Users/vn/.sdkman/candidates/java/17.0.1-tem/lib/libjava.dylib
0x0000000101b80000 	/Users/vn/.sdkman/candidates/java/17.0.1-tem/lib/libnio.dylib
0x0000000101bc4000 	/Users/vn/.sdkman/candidates/java/17.0.1-tem/lib/libnet.dylib
0x0000000101ba0000 	/Users/vn/.sdkman/candidates/java/17.0.1-tem/lib/libzip.dylib
0x000000011f694000 	/private/var/folders/p4/dv0nl6hj3sv8d98wc8fbrq2h0000gn/T/lwjglvn/3.3.1-build-7/liblwjgl.dylib
0x000000011f6dc000 	/private/var/folders/p4/dv0nl6hj3sv8d98wc8fbrq2h0000gn/T/lwjglvn/3.3.1-build-7/libglfw.dylib
0x00000001a19bd000 	/System/Library/Frameworks/FileProvider.framework/Versions/A/FileProvider
0x0000000194ccb000 	/System/Library/Frameworks/Accounts.framework/Versions/A/Accounts
0x00000001a1b40000 	/System/Library/PrivateFrameworks/GenerationalStorage.framework/Versions/A/GenerationalStorage
0x00000001a27b7000 	/System/Library/PrivateFrameworks/CoreSymbolication.framework/Versions/A/CoreSymbolication
0x00000001a1761000 	/System/Library/PrivateFrameworks/SymptomDiagnosticReporter.framework/Versions/A/SymptomDiagnosticReporter
0x0000000192e9a000 	/System/Library/PrivateFrameworks/DesktopServicesPriv.framework/Versions/A/DesktopServicesPriv
0x0000000191d97000 	/usr/lib/libsandbox.1.dylib
0x00000001a2778000 	/System/Library/PrivateFrameworks/DebugSymbols.framework/Versions/A/DebugSymbols
0x000000019d7cd000 	/System/Library/PrivateFrameworks/NetAuth.framework/Versions/A/NetAuth
0x000000019e74f000 	/System/Library/PrivateFrameworks/Sharing.framework/Versions/A/Sharing
0x000000019698a000 	/System/Library/PrivateFrameworks/login.framework/Versions/A/Frameworks/loginsupport.framework/Versions/A/loginsupport
0x00000001a39a8000 	/System/Library/PrivateFrameworks/Apple80211.framework/Versions/A/Apple80211
0x0000000199db6000 	/System/Library/PrivateFrameworks/AuthKit.framework/Versions/A/AuthKit
0x0000000199487000 	/System/Library/Frameworks/CoreWLAN.framework/Versions/A/CoreWLAN
0x00000001a39ac000 	/System/Library/PrivateFrameworks/CoreWiFi.framework/Versions/A/CoreWiFi
0x00000001a2335000 	/System/Library/PrivateFrameworks/FrontBoardServices.framework/Versions/A/FrontBoardServices
0x00000001a23d0000 	/System/Library/PrivateFrameworks/BoardServices.framework/Versions/A/BoardServices
0x00000001a3b05000 	/System/Library/PrivateFrameworks/BackBoardServices.framework/Versions/A/BackBoardServices
0x000000019dc9a000 	/System/Library/PrivateFrameworks/CorePhoneNumbers.framework/Versions/A/CorePhoneNumbers
0x000000019d4d2000 	/System/Library/PrivateFrameworks/MultiverseSupport.framework/Versions/A/MultiverseSupport
0x00000001a3d8c000 	/System/Library/PrivateFrameworks/RemoteServiceDiscovery.framework/Versions/A/RemoteServiceDiscovery
0x00000001a188d000 	/System/Library/PrivateFrameworks/DiskManagement.framework/Versions/A/DiskManagement
0x00000001a1794000 	/System/Library/PrivateFrameworks/AppleIDAuthSupport.framework/Versions/A/AppleIDAuthSupport
0x00000001fb2aa000 	/System/Library/PrivateFrameworks/AAAFoundation.framework/Versions/A/AAAFoundation
0x000000019dc72000 	/System/Library/PrivateFrameworks/KeychainCircle.framework/Versions/A/KeychainCircle
0x00000001a3da0000 	/System/Library/PrivateFrameworks/RemoteXPC.framework/Versions/A/RemoteXPC
0x00000001a1859000 	/System/Library/PrivateFrameworks/MediaKit.framework/Versions/A/MediaKit
0x00000001a17a1000 	/System/Library/Frameworks/DiscRecording.framework/Versions/A/DiscRecording
0x000000019acb7000 	/usr/lib/libCoreStorage.dylib
0x00000001a3e08000 	/usr/lib/libcsfde.dylib
0x000000019e99f000 	/System/Library/PrivateFrameworks/ProtectedCloudStorage.framework/Versions/A/ProtectedCloudStorage
0x00000001a3e00000 	/System/Library/PrivateFrameworks/EFILogin.framework/Versions/A/EFILogin
0x00000001a1b66000 	/System/Library/PrivateFrameworks/OctagonTrust.framework/Versions/A/OctagonTrust
0x000000019acaf000 	/usr/lib/libMatch.1.dylib
0x0000000219a83000 	/usr/lib/libAccessibilityBaseImplementations.dylib
0x0000000196678000 	/System/Library/PrivateFrameworks/ViewBridge.framework/Versions/A/ViewBridge
0x0000000123738000 	/usr/lib/libobjc-trampolines.dylib
0x00000001b4864000 	/System/Library/Frameworks/Accelerate.framework/Versions/A/Frameworks/vImage.framework/Versions/A/Libraries/libCGInterfaces.dylib
0x000000019b448000 	/System/Library/PrivateFrameworks/login.framework/Versions/A/login
0x00000001dc7e7000 	/System/Library/Frameworks/OpenGL.framework/Versions/A/Resources/GLEngine.bundle/GLEngine
0x00000001dc671000 	/System/Library/Frameworks/OpenGL.framework/Versions/A/Libraries/libGLProgrammability.dylib
0x000000012406c000 	/System/Library/Extensions/AppleMetalOpenGLRenderer.bundle/Contents/MacOS/AppleMetalOpenGLRenderer
0x00000001dc955000 	/System/Library/Frameworks/OpenGL.framework/Versions/A/Resources/GLRendererFloat.bundle/GLRendererFloat
0x00000001dca52000 	/System/Library/Extensions/AGXMetal13_3.bundle/Contents/MacOS/AGXMetal13_3
0x00000001b0136000 	/System/Library/PrivateFrameworks/GPURawCounter.framework/Versions/A/GPURawCounter
0x00000001aa52e000 	/System/Library/PrivateFrameworks/IOGPU.framework/Versions/A/IOGPU
0x0000000126bb0000 	/private/var/folders/p4/dv0nl6hj3sv8d98wc8fbrq2h0000gn/T/lwjglvn/3.3.1-build-7/liblwjgl_opengl.dylib


VM Arguments:
jvm_args: -XX:+ShowCodeDetailsInExceptionMessages 
java_command: de.novi.Main -XstartOnFirstThread
java_class_path (initial): /Users/vn/Projects/game_engine/target/classes:/Users/vn/.m2/repository/org/junit/jupiter/junit-jupiter/5.9.0-M1/junit-jupiter-5.9.0-M1.jar:/Users/vn/.m2/repository/org/junit/jupiter/junit-jupiter-api/5.9.0-M1/junit-jupiter-api-5.9.0-M1.jar:/Users/vn/.m2/repository/org/opentest4j/opentest4j/1.2.0/opentest4j-1.2.0.jar:/Users/vn/.m2/repository/org/junit/platform/junit-platform-commons/1.9.0-M1/junit-platform-commons-1.9.0-M1.jar:/Users/vn/.m2/repository/org/apiguardian/apiguardian-api/1.1.2/apiguardian-api-1.1.2.jar:/Users/vn/.m2/repository/org/junit/jupiter/junit-jupiter-params/5.9.0-M1/junit-jupiter-params-5.9.0-M1.jar:/Users/vn/.m2/repository/org/junit/jupiter/junit-jupiter-engine/5.9.0-M1/junit-jupiter-engine-5.9.0-M1.jar:/Users/vn/.m2/repository/org/junit/platform/junit-platform-engine/1.9.0-M1/junit-platform-engine-1.9.0-M1.jar:/Users/vn/.m2/repository/org/lwjgl/lwjgl/3.3.1/lwjgl-3.3.1.jar:/Users/vn/.m2/repository/org/lwjgl/lwjgl-assimp/3.3.1/lwjgl-assimp-3.3.1.jar:/Users/vn/.m2/repository/org/lwjgl/lwjgl-bgfx/3.3.1/lwjgl-bgfx-3.3.1.jar:/Users/vn/.m2/repository/org/lwjgl/lwjgl-glfw/3.3.1/lwjgl-glfw-3.3.1.jar:/Users/vn/.m2/repository/org/lwjgl/lwjgl-nanovg/3.3.1/lwjgl-nanovg-3.3.1.jar:/Users/vn/.m2/repository/org/lwjgl/lwjgl-nuklear/3.3.1/lwjgl-nuklear-3.3.1.jar:/Users/vn/.m2/repository/org/lwjgl/lwjgl-openal/3.3.1/lwjgl-openal-3.3.1.jar:/Users/vn/.m2/repository/org/lwjgl/lwjgl-opengl/3.3.1/lwjgl-opengl-3.3.1.jar:/Users/vn/.m2/repository/org/lwjgl/lwjgl-par/3.3.1/lwjgl-par-3.3.1.jar:/Users/vn/.m2/repository/org/lwjgl/lwjgl-stb/3.3.1/lwjgl-stb-3.3.1.jar:/Users/vn/.m2/repository/org/lwjgl/lwjgl-vulkan/3.3.1/lwjgl-vulkan-3.3.1.jar:/Users/vn/.m2/repository/org/lwjgl/lwjgl/3.3.1/lwjgl-3.3.1-natives-macos-arm64.jar:/Users/vn/.m2/repository/org/lwjgl/lwjgl-assimp/3.3.1/lwjgl-assimp-3.3.1-natives-macos-arm64.jar:/Users/vn/.m2/repository/org/lwjgl/lwjgl-bgfx/3.3.1/lwjgl-bgfx-3.3.1-natives-macos-arm64.jar:/Users/vn/.m2/repository/org/lwjgl/lwjgl
Launcher Type: SUN_STANDARD

[Global flags]
     intx CICompilerCount                          = 4                                         {product} {ergonomic}
     uint ConcGCThreads                            = 2                                         {product} {ergonomic}
     uint G1ConcRefinementThreads                  = 8                                         {product} {ergonomic}
   size_t G1HeapRegionSize                         = 1048576                                   {product} {ergonomic}
    uintx GCDrainStackTargetSize                   = 64                                        {product} {ergonomic}
   size_t InitialHeapSize                          = 134217728                                 {product} {ergonomic}
   size_t MarkStackSize                            = 4194304                                   {product} {ergonomic}
   size_t MaxHeapSize                              = 2147483648                                {product} {ergonomic}
   size_t MaxNewSize                               = 1287651328                                {product} {ergonomic}
   size_t MinHeapDeltaBytes                        = 1048576                                   {product} {ergonomic}
   size_t MinHeapSize                              = 8388608                                   {product} {ergonomic}
    uintx NonNMethodCodeHeapSize                   = 5839564                                {pd product} {ergonomic}
    uintx NonProfiledCodeHeapSize                  = 122909338                              {pd product} {ergonomic}
    uintx ProfiledCodeHeapSize                     = 122909338                              {pd product} {ergonomic}
    uintx ReservedCodeCacheSize                    = 251658240                              {pd product} {ergonomic}
     bool SegmentedCodeCache                       = true                                      {product} {ergonomic}
     bool ShowCodeDetailsInExceptionMessages       = true                                   {manageable} {command line}
   size_t SoftMaxHeapSize                          = 2147483648                             {manageable} {ergonomic}
     bool UseCompressedClassPointers               = true                           {product lp64_product} {ergonomic}
     bool UseCompressedOops                        = true                           {product lp64_product} {ergonomic}
     bool UseG1GC                                  = true                                      {product} {ergonomic}
     bool UseNUMA                                  = false                                     {product} {ergonomic}
     bool UseNUMAInterleaving                      = false                                     {product} {ergonomic}

Logging:
Log output configuration:
 #0: stdout all=warning uptime,level,tags
 #1: stderr all=off uptime,level,tags

Environment Variables:
PATH=/usr/local/bin:/System/Cryptexes/App/usr/bin:/usr/bin:/bin:/usr/sbin:/sbin:/Library/Apple/usr/bin:/opt/flutter/bin:/Users/vn/.pub-cache/bin:/opt/flutter/bin:/Users/vn/.pub-cache/bin
SHELL=/bin/zsh
LANG=en_US.UTF-8
LC_ALL=en_US.UTF-8
LC_CTYPE=en_US.UTF-8

Signal Handlers:
   SIGSEGV: _ZL13crash_handleriP9__siginfoPv in libjvm.dylib, mask=11100110000111110111111111111111, flags=SA_RESTART|SA_SIGINFO
    SIGBUS: _ZL13crash_handleriP9__siginfoPv in libjvm.dylib, mask=11100110000111110111111111111111, flags=SA_RESTART|SA_SIGINFO
    SIGFPE: _ZL13crash_handleriP9__siginfoPv in libjvm.dylib, mask=11100110000111110111111111111111, flags=SA_RESTART|SA_SIGINFO
   SIGPIPE: _ZL17javaSignalHandleriP9__siginfoPv in libjvm.dylib, mask=11100110000111110111111111111111, flags=SA_RESTART|SA_SIGINFO
   SIGXFSZ: _ZL17javaSignalHandleriP9__siginfoPv in libjvm.dylib, mask=11100110000111110111111111111111, flags=SA_RESTART|SA_SIGINFO
    SIGILL: _ZL13crash_handleriP9__siginfoPv in libjvm.dylib, mask=11100110000111110111111111111111, flags=SA_RESTART|SA_SIGINFO
   SIGUSR2: _ZL10SR_handleriP9__siginfoP17__darwin_ucontext in libjvm.dylib, mask=00000000000000000000000000000000, flags=SA_RESTART|SA_SIGINFO
    SIGHUP: _ZL11UserHandleriPvS_ in libjvm.dylib, mask=11100110000111110111111111111111, flags=SA_RESTART|SA_SIGINFO
    SIGINT: _ZL11UserHandleriPvS_ in libjvm.dylib, mask=11100110000111110111111111111111, flags=SA_RESTART|SA_SIGINFO
   SIGTERM: _ZL11UserHandleriPvS_ in libjvm.dylib, mask=11100110000111110111111111111111, flags=SA_RESTART|SA_SIGINFO
   SIGQUIT: _ZL11UserHandleriPvS_ in libjvm.dylib, mask=11100110000111110111111111111111, flags=SA_RESTART|SA_SIGINFO
   SIGTRAP: _ZL13crash_handleriP9__siginfoPv in libjvm.dylib, mask=11100110000111110111111111111111, flags=SA_RESTART|SA_SIGINFO


---------------  S Y S T E M  ---------------

OS:
uname: Darwin 22.0.0 Darwin Kernel Version 22.0.0: Thu Jun 16 20:33:02 PDT 2022; root:xnu-8792.0.92.121.3~2/RELEASE_ARM64_T8103 arm64
OS uptime: 4 days 13:45 hours
rlimit (soft/hard): STACK 8176k/65520k , CORE 0k/infinity , NPROC 1333/2000 , NOFILE 10240/infinity , AS infinity/infinity , CPU infinity/infinity , DATA infinity/infinity , FSIZE infinity/infinity , MEMLOCK infinity/infinity , RSS infinity/infinity
load average: 2.61 2.59 2.32

CPU: total 8 (initial active 8) 0x61:0x0:0x1b588bb3:0, fp, simd, crc, lse

Memory: 16k page, physical 8388608k(53168k free), swap 1048576k(788992k free)

vm_info: OpenJDK 64-Bit Server VM (17.0.1+12) for bsd-aarch64 JRE (17.0.1+12), built on Oct 20 2021 13:53:09 by "jenkins" with clang Apple LLVM 12.0.0 (clang-1200.0.32.29)

END.
