#
# A fatal error has been detected by the Java Runtime Environment:
#
#  SIGSEGV (0xb) at pc=0x000000011edb89f4, pid=17958, tid=259
#
# JRE version: OpenJDK Runtime Environment Temurin-17.0.1+12 (17.0.1+12) (build 17.0.1+12)
# Java VM: OpenJDK 64-Bit Server VM Temurin-17.0.1+12 (17.0.1+12, mixed mode, tiered, compressed oops, compressed class ptrs, g1 gc, bsd-aarch64)
# Problematic frame:
# C  [liblwjgl.dylib+0x49f4]
#
# No core dump will be written. Core dumps have been disabled. To enable core dumping, try "ulimit -c unlimited" before starting Java again
#
# If you would like to submit a bug report, please visit:
#   https://github.com/adoptium/adoptium-support/issues
# The crash happened outside the Java Virtual Machine in native code.
# See problematic frame for where to report the bug.
#

---------------  S U M M A R Y ------------

Command Line: -XX:+ShowCodeDetailsInExceptionMessages de.novi.Main -XstartOnFirstThread

Host: "MacBookAir10,1" arm64 1 MHz, 8 cores, 8G, Darwin 22.0.0, macOS 13.0 (22A5286j)
Time: Mon Jul  4 12:14:19 2022 CEST elapsed time: 2.340986 seconds (0d 0h 0m 2s)

---------------  T H R E A D  ---------------

Current thread (0x000000014a808200):  JavaThread "main" [_thread_in_native, id=259, stack(0x000000016f3a4000,0x000000016fba0000)]

Stack: [0x000000016f3a4000,0x000000016fba0000],  sp=0x000000016fb9c8e0,  free space=8162k
Native frames: (J=compiled Java code, j=interpreted, Vv=VM code, C=native code)
C  [liblwjgl.dylib+0x49f4]
j  org.lwjgl.system.libffi.LibFFI.nffi_closure_free(J)V+0
j  org.lwjgl.system.libffi.LibFFI.ffi_closure_free(Lorg/lwjgl/system/libffi/FFIClosure;)V+4
j  org.lwjgl.system.Callback.free(J)V+29
j  org.lwjgl.system.Callback.free()V+4
j  de.novi.Window.close()V+21
j  de.novi.Main.main([Ljava/lang/String;)V+21
v  ~StubRoutines::call_stub
V  [libjvm.dylib+0x46a590]  _ZN9JavaCalls11call_helperEP9JavaValueRK12methodHandleP17JavaCallArgumentsP10JavaThread+0x38c
V  [libjvm.dylib+0x4cf1a4]  _ZL17jni_invoke_staticP7JNIEnv_P9JavaValueP8_jobject11JNICallTypeP10_jmethodIDP18JNI_ArgumentPusherP10JavaThread+0x12c
V  [libjvm.dylib+0x4d2838]  jni_CallStaticVoidMethod+0x130
C  [libjli.dylib+0x5378]  JavaMain+0x9d4
C  [libjli.dylib+0x7958]  __JVMInit_block_invoke+0x50
C  [Foundation+0x3f820]  __NSBLOCKOPERATION_IS_CALLING_OUT_TO_A_BLOCK__+0x18
C  [Foundation+0x3f6e0]  -[NSBlockOperation main]+0x68
C  [Foundation+0x3f670]  __NSOPERATION_IS_INVOKING_MAIN__+0x10
C  [Foundation+0x3ea88]  -[NSOperation start]+0x2c4
C  [Foundation+0x785a8]  __NSThreadPerformPerform+0x108
C  [CoreFoundation+0x827ac]  __CFRUNLOOP_IS_CALLING_OUT_TO_A_SOURCE0_PERFORM_FUNCTION__+0x1c
C  [CoreFoundation+0x82740]  __CFRunLoopDoSource0+0xb0
C  [CoreFoundation+0x824b0]  __CFRunLoopDoSources0+0xf4
C  [CoreFoundation+0x810b4]  __CFRunLoopRun+0x344
C  [CoreFoundation+0x8061c]  CFRunLoopRunSpecific+0x264
C  [libjli.dylib+0x6fec]  CreateExecutionEnvironment+0x190
C  [libjli.dylib+0x31fc]  JLI_Launch+0x4a0
C  [java+0x3bb0]  main+0x198
C  [dyld+0x5c14]  start+0x944

Java frames: (J=compiled Java code, j=interpreted, Vv=VM code)
j  org.lwjgl.system.libffi.LibFFI.nffi_closure_free(J)V+0
j  org.lwjgl.system.libffi.LibFFI.ffi_closure_free(Lorg/lwjgl/system/libffi/FFIClosure;)V+4
j  org.lwjgl.system.Callback.free(J)V+29
j  org.lwjgl.system.Callback.free()V+4
j  de.novi.Window.close()V+21
j  de.novi.Main.main([Ljava/lang/String;)V+21
v  ~StubRoutines::call_stub

siginfo: si_signo: 11 (SIGSEGV), si_code: 2 (SEGV_ACCERR), si_addr: 0x0000ab6184b1f670

Register to memory mapping:

 x0=0x0 is NULL
 x1=0x000000016fb9c998 is pointing into the stack for thread: 0x000000014a808200
 x2=0x000060000135f660 points into unknown readable memory: 0x0000ab6184b1f660 | 60 f6 b1 84 61 ab 00 00
 x3=0x0000000090000002 is an unknown value
 x4=0x0000000000000029 is an unknown value
 x5=0x000000011f5e0b48 is pointing into metadata
 x6=0x0000000014400000 is an unknown value
 x7=0x0000000000000001 is an unknown value
 x8=0x0000ab6184b1f660 is an unknown value
 x9=0x0 is NULL
x10=0x000000011edec1a8: <offset 0x381a8> in /private/var/folders/p4/dv0nl6hj3sv8d98wc8fbrq2h0000gn/T/lwjglvn/3.3.1-build-7/liblwjgl.dylib at 0x000000011edb4000
x11=0x00000000000f7078 is an unknown value
x12=0x0000000000000002 is an unknown value
x13=0x0 is NULL
x14=0x000000000000005e is an unknown value
x15=0x000000014b8c1240 points into unknown readable memory: 0x65640008df08ffff | ff ff 08 df 08 00 64 65
x16=0x00000001a0739784: pthread_mutex_lock+0 in /usr/lib/system/libsystem_pthread.dylib at 0x00000001a0738000
x17=0x0000000787b9a5a0 is an oop: java.lang.Class 
{0x0000000787b9a5a0} - klass: 'java/lang/Class'
 - ---- fields (total size 38 words):
 - private volatile transient 'classRedefinedCount' 'I' @12  0
 - private volatile transient 'cachedConstructor' 'Ljava/lang/reflect/Constructor;' @40  NULL (0)
 - private transient 'name' 'Ljava/lang/String;' @44  "org.lwjgl.system.libffi.LibFFI"{0x0000000787b9a6e0} (f0f734dc)
 - private transient 'module' 'Ljava/lang/Module;' @48  a 'java/lang/Module'{0x0000000787f55368} (f0feaa6d)
 - private final 'classLoader' 'Ljava/lang/ClassLoader;' @52  a 'jdk/internal/loader/ClassLoaders$AppClassLoader'{0x0000000787f551a8} (f0feaa35)
 - private transient 'classData' 'Ljava/lang/Object;' @56  NULL (0)
 - private transient 'packageName' 'Ljava/lang/String;' @60  "org.lwjgl.system.libffi"{0x0000000787b851f0} (f0f70a3e)
 - private final 'componentType' 'Ljava/lang/Class;' @64  NULL (0)
 - private volatile transient 'reflectionData' 'Ljava/lang/ref/SoftReference;' @68  NULL (0)
 - private volatile transient 'genericInfo' 'Lsun/reflect/generics/repository/ClassRepository;' @72  NULL (0)
 - private volatile transient 'enumConstants' '[Ljava/lang/Object;' @76  NULL (0)
 - private volatile transient 'enumConstantDirectory' 'Ljava/util/Map;' @80  NULL (0)
 - private volatile transient 'annotationData' 'Ljava/lang/Class$AnnotationData;' @84  NULL (0)
 - private volatile transient 'annotationType' 'Lsun/reflect/annotation/AnnotationType;' @88  NULL (0)
 - transient 'classValueMap' 'Ljava/lang/ClassValue$ClassValueMap;' @92  NULL (0)
 - signature: Lorg/lwjgl/system/libffi/LibFFI;
 - fake entry for mirror: 'org/lwjgl/system/libffi/LibFFI'
 - fake entry for array: NULL
 - fake entry for oop_size: 38
 - fake entry for static_oop_field_count: 21
 - public static final 'FFI_TYPE_VOID' 'S' @268  0
 - public static final 'FFI_TYPE_INT' 'S' @296  1
 - public static final 'FFI_TYPE_FLOAT' 'S' @270  2
 - public static final 'FFI_TYPE_DOUBLE' 'S' @272  3
 - public static final 'FFI_TYPE_LONGDOUBLE' 'S' @274  3
 - public static final 'FFI_TYPE_UINT8' 'S' @276  5
 - public static final 'FFI_TYPE_SINT8' 'S' @278  6
 - public static final 'FFI_TYPE_UINT16' 'S' @280  7
 - public static final 'FFI_TYPE_SINT16' 'S' @282  8
 - public static final 'FFI_TYPE_UINT32' 'S' @284  9
 - public static final 'FFI_TYPE_SINT32' 'S' @286  10 (a)
 - public static final 'FFI_TYPE_UINT64' 'S' @288  11 (b)
 - public static final 'FFI_TYPE_SINT64' 'S' @290  12 (c)
 - public static final 'FFI_TYPE_STRUCT' 'S' @292  13 (d)
 - public static final 'FFI_TYPE_POINTER' 'S' @294  14 (e)
 - public static final 'FFI_FIRST_ABI' 'I' @260  0
 - public static final 'FFI_WIN64' 'I' @264  2
 - public static final 'FFI_GNUW64' 'I' @200  -1 (ffffffff)
 - public static final 'FFI_UNIX64' 'I' @204  -1 (ffffffff)
 - public static final 'FFI_EFI64' 'I' @208  -1 (ffffffff)
 - public static final 'FFI_SYSV' 'I' @212  1
 - public static final 'FFI_STDCALL' 'I' @216  -1 (ffffffff)
 - public static final 'FFI_THISCALL' 'I' @220  -1 (ffffffff)
 - public static final 'FFI_FASTCALL' 'I' @224  -1 (ffffffff)
 - public static final 'FFI_MS_CDECL' 'I' @228  -1 (ffffffff)
 - public static final 'FFI_PASCAL' 'I' @232  -1 (ffffffff)
 - public static final 'FFI_REGISTER' 'I' @236  -1 (ffffffff)
 - public static final 'FFI_VFP' 'I' @240  -1 (ffffffff)
 - public static final 'FFI_LAST_ABI' 'I' @244  3
 - public static final 'FFI_DEFAULT_ABI' 'I' @248  1
 - public static final 'FFI_OK' 'I' @252  0
 - public static final 'FFI_BAD_TYPEDEF' 'I' @256  1
 - public static final 'FFI_BAD_ABI' 'I' @196  2
 - public static final 'ffi_type_void' 'Lorg/lwjgl/system/libffi/FFIType;' @112  a 'org/lwjgl/system/libffi/FFIType'{0x0000000787ba43a8} (f0f74875)
 - public static final 'ffi_type_uint8' 'Lorg/lwjgl/system/libffi/FFIType;' @116  a 'org/lwjgl/system/libffi/FFIType'{0x0000000787ba4458} (f0f7488b)
 - public static final 'ffi_type_sint8' 'Lorg/lwjgl/system/libffi/FFIType;' @120  a 'org/lwjgl/system/libffi/FFIType'{0x0000000787ba4508} (f0f748a1)
 - public static final 'ffi_type_uint16' 'Lorg/lwjgl/system/libffi/FFIType;' @124  a 'org/lwjgl/system/libffi/FFIType'{0x0000000787ba45b8} (f0f748b7)
 - public static final 'ffi_type_sint16' 'Lorg/lwjgl/system/libffi/FFIType;' @128  a 'org/lwjgl/system/libffi/FFIType'{0x0000000787ba4668} (f0f748cd)
 - public static final 'ffi_type_uint32' 'Lorg/lwjgl/system/libffi/FFIType;' @132  a 'org/lwjgl/system/libffi/FFIType'{0x0000000787ba4718} (f0f748e3)
 - public static final 'ffi_type_sint32' 'Lorg/lwjgl/system/libffi/FFIType;' @136  a 'org/lwjgl/system/libffi/FFIType'{0x0000000787ba47c8} (f0f748f9)
 - public static final 'ffi_type_uint64' 'Lorg/lwjgl/system/libffi/FFIType;' @140  a 'org/lwjgl/system/libffi/FFIType'{0x0000000787ba4878} (f0f7490f)
 - public static final 'ffi_type_sint64' 'Lorg/lwjgl/system/libffi/FFIType;' @144  a 'org/lwjgl/system/libffi/FFIType'{0x0000000787ba4928} (f0f74925)
 - public static final 'ffi_type_uchar' 'Lorg/lwjgl/system/libffi/FFIType;' @148  a 'org/lwjgl/system/libffi/FFIType'{0x0000000787ba49d8} (f0f7493b)
 - public static final 'ffi_type_schar' 'Lorg/lwjgl/system/libffi/FFIType;' @152  a 'org/lwjgl/system/libffi/FFIType'{0x0000000787ba4a88} (f0f74951)
 - public static final 'ffi_type_ushort' 'Lorg/lwjgl/system/libffi/FFIType;' @156  a 'org/lwjgl/system/libffi/FFIType'{0x0000000787ba4b38} (f0f74967)
 - public static final 'ffi_type_sshort' 'Lorg/lwjgl/system/libffi/FFIType;' @160  a 'org/lwjgl/system/libffi/FFIType'{0x0000000787ba4be8} (f0f7497d)
 - public static final 'ffi_type_uint' 'Lorg/lwjgl/system/libffi/FFIType;' @164  a 'org/lwjgl/system/libffi/FFIType'{0x0000000787ba4c98} (f0f74993)
 - public static final 'ffi_type_sint' 'Lorg/lwjgl/system/libffi/FFIType;' @168  a 'org/lwjgl/system/libffi/FFIType'{0x0000000787ba4d48} (f0f749a9)
 - public static final 'ffi_type_ulong' 'Lorg/lwjgl/system/libffi/FFIType;' @172  a 'org/lwjgl/system/libffi/FFIType'{0x0000000787ba4df8} (f0f749bf)
 - public static final 'ffi_type_slong' 'Lorg/lwjgl/system/libffi/FFIType;' @176  a 'org/lwjgl/system/libffi/FFIType'{0x0000000787ba4ea8} (f0f749d5)
 - public static final 'ffi_type_float' 'Lorg/lwjgl/system/libffi/FFIType;' @180  a 'org/lwjgl/system/libffi/FFIType'{0x0000000787ba4f58} (f0f749eb)
 - public static final 'ffi_type_double' 'Lorg/lwjgl/system/libffi/FFIType;' @184  a 'org/lwjgl/system/libffi/FFIType'{0x0000000787ba5008} (f0f74a01)
 - public static final 'ffi_type_longdouble' 'Lorg/lwjgl/system/libffi/FFIType;' @188  a 'org/lwjgl/system/libffi/FFIType'{0x0000000787ba50c0} (f0f74a18)
 - public static final 'ffi_type_pointer' 'Lorg/lwjgl/system/libffi/FFIType;' @192  a 'org/lwjgl/system/libffi/FFIType'{0x0000000787ba5170} (f0f74a2e)
x18=0x0 is NULL
x19=0x0000000109dbb730 is at code_begin+48 in an Interpreter codelet
result handlers for native calls  [0x0000000109dbb700, 0x0000000109dbb780]  128 bytes
x20=0x000000016fb9c920 is pointing into the stack for thread: 0x000000014a808200
x21=0x0000000101fbf3c0: _ZN19TemplateInterpreter13_active_tableE+0 in /Users/vn/.sdkman/candidates/java/17.0.1-tem/lib/server/libjvm.dylib at 0x0000000101364000
x22=0x0 is NULL
x23=0x0000000000000066 is an unknown value
x24=0x000000016fb9c9a8 is pointing into the stack for thread: 0x000000014a808200
x25=0x0000000000000001 is an unknown value
x26=0x000000011f7241e0 is pointing into metadata
x27=0x0 is NULL
x28=0x000000014a808200 is a thread


Registers:
 x0=0x0000000000000000  x1=0x000000016fb9c998  x2=0x000060000135f660  x3=0x0000000090000002
 x4=0x0000000000000029  x5=0x000000011f5e0b48  x6=0x0000000014400000  x7=0x0000000000000001
 x8=0x0000ab6184b1f660  x9=0x0000000000000000 x10=0x000000011edec1a8 x11=0x00000000000f7078
x12=0x0000000000000002 x13=0x0000000000000000 x14=0x000000000000005e x15=0x000000014b8c1240
x16=0x00000001a0739784 x17=0x0000000787b9a5a0 x18=0x0000000000000000 x19=0x0000000109dbb730
x20=0x000000016fb9c920 x21=0x0000000101fbf3c0 x22=0x0000000000000000 x23=0x0000000000000066
x24=0x000000016fb9c9a8 x25=0x0000000000000001 x26=0x000000011f7241e0 x27=0x0000000000000000
x28=0x000000014a808200  fp=0x000000016fb9c910  lr=0xc23180011edb89d8  sp=0x000000016fb9c8e0
pc=0x000000011edb89f4 cpsr=0x0000000060001000
Top of Stack: (sp=0x000000016fb9c8e0)
0x000000016fb9c8e0:   000000016fb9c9a8 000000011edec1e0
0x000000016fb9c8f0:   000000000000012a 0000ab6184b1f660
0x000000016fb9c900:   000060000135f660 000060000135f660
0x000000016fb9c910:   000000016fb9c980 0000000109dbd8ac
0x000000016fb9c920:   0000000787ba9418 0000000000000020
0x000000016fb9c930:   000000016fb9c930 0000000000000000
0x000000016fb9c940:   000000016fb9c9a8 000000011f7241e0
0x000000016fb9c950:   0000000787b9a5a0 0000000000000000
0x000000016fb9c960:   0000000000000000 000000011f723e58
0x000000016fb9c970:   0000000000000000 000000016fb9c980
0x000000016fb9c980:   000000016fb9ca00 0000000109db9fc8
0x000000016fb9c990:   0000000000000000 0000000787b9a5a0
0x000000016fb9c9a0:   000060000135f660 0000000000000000
0x000000016fb9c9b0:   000000016fb9c9b0 000000011f723ef4
0x000000016fb9c9c0:   000000016fb9ca18 000000011f7241e0
0x000000016fb9c9d0:   0000000787b9a5a0 0000000000000000
0x000000016fb9c9e0:   0000000000000000 000000011f723f18
0x000000016fb9c9f0:   000000016fb9c9a0 000000016fb9c9e0
0x000000016fb9ca00:   000000016fb9ca70 0000000109db9fc8
0x000000016fb9ca10:   000000014c206b48 0000000787aa8350
0x000000016fb9ca20:   000000016fb9ca20 000000011f406535
0x000000016fb9ca30:   000000016fb9ca98 000000011f4074c8
0x000000016fb9ca40:   0000000787ea59c0 0000000000000000
0x000000016fb9ca50:   0000000000000000 000000011f406560
0x000000016fb9ca60:   000000016fb9ca18 000000016fb9ca70
0x000000016fb9ca70:   000000016fb9caf0 0000000109db9fc8
0x000000016fb9ca80:   000000016fb9caf0 0000000787aa8350
0x000000016fb9ca90:   0000000100400000 0000000000000000
0x000000016fb9caa0:   000000016fb9caa0 000000011f405fa4
0x000000016fb9cab0:   000000016fb9cb08 000000011f4074c8
0x000000016fb9cac0:   0000000787ea59c0 0000000000000000
0x000000016fb9cad0:   0000000000000000 000000011f405fc0 

Instructions: (pc=0x000000011edb89f4)
0x000000011edb88f4:   781ca3a9 785ca3a8 f85f03a9 7940112a
0x000000011edb8904:   6b0a011f 540003ca f85f03a8 f9400d08
0x000000011edb8914:   785ca3a9 aa0903ea 8b0a1108 f9001be8
0x000000011edb8924:   f85e03a8 785ca3a9 531c6d29 8b29c108
0x000000011edb8934:   f9401bea f9000148 785ca3a9 f85f03a8
0x000000011edb8944:   7940110b 7100056b 6b0b013f 5400010a
0x000000011edb8954:   f85f03a8 f9400d08 785ca3a9 11000529
0x000000011edb8964:   8b29d108 f9401bea f9000548 785ca3a8
0x000000011edb8974:   11000508 781ca3a8 17ffffdf f85f03a8
0x000000011edb8984:   f9400d08 f85f03a9 f9000928 f85f03a8
0x000000011edb8994:   f81f83a8 f85f83a0 a9477bfd 910203ff
0x000000011edb89a4:   d65f03c0 d10103ff a9037bfd 9100c3fd
0x000000011edb89b4:   900001a8 91078108 f81f83a0 f85f83a9
0x000000011edb89c4:   f81f03a9 900001a0 91064000 f90007e8
0x000000011edb89d4:   9400b27b f85f03a8 f9400108 f9000fe8
0x000000011edb89e4:   f85f03a8 f9400508 f9000be8 f9400fe8
0x000000011edb89f4:   f9400908 f9400be9 f9000528 f9400be8
0x000000011edb8a04:   f9400fe9 f9000928 f9400fe8 7940110a
0x000000011edb8a14:   1100054a 7900110a f9400fe8 7940110a
0x000000011edb8a24:   7110015f 54000121 f94007e8 f9400109
0x000000011edb8a34:   f9400fea eb0a013f 54000080 f9400fe0
0x000000011edb8a44:   94000020 14000016 f94007e8 f9400109
0x000000011edb8a54:   f9400fea eb0a013f 54000220 f9400fe8
0x000000011edb8a64:   d2800009 f9001109 f94007e8 f9400109
0x000000011edb8a74:   f9400fea f9001549 f9400109 b40000a9
0x000000011edb8a84:   f9400fe8 f94007e9 f940012a f9001148
0x000000011edb8a94:   f9400fe8 f94007e9 f9000128 900001a0
0x000000011edb8aa4:   91064000 9400b249 f85f03a8 aa0803e0
0x000000011edb8ab4:   9400b225 a9437bfd 910103ff d65f03c0
0x000000011edb8ac4:   d10083ff a9017bfd 910043fd f90007e0
0x000000011edb8ad4:   f94007e8 f9401108 b40000c8 f94007e8
0x000000011edb8ae4:   f9401508 f94007e9 f9401129 f9001528 


Stack slot to memory mapping:
stack at sp + 0 slots: 0x000000016fb9c9a8 is pointing into the stack for thread: 0x000000014a808200
stack at sp + 1 slots: 0x000000011edec1e0: <offset 0x381e0> in /private/var/folders/p4/dv0nl6hj3sv8d98wc8fbrq2h0000gn/T/lwjglvn/3.3.1-build-7/liblwjgl.dylib at 0x000000011edb4000
stack at sp + 2 slots: 0x000000000000012a is an unknown value
stack at sp + 3 slots: 0x0000ab6184b1f660 is an unknown value
stack at sp + 4 slots: 0x000060000135f660 points into unknown readable memory: 0x0000ab6184b1f660 | 60 f6 b1 84 61 ab 00 00
stack at sp + 5 slots: 0x000060000135f660 points into unknown readable memory: 0x0000ab6184b1f660 | 60 f6 b1 84 61 ab 00 00
stack at sp + 6 slots: 0x000000016fb9c980 is pointing into the stack for thread: 0x000000014a808200
stack at sp + 7 slots: 0x0000000109dbd8ac is at code_begin+684 in an Interpreter codelet
method entry point (kind = native)  [0x0000000109dbd600, 0x0000000109dbdc80]  1664 bytes


---------------  P R O C E S S  ---------------

Threads class SMR info:
_java_thread_list=0x0000600001d38580, length=11, elements={
0x000000014a808200, 0x000000014a809a00, 0x000000014a808c00, 0x000000014b85b200,
0x000000014b851c00, 0x000000014b852200, 0x000000014b852800, 0x000000014b85da00,
0x000000014b866000, 0x000000014b00ca00, 0x000000014a81d400
}

Java Threads: ( => current thread )
=>0x000000014a808200 JavaThread "main" [_thread_in_native, id=259, stack(0x000000016f3a4000,0x000000016fba0000)]
  0x000000014a809a00 JavaThread "Reference Handler" daemon [_thread_blocked, id=17411, stack(0x0000000170878000,0x0000000170a7b000)]
  0x000000014a808c00 JavaThread "Finalizer" daemon [_thread_blocked, id=16899, stack(0x0000000170a84000,0x0000000170c87000)]
  0x000000014b85b200 JavaThread "Signal Dispatcher" daemon [_thread_blocked, id=22787, stack(0x0000000170da8000,0x0000000170fab000)]
  0x000000014b851c00 JavaThread "Service Thread" daemon [_thread_blocked, id=23299, stack(0x0000000170fb4000,0x00000001711b7000)]
  0x000000014b852200 JavaThread "Monitor Deflation Thread" daemon [_thread_blocked, id=23555, stack(0x00000001711c0000,0x00000001713c3000)]
  0x000000014b852800 JavaThread "C2 CompilerThread0" daemon [_thread_blocked, id=42243, stack(0x00000001713cc000,0x00000001715cf000)]
  0x000000014b85da00 JavaThread "C1 CompilerThread0" daemon [_thread_blocked, id=24323, stack(0x00000001715d8000,0x00000001717db000)]
  0x000000014b866000 JavaThread "Sweeper thread" daemon [_thread_blocked, id=24835, stack(0x00000001717e4000,0x00000001719e7000)]
  0x000000014b00ca00 JavaThread "Notification Thread" daemon [_thread_blocked, id=25347, stack(0x00000001719f0000,0x0000000171bf3000)]
  0x000000014a81d400 JavaThread "Common-Cleaner" daemon [_thread_blocked, id=41731, stack(0x0000000171e08000,0x000000017200b000)]

Other Threads:
  0x000000014c007020 VMThread "VM Thread" [stack: 0x000000017066c000,0x000000017086f000] [id=18179]
  0x000000014a621560 WatcherThread [stack: 0x0000000171bfc000,0x0000000171dff000] [id=25859]
  0x000000014c204b20 GCTaskThread "GC Thread#0" [stack: 0x000000016fc30000,0x000000016fe33000] [id=12547]
  0x000000014a604910 ConcurrentGCThread "G1 Main Marker" [stack: 0x000000016fe3c000,0x000000017003f000] [id=13059]
  0x000000014c004c40 ConcurrentGCThread "G1 Conc#0" [stack: 0x0000000170048000,0x000000017024b000] [id=19459]
  0x000000014a706cd0 ConcurrentGCThread "G1 Refine#0" [stack: 0x0000000170254000,0x0000000170457000] [id=19203]
  0x000000014c0054b0 ConcurrentGCThread "G1 Service" [stack: 0x0000000170460000,0x0000000170663000] [id=18947]

Threads with active compile tasks:

VM state: not at safepoint (normal execution)

VM Mutex/Monitor currently owned by a thread: None

Heap address: 0x0000000780000000, size: 2048 MB, Compressed Oops mode: Zero based, Oop shift amount: 3

CDS archive(s) not mapped
Compressed class space mapped at: 0x0000000800000000-0x0000000840000000, reserved size: 1073741824
Narrow klass base: 0x0000000800000000, Narrow klass shift: 0, Narrow klass range: 0x40000000

GC Precious Log:
 CPUs: 8 total, 8 available
 Memory: 8192M
 Large Page Support: Disabled
 NUMA Support: Disabled
 Compressed Oops: Enabled (Zero based)
 Heap Region Size: 1M
 Heap Min Capacity: 8M
 Heap Initial Capacity: 128M
 Heap Max Capacity: 2G
 Pre-touch: Disabled
 Parallel Workers: 8
 Concurrent Workers: 2
 Concurrent Refinement Workers: 8
 Periodic GC: Disabled

Heap:
 garbage-first heap   total 131072K, used 8192K [0x0000000780000000, 0x0000000800000000)
  region size 1024K, 9 young (9216K), 0 survivors (0K)
 Metaspace       used 10262K, committed 10368K, reserved 1064960K
  class space    used 772K, committed 832K, reserved 1048576K

Heap Regions: E=young(eden), S=young(survivor), O=old, HS=humongous(starts), HC=humongous(continues), CS=collection set, F=free, OA=open archive, CA=closed archive, TAMS=top-at-mark-start (previous, next)
|   0|0x0000000780000000, 0x0000000780000000, 0x0000000780100000|  0%| F|  |TAMS 0x0000000780000000, 0x0000000780000000| Untracked 
|   1|0x0000000780100000, 0x0000000780100000, 0x0000000780200000|  0%| F|  |TAMS 0x0000000780100000, 0x0000000780100000| Untracked 
|   2|0x0000000780200000, 0x0000000780200000, 0x0000000780300000|  0%| F|  |TAMS 0x0000000780200000, 0x0000000780200000| Untracked 
|   3|0x0000000780300000, 0x0000000780300000, 0x0000000780400000|  0%| F|  |TAMS 0x0000000780300000, 0x0000000780300000| Untracked 
|   4|0x0000000780400000, 0x0000000780400000, 0x0000000780500000|  0%| F|  |TAMS 0x0000000780400000, 0x0000000780400000| Untracked 
|   5|0x0000000780500000, 0x0000000780500000, 0x0000000780600000|  0%| F|  |TAMS 0x0000000780500000, 0x0000000780500000| Untracked 
|   6|0x0000000780600000, 0x0000000780600000, 0x0000000780700000|  0%| F|  |TAMS 0x0000000780600000, 0x0000000780600000| Untracked 
|   7|0x0000000780700000, 0x0000000780700000, 0x0000000780800000|  0%| F|  |TAMS 0x0000000780700000, 0x0000000780700000| Untracked 
|   8|0x0000000780800000, 0x0000000780800000, 0x0000000780900000|  0%| F|  |TAMS 0x0000000780800000, 0x0000000780800000| Untracked 
|   9|0x0000000780900000, 0x0000000780900000, 0x0000000780a00000|  0%| F|  |TAMS 0x0000000780900000, 0x0000000780900000| Untracked 
|  10|0x0000000780a00000, 0x0000000780a00000, 0x0000000780b00000|  0%| F|  |TAMS 0x0000000780a00000, 0x0000000780a00000| Untracked 
|  11|0x0000000780b00000, 0x0000000780b00000, 0x0000000780c00000|  0%| F|  |TAMS 0x0000000780b00000, 0x0000000780b00000| Untracked 
|  12|0x0000000780c00000, 0x0000000780c00000, 0x0000000780d00000|  0%| F|  |TAMS 0x0000000780c00000, 0x0000000780c00000| Untracked 
|  13|0x0000000780d00000, 0x0000000780d00000, 0x0000000780e00000|  0%| F|  |TAMS 0x0000000780d00000, 0x0000000780d00000| Untracked 
|  14|0x0000000780e00000, 0x0000000780e00000, 0x0000000780f00000|  0%| F|  |TAMS 0x0000000780e00000, 0x0000000780e00000| Untracked 
|  15|0x0000000780f00000, 0x0000000780f00000, 0x0000000781000000|  0%| F|  |TAMS 0x0000000780f00000, 0x0000000780f00000| Untracked 
|  16|0x0000000781000000, 0x0000000781000000, 0x0000000781100000|  0%| F|  |TAMS 0x0000000781000000, 0x0000000781000000| Untracked 
|  17|0x0000000781100000, 0x0000000781100000, 0x0000000781200000|  0%| F|  |TAMS 0x0000000781100000, 0x0000000781100000| Untracked 
|  18|0x0000000781200000, 0x0000000781200000, 0x0000000781300000|  0%| F|  |TAMS 0x0000000781200000, 0x0000000781200000| Untracked 
|  19|0x0000000781300000, 0x0000000781300000, 0x0000000781400000|  0%| F|  |TAMS 0x0000000781300000, 0x0000000781300000| Untracked 
|  20|0x0000000781400000, 0x0000000781400000, 0x0000000781500000|  0%| F|  |TAMS 0x0000000781400000, 0x0000000781400000| Untracked 
|  21|0x0000000781500000, 0x0000000781500000, 0x0000000781600000|  0%| F|  |TAMS 0x0000000781500000, 0x0000000781500000| Untracked 
|  22|0x0000000781600000, 0x0000000781600000, 0x0000000781700000|  0%| F|  |TAMS 0x0000000781600000, 0x0000000781600000| Untracked 
|  23|0x0000000781700000, 0x0000000781700000, 0x0000000781800000|  0%| F|  |TAMS 0x0000000781700000, 0x0000000781700000| Untracked 
|  24|0x0000000781800000, 0x0000000781800000, 0x0000000781900000|  0%| F|  |TAMS 0x0000000781800000, 0x0000000781800000| Untracked 
|  25|0x0000000781900000, 0x0000000781900000, 0x0000000781a00000|  0%| F|  |TAMS 0x0000000781900000, 0x0000000781900000| Untracked 
|  26|0x0000000781a00000, 0x0000000781a00000, 0x0000000781b00000|  0%| F|  |TAMS 0x0000000781a00000, 0x0000000781a00000| Untracked 
|  27|0x0000000781b00000, 0x0000000781b00000, 0x0000000781c00000|  0%| F|  |TAMS 0x0000000781b00000, 0x0000000781b00000| Untracked 
|  28|0x0000000781c00000, 0x0000000781c00000, 0x0000000781d00000|  0%| F|  |TAMS 0x0000000781c00000, 0x0000000781c00000| Untracked 
|  29|0x0000000781d00000, 0x0000000781d00000, 0x0000000781e00000|  0%| F|  |TAMS 0x0000000781d00000, 0x0000000781d00000| Untracked 
|  30|0x0000000781e00000, 0x0000000781e00000, 0x0000000781f00000|  0%| F|  |TAMS 0x0000000781e00000, 0x0000000781e00000| Untracked 
|  31|0x0000000781f00000, 0x0000000781f00000, 0x0000000782000000|  0%| F|  |TAMS 0x0000000781f00000, 0x0000000781f00000| Untracked 
|  32|0x0000000782000000, 0x0000000782000000, 0x0000000782100000|  0%| F|  |TAMS 0x0000000782000000, 0x0000000782000000| Untracked 
|  33|0x0000000782100000, 0x0000000782100000, 0x0000000782200000|  0%| F|  |TAMS 0x0000000782100000, 0x0000000782100000| Untracked 
|  34|0x0000000782200000, 0x0000000782200000, 0x0000000782300000|  0%| F|  |TAMS 0x0000000782200000, 0x0000000782200000| Untracked 
|  35|0x0000000782300000, 0x0000000782300000, 0x0000000782400000|  0%| F|  |TAMS 0x0000000782300000, 0x0000000782300000| Untracked 
|  36|0x0000000782400000, 0x0000000782400000, 0x0000000782500000|  0%| F|  |TAMS 0x0000000782400000, 0x0000000782400000| Untracked 
|  37|0x0000000782500000, 0x0000000782500000, 0x0000000782600000|  0%| F|  |TAMS 0x0000000782500000, 0x0000000782500000| Untracked 
|  38|0x0000000782600000, 0x0000000782600000, 0x0000000782700000|  0%| F|  |TAMS 0x0000000782600000, 0x0000000782600000| Untracked 
|  39|0x0000000782700000, 0x0000000782700000, 0x0000000782800000|  0%| F|  |TAMS 0x0000000782700000, 0x0000000782700000| Untracked 
|  40|0x0000000782800000, 0x0000000782800000, 0x0000000782900000|  0%| F|  |TAMS 0x0000000782800000, 0x0000000782800000| Untracked 
|  41|0x0000000782900000, 0x0000000782900000, 0x0000000782a00000|  0%| F|  |TAMS 0x0000000782900000, 0x0000000782900000| Untracked 
|  42|0x0000000782a00000, 0x0000000782a00000, 0x0000000782b00000|  0%| F|  |TAMS 0x0000000782a00000, 0x0000000782a00000| Untracked 
|  43|0x0000000782b00000, 0x0000000782b00000, 0x0000000782c00000|  0%| F|  |TAMS 0x0000000782b00000, 0x0000000782b00000| Untracked 
|  44|0x0000000782c00000, 0x0000000782c00000, 0x0000000782d00000|  0%| F|  |TAMS 0x0000000782c00000, 0x0000000782c00000| Untracked 
|  45|0x0000000782d00000, 0x0000000782d00000, 0x0000000782e00000|  0%| F|  |TAMS 0x0000000782d00000, 0x0000000782d00000| Untracked 
|  46|0x0000000782e00000, 0x0000000782e00000, 0x0000000782f00000|  0%| F|  |TAMS 0x0000000782e00000, 0x0000000782e00000| Untracked 
|  47|0x0000000782f00000, 0x0000000782f00000, 0x0000000783000000|  0%| F|  |TAMS 0x0000000782f00000, 0x0000000782f00000| Untracked 
|  48|0x0000000783000000, 0x0000000783000000, 0x0000000783100000|  0%| F|  |TAMS 0x0000000783000000, 0x0000000783000000| Untracked 
|  49|0x0000000783100000, 0x0000000783100000, 0x0000000783200000|  0%| F|  |TAMS 0x0000000783100000, 0x0000000783100000| Untracked 
|  50|0x0000000783200000, 0x0000000783200000, 0x0000000783300000|  0%| F|  |TAMS 0x0000000783200000, 0x0000000783200000| Untracked 
|  51|0x0000000783300000, 0x0000000783300000, 0x0000000783400000|  0%| F|  |TAMS 0x0000000783300000, 0x0000000783300000| Untracked 
|  52|0x0000000783400000, 0x0000000783400000, 0x0000000783500000|  0%| F|  |TAMS 0x0000000783400000, 0x0000000783400000| Untracked 
|  53|0x0000000783500000, 0x0000000783500000, 0x0000000783600000|  0%| F|  |TAMS 0x0000000783500000, 0x0000000783500000| Untracked 
|  54|0x0000000783600000, 0x0000000783600000, 0x0000000783700000|  0%| F|  |TAMS 0x0000000783600000, 0x0000000783600000| Untracked 
|  55|0x0000000783700000, 0x0000000783700000, 0x0000000783800000|  0%| F|  |TAMS 0x0000000783700000, 0x0000000783700000| Untracked 
|  56|0x0000000783800000, 0x0000000783800000, 0x0000000783900000|  0%| F|  |TAMS 0x0000000783800000, 0x0000000783800000| Untracked 
|  57|0x0000000783900000, 0x0000000783900000, 0x0000000783a00000|  0%| F|  |TAMS 0x0000000783900000, 0x0000000783900000| Untracked 
|  58|0x0000000783a00000, 0x0000000783a00000, 0x0000000783b00000|  0%| F|  |TAMS 0x0000000783a00000, 0x0000000783a00000| Untracked 
|  59|0x0000000783b00000, 0x0000000783b00000, 0x0000000783c00000|  0%| F|  |TAMS 0x0000000783b00000, 0x0000000783b00000| Untracked 
|  60|0x0000000783c00000, 0x0000000783c00000, 0x0000000783d00000|  0%| F|  |TAMS 0x0000000783c00000, 0x0000000783c00000| Untracked 
|  61|0x0000000783d00000, 0x0000000783d00000, 0x0000000783e00000|  0%| F|  |TAMS 0x0000000783d00000, 0x0000000783d00000| Untracked 
|  62|0x0000000783e00000, 0x0000000783e00000, 0x0000000783f00000|  0%| F|  |TAMS 0x0000000783e00000, 0x0000000783e00000| Untracked 
|  63|0x0000000783f00000, 0x0000000783f00000, 0x0000000784000000|  0%| F|  |TAMS 0x0000000783f00000, 0x0000000783f00000| Untracked 
|  64|0x0000000784000000, 0x0000000784000000, 0x0000000784100000|  0%| F|  |TAMS 0x0000000784000000, 0x0000000784000000| Untracked 
|  65|0x0000000784100000, 0x0000000784100000, 0x0000000784200000|  0%| F|  |TAMS 0x0000000784100000, 0x0000000784100000| Untracked 
|  66|0x0000000784200000, 0x0000000784200000, 0x0000000784300000|  0%| F|  |TAMS 0x0000000784200000, 0x0000000784200000| Untracked 
|  67|0x0000000784300000, 0x0000000784300000, 0x0000000784400000|  0%| F|  |TAMS 0x0000000784300000, 0x0000000784300000| Untracked 
|  68|0x0000000784400000, 0x0000000784400000, 0x0000000784500000|  0%| F|  |TAMS 0x0000000784400000, 0x0000000784400000| Untracked 
|  69|0x0000000784500000, 0x0000000784500000, 0x0000000784600000|  0%| F|  |TAMS 0x0000000784500000, 0x0000000784500000| Untracked 
|  70|0x0000000784600000, 0x0000000784600000, 0x0000000784700000|  0%| F|  |TAMS 0x0000000784600000, 0x0000000784600000| Untracked 
|  71|0x0000000784700000, 0x0000000784700000, 0x0000000784800000|  0%| F|  |TAMS 0x0000000784700000, 0x0000000784700000| Untracked 
|  72|0x0000000784800000, 0x0000000784800000, 0x0000000784900000|  0%| F|  |TAMS 0x0000000784800000, 0x0000000784800000| Untracked 
|  73|0x0000000784900000, 0x0000000784900000, 0x0000000784a00000|  0%| F|  |TAMS 0x0000000784900000, 0x0000000784900000| Untracked 
|  74|0x0000000784a00000, 0x0000000784a00000, 0x0000000784b00000|  0%| F|  |TAMS 0x0000000784a00000, 0x0000000784a00000| Untracked 
|  75|0x0000000784b00000, 0x0000000784b00000, 0x0000000784c00000|  0%| F|  |TAMS 0x0000000784b00000, 0x0000000784b00000| Untracked 
|  76|0x0000000784c00000, 0x0000000784c00000, 0x0000000784d00000|  0%| F|  |TAMS 0x0000000784c00000, 0x0000000784c00000| Untracked 
|  77|0x0000000784d00000, 0x0000000784d00000, 0x0000000784e00000|  0%| F|  |TAMS 0x0000000784d00000, 0x0000000784d00000| Untracked 
|  78|0x0000000784e00000, 0x0000000784e00000, 0x0000000784f00000|  0%| F|  |TAMS 0x0000000784e00000, 0x0000000784e00000| Untracked 
|  79|0x0000000784f00000, 0x0000000784f00000, 0x0000000785000000|  0%| F|  |TAMS 0x0000000784f00000, 0x0000000784f00000| Untracked 
|  80|0x0000000785000000, 0x0000000785000000, 0x0000000785100000|  0%| F|  |TAMS 0x0000000785000000, 0x0000000785000000| Untracked 
|  81|0x0000000785100000, 0x0000000785100000, 0x0000000785200000|  0%| F|  |TAMS 0x0000000785100000, 0x0000000785100000| Untracked 
|  82|0x0000000785200000, 0x0000000785200000, 0x0000000785300000|  0%| F|  |TAMS 0x0000000785200000, 0x0000000785200000| Untracked 
|  83|0x0000000785300000, 0x0000000785300000, 0x0000000785400000|  0%| F|  |TAMS 0x0000000785300000, 0x0000000785300000| Untracked 
|  84|0x0000000785400000, 0x0000000785400000, 0x0000000785500000|  0%| F|  |TAMS 0x0000000785400000, 0x0000000785400000| Untracked 
|  85|0x0000000785500000, 0x0000000785500000, 0x0000000785600000|  0%| F|  |TAMS 0x0000000785500000, 0x0000000785500000| Untracked 
|  86|0x0000000785600000, 0x0000000785600000, 0x0000000785700000|  0%| F|  |TAMS 0x0000000785600000, 0x0000000785600000| Untracked 
|  87|0x0000000785700000, 0x0000000785700000, 0x0000000785800000|  0%| F|  |TAMS 0x0000000785700000, 0x0000000785700000| Untracked 
|  88|0x0000000785800000, 0x0000000785800000, 0x0000000785900000|  0%| F|  |TAMS 0x0000000785800000, 0x0000000785800000| Untracked 
|  89|0x0000000785900000, 0x0000000785900000, 0x0000000785a00000|  0%| F|  |TAMS 0x0000000785900000, 0x0000000785900000| Untracked 
|  90|0x0000000785a00000, 0x0000000785a00000, 0x0000000785b00000|  0%| F|  |TAMS 0x0000000785a00000, 0x0000000785a00000| Untracked 
|  91|0x0000000785b00000, 0x0000000785b00000, 0x0000000785c00000|  0%| F|  |TAMS 0x0000000785b00000, 0x0000000785b00000| Untracked 
|  92|0x0000000785c00000, 0x0000000785c00000, 0x0000000785d00000|  0%| F|  |TAMS 0x0000000785c00000, 0x0000000785c00000| Untracked 
|  93|0x0000000785d00000, 0x0000000785d00000, 0x0000000785e00000|  0%| F|  |TAMS 0x0000000785d00000, 0x0000000785d00000| Untracked 
|  94|0x0000000785e00000, 0x0000000785e00000, 0x0000000785f00000|  0%| F|  |TAMS 0x0000000785e00000, 0x0000000785e00000| Untracked 
|  95|0x0000000785f00000, 0x0000000785f00000, 0x0000000786000000|  0%| F|  |TAMS 0x0000000785f00000, 0x0000000785f00000| Untracked 
|  96|0x0000000786000000, 0x0000000786000000, 0x0000000786100000|  0%| F|  |TAMS 0x0000000786000000, 0x0000000786000000| Untracked 
|  97|0x0000000786100000, 0x0000000786100000, 0x0000000786200000|  0%| F|  |TAMS 0x0000000786100000, 0x0000000786100000| Untracked 
|  98|0x0000000786200000, 0x0000000786200000, 0x0000000786300000|  0%| F|  |TAMS 0x0000000786200000, 0x0000000786200000| Untracked 
|  99|0x0000000786300000, 0x0000000786300000, 0x0000000786400000|  0%| F|  |TAMS 0x0000000786300000, 0x0000000786300000| Untracked 
| 100|0x0000000786400000, 0x0000000786400000, 0x0000000786500000|  0%| F|  |TAMS 0x0000000786400000, 0x0000000786400000| Untracked 
| 101|0x0000000786500000, 0x0000000786500000, 0x0000000786600000|  0%| F|  |TAMS 0x0000000786500000, 0x0000000786500000| Untracked 
| 102|0x0000000786600000, 0x0000000786600000, 0x0000000786700000|  0%| F|  |TAMS 0x0000000786600000, 0x0000000786600000| Untracked 
| 103|0x0000000786700000, 0x0000000786700000, 0x0000000786800000|  0%| F|  |TAMS 0x0000000786700000, 0x0000000786700000| Untracked 
| 104|0x0000000786800000, 0x0000000786800000, 0x0000000786900000|  0%| F|  |TAMS 0x0000000786800000, 0x0000000786800000| Untracked 
| 105|0x0000000786900000, 0x0000000786900000, 0x0000000786a00000|  0%| F|  |TAMS 0x0000000786900000, 0x0000000786900000| Untracked 
| 106|0x0000000786a00000, 0x0000000786a00000, 0x0000000786b00000|  0%| F|  |TAMS 0x0000000786a00000, 0x0000000786a00000| Untracked 
| 107|0x0000000786b00000, 0x0000000786b00000, 0x0000000786c00000|  0%| F|  |TAMS 0x0000000786b00000, 0x0000000786b00000| Untracked 
| 108|0x0000000786c00000, 0x0000000786c00000, 0x0000000786d00000|  0%| F|  |TAMS 0x0000000786c00000, 0x0000000786c00000| Untracked 
| 109|0x0000000786d00000, 0x0000000786d00000, 0x0000000786e00000|  0%| F|  |TAMS 0x0000000786d00000, 0x0000000786d00000| Untracked 
| 110|0x0000000786e00000, 0x0000000786e00000, 0x0000000786f00000|  0%| F|  |TAMS 0x0000000786e00000, 0x0000000786e00000| Untracked 
| 111|0x0000000786f00000, 0x0000000786f00000, 0x0000000787000000|  0%| F|  |TAMS 0x0000000786f00000, 0x0000000786f00000| Untracked 
| 112|0x0000000787000000, 0x0000000787000000, 0x0000000787100000|  0%| F|  |TAMS 0x0000000787000000, 0x0000000787000000| Untracked 
| 113|0x0000000787100000, 0x0000000787100000, 0x0000000787200000|  0%| F|  |TAMS 0x0000000787100000, 0x0000000787100000| Untracked 
| 114|0x0000000787200000, 0x0000000787200000, 0x0000000787300000|  0%| F|  |TAMS 0x0000000787200000, 0x0000000787200000| Untracked 
| 115|0x0000000787300000, 0x0000000787300000, 0x0000000787400000|  0%| F|  |TAMS 0x0000000787300000, 0x0000000787300000| Untracked 
| 116|0x0000000787400000, 0x0000000787400000, 0x0000000787500000|  0%| F|  |TAMS 0x0000000787400000, 0x0000000787400000| Untracked 
| 117|0x0000000787500000, 0x0000000787500000, 0x0000000787600000|  0%| F|  |TAMS 0x0000000787500000, 0x0000000787500000| Untracked 
| 118|0x0000000787600000, 0x0000000787600000, 0x0000000787700000|  0%| F|  |TAMS 0x0000000787600000, 0x0000000787600000| Untracked 
| 119|0x0000000787700000, 0x0000000787800000, 0x0000000787800000|100%| E|  |TAMS 0x0000000787700000, 0x0000000787700000| Complete 
| 120|0x0000000787800000, 0x0000000787900000, 0x0000000787900000|100%| E|CS|TAMS 0x0000000787800000, 0x0000000787800000| Complete 
| 121|0x0000000787900000, 0x0000000787a00000, 0x0000000787a00000|100%| E|CS|TAMS 0x0000000787900000, 0x0000000787900000| Complete 
| 122|0x0000000787a00000, 0x0000000787b00000, 0x0000000787b00000|100%| E|CS|TAMS 0x0000000787a00000, 0x0000000787a00000| Complete 
| 123|0x0000000787b00000, 0x0000000787c00000, 0x0000000787c00000|100%| E|CS|TAMS 0x0000000787b00000, 0x0000000787b00000| Complete 
| 124|0x0000000787c00000, 0x0000000787d00000, 0x0000000787d00000|100%| E|CS|TAMS 0x0000000787c00000, 0x0000000787c00000| Complete 
| 125|0x0000000787d00000, 0x0000000787e00000, 0x0000000787e00000|100%| E|CS|TAMS 0x0000000787d00000, 0x0000000787d00000| Complete 
| 126|0x0000000787e00000, 0x0000000787f00000, 0x0000000787f00000|100%| E|CS|TAMS 0x0000000787e00000, 0x0000000787e00000| Complete 
| 127|0x0000000787f00000, 0x0000000788000000, 0x0000000788000000|100%| E|CS|TAMS 0x0000000787f00000, 0x0000000787f00000| Complete 

Card table byte_map: [0x0000000100a18000,0x0000000100e18000] _byte_map_base: 0x00000000fce18000

Marking Bits (Prev, Next): (CMBitMap*) 0x000000014b00f610, (CMBitMap*) 0x000000014b00f650
 Prev Bits: [0x0000000118db4000, 0x000000011adb4000)
 Next Bits: [0x000000011adb4000, 0x000000011cdb4000)

Polling page: 0x0000000100370000

Metaspace:

Usage:
  Non-class:      9.27 MB used.
      Class:    772.63 KB used.
       Both:     10.02 MB used.

Virtual space:
  Non-class space:       16.00 MB reserved,       9.31 MB ( 58%) committed,  2 nodes.
      Class space:        1.00 GB reserved,     832.00 KB ( <1%) committed,  1 nodes.
             Both:        1.02 GB reserved,      10.12 MB ( <1%) committed. 

Chunk freelists:
   Non-Class:  1.89 MB
       Class:  3.16 MB
        Both:  5.05 MB

MaxMetaspaceSize: unlimited
CompressedClassSpaceSize: 1.00 GB
Initial GC threshold: 21.00 MB
Current GC threshold: 21.00 MB
CDS: off
MetaspaceReclaimPolicy: balanced
 - commit_granule_bytes: 65536.
 - commit_granule_words: 8192.
 - virtual_space_node_default_size: 1048576.
 - enlarge_chunks_in_place: 1.
 - new_chunks_are_fully_committed: 0.
 - uncommit_free_chunks: 1.
 - use_allocation_guard: 0.
 - handle_deallocations: 1.


Internal statistics:

num_allocs_failed_limit: 0.
num_arena_births: 66.
num_arena_deaths: 0.
num_vsnodes_births: 3.
num_vsnodes_deaths: 0.
num_space_committed: 160.
num_space_uncommitted: 0.
num_chunks_returned_to_freelist: 0.
num_chunks_taken_from_freelist: 180.
num_chunk_merges: 0.
num_chunk_splits: 112.
num_chunks_enlarged: 78.
num_purges: 0.
num_inconsistent_stats: 0.

CodeHeap 'non-profiled nmethods': size=120032Kb used=165Kb max_used=165Kb free=119866Kb
 bounds [0x000000011187c000, 0x0000000111aec000, 0x0000000118db4000]
CodeHeap 'profiled nmethods': size=120016Kb used=1003Kb max_used=1003Kb free=119012Kb
 bounds [0x000000010a348000, 0x000000010a5b8000, 0x000000011187c000]
CodeHeap 'non-nmethods': size=5712Kb used=1512Kb max_used=1541Kb free=4199Kb
 bounds [0x0000000109db4000, 0x000000010a024000, 0x000000010a348000]
 total_blobs=1539 nmethods=580 adapters=876
 compilation: enabled
              stopped_count=0, restarted_count=0
 full_count=0

Compilation events (20 events):
Event: 0.297 Thread 0x000000014b852800 nmethod 566 0x00000001118a3c90 code [0x00000001118a3e40, 0x00000001118a3f40]
Event: 0.297 Thread 0x000000014b852800  571       4       jdk.internal.misc.Unsafe::putReferenceRelease (9 bytes)
Event: 0.297 Thread 0x000000014b852800 nmethod 571 0x00000001118a4010 code [0x00000001118a4180, 0x00000001118a4320]
Event: 0.303 Thread 0x000000014b85da00 nmethod 573 0x000000010a430990 code [0x000000010a4324c0, 0x000000010a43d4d8]
Event: 0.619 Thread 0x000000014b85da00  575       3       de.novi.Timer::getTime (9 bytes)
Event: 0.619 Thread 0x000000014b85da00 nmethod 575 0x000000010a441810 code [0x000000010a441a00, 0x000000010a441b68]
Event: 1.070 Thread 0x000000014b85da00  577       3       java.util.ArrayList$Itr::hasNext (20 bytes)
Event: 1.070 Thread 0x000000014b85da00 nmethod 577 0x000000010a441c10 code [0x000000010a441dc0, 0x000000010a441f68]
Event: 2.110 Thread 0x000000014b85da00  578       3       org.lwjgl.opengl.GL30::glBindVertexArray (5 bytes)
Event: 2.111 Thread 0x000000014b85da00 nmethod 578 0x000000010a442010 code [0x000000010a4421c0, 0x000000010a442318]
Event: 2.125 Thread 0x000000014b85da00  580       3       de.novi.Window::isKeyPressed (16 bytes)
Event: 2.125 Thread 0x000000014b85da00 nmethod 580 0x000000010a442410 code [0x000000010a4425c0, 0x000000010a442798]
Event: 2.125 Thread 0x000000014b85da00  581       3       org.lwjgl.glfw.GLFW::glfwGetKey (22 bytes)
Event: 2.126 Thread 0x000000014b85da00 nmethod 581 0x000000010a442890 code [0x000000010a442a80, 0x000000010a442d48]
Event: 2.126 Thread 0x000000014b85da00  582       1       de.novi.Mesh::getVaoId (5 bytes)
Event: 2.126 Thread 0x000000014b85da00 nmethod 582 0x00000001118a4e10 code [0x00000001118a4f80, 0x00000001118a5068]
Event: 2.126 Thread 0x000000014b85da00  583       1       de.novi.Mesh::getVertexCount (5 bytes)
Event: 2.126 Thread 0x000000014b85da00 nmethod 583 0x00000001118a5110 code [0x00000001118a5280, 0x00000001118a5368]
Event: 2.127 Thread 0x000000014b85da00  584       1       de.novi.Timer::getLastLoopTime (5 bytes)
Event: 2.127 Thread 0x000000014b85da00 nmethod 584 0x00000001118a5410 code [0x00000001118a5580, 0x00000001118a5668]

GC Heap History (0 events):
No events

Deoptimization events (20 events):
Event: 0.093 Thread 0x000000014a808200 DEOPT PACKING pc=0x000000010a35df7c sp=0x000000016fb999b0
Event: 0.093 Thread 0x000000014a808200 DEOPT UNPACKING pc=0x0000000109df2b7c sp=0x000000016fb99640 mode 0
Event: 0.093 Thread 0x000000014a808200 DEOPT PACKING pc=0x000000010a35df7c sp=0x000000016fb999b0
Event: 0.093 Thread 0x000000014a808200 DEOPT UNPACKING pc=0x0000000109df2b7c sp=0x000000016fb99640 mode 0
Event: 0.093 Thread 0x000000014a808200 DEOPT PACKING pc=0x000000010a35df7c sp=0x000000016fb999b0
Event: 0.093 Thread 0x000000014a808200 DEOPT UNPACKING pc=0x0000000109df2b7c sp=0x000000016fb99640 mode 0
Event: 0.119 Thread 0x000000014a808200 DEOPT PACKING pc=0x000000010a35c884 sp=0x000000016fb99840
Event: 0.120 Thread 0x000000014a808200 DEOPT UNPACKING pc=0x0000000109df2b7c sp=0x000000016fb99470 mode 0
Event: 0.247 Thread 0x000000014a808200 DEOPT PACKING pc=0x000000010a34d0e4 sp=0x000000016fb9b240
Event: 0.247 Thread 0x000000014a808200 DEOPT UNPACKING pc=0x0000000109df2b7c sp=0x000000016fb9aed0 mode 0
Event: 0.256 Thread 0x000000014a808200 Uncommon trap: trap_request=0xffffff45 fr.pc=0x0000000111891ce4 relative=0x0000000000000064
Event: 0.256 Thread 0x000000014a808200 Uncommon trap: reason=unstable_if action=reinterpret pc=0x0000000111891ce4 method=java.lang.String.isLatin1()Z @ 10 c2
Event: 0.256 Thread 0x000000014a808200 DEOPT PACKING pc=0x0000000111891ce4 sp=0x000000016fb9bfb0
Event: 0.256 Thread 0x000000014a808200 DEOPT UNPACKING pc=0x0000000109df2d1c sp=0x000000016fb9bf50 mode 2
Event: 0.256 Thread 0x000000014a808200 DEOPT PACKING pc=0x000000010a3bb9f4 sp=0x000000016fb9ba50
Event: 0.256 Thread 0x000000014a808200 DEOPT UNPACKING pc=0x0000000109df2b7c sp=0x000000016fb9b710 mode 3
Event: 0.295 Thread 0x000000014a808200 Uncommon trap: trap_request=0xffffff54 fr.pc=0x00000001118a1068 relative=0x0000000000000068
Event: 0.295 Thread 0x000000014a808200 Uncommon trap: reason=speculate_null_assert action=make_not_entrant pc=0x00000001118a1068 method=sun.misc.Unsafe.getLong(Ljava/lang/Object;J)J @ 5 c2
Event: 0.295 Thread 0x000000014a808200 DEOPT PACKING pc=0x00000001118a1068 sp=0x000000016fb9c710
Event: 0.295 Thread 0x000000014a808200 DEOPT UNPACKING pc=0x0000000109df2d1c sp=0x000000016fb9c6a0 mode 2

Classes unloaded (0 events):
No events

Classes redefined (0 events):
No events

Internal exceptions (16 events):
Event: 0.078 Thread 0x000000014a808200 Exception <a 'java/lang/NoSuchMethodError'{0x0000000787d251a0}: 'java.lang.Object java.lang.invoke.DirectMethodHandle$Holder.invokeStaticInit(java.lang.Object)'> (0x0000000787d251a0) 
thrown [../../src/hotspot/share/interpreter/linkResolver.cpp, line 766]
Event: 0.083 Thread 0x000000014a808200 Exception <a 'java/lang/NoSuchMethodError'{0x0000000787d71f90}: 'void java.lang.invoke.DirectMethodHandle$Holder.invokeStatic(java.lang.Object, java.lang.Object)'> (0x0000000787d71f90) 
thrown [../../src/hotspot/share/interpreter/linkResolver.cpp, line 766]
Event: 0.084 Thread 0x000000014a808200 Exception <a 'java/lang/NoSuchMethodError'{0x0000000787d777d8}: 'void java.lang.invoke.DirectMethodHandle$Holder.invokeSpecial(java.lang.Object, java.lang.Object, java.lang.Object)'> (0x0000000787d777d8) 
thrown [../../src/hotspot/share/interpreter/linkResolver.cpp, line 766]
Event: 0.085 Thread 0x000000014a808200 Exception <a 'java/lang/NoSuchMethodError'{0x0000000787d8ab38}: 'java.lang.Object java.lang.invoke.DirectMethodHandle$Holder.invokeStatic(java.lang.Object, java.lang.Object, int)'> (0x0000000787d8ab38) 
thrown [../../src/hotspot/share/interpreter/linkResolver.cpp, line 766]
Event: 0.086 Thread 0x000000014a808200 Exception <a 'java/lang/NoSuchMethodError'{0x0000000787d968a8}: 'void java.lang.invoke.DelegatingMethodHandle$Holder.delegate(java.lang.Object, java.lang.Object, int, java.lang.Object)'> (0x0000000787d968a8) 
thrown [../../src/hotspot/share/interpreter/linkResolver.cpp, line 766]
Event: 0.086 Thread 0x000000014a808200 Exception <a 'java/lang/NoSuchMethodError'{0x0000000787d9aef0}: 'int java.lang.invoke.DirectMethodHandle$Holder.invokeSpecial(java.lang.Object, java.lang.Object, java.lang.Object)'> (0x0000000787d9aef0) 
thrown [../../src/hotspot/share/interpreter/linkResolver.cpp, line 766]
Event: 0.102 Thread 0x000000014a808200 Exception <a 'sun/nio/fs/UnixException'{0x0000000787cae648}> (0x0000000787cae648) 
thrown [../../src/hotspot/share/prims/jni.cpp, line 516]
Event: 0.108 Thread 0x000000014a808200 Exception <a 'java/lang/NoSuchMethodError'{0x0000000787b4ea28}: 'int java.lang.invoke.DirectMethodHandle$Holder.invokeStaticInit(java.lang.Object, java.lang.Object, int, long)'> (0x0000000787b4ea28) 
thrown [../../src/hotspot/share/interpreter/linkResolver.cpp, line 766]
Event: 0.108 Thread 0x000000014a808200 Exception <a 'java/lang/NoSuchMethodError'{0x0000000787b542f0}: 'java.lang.Object java.lang.invoke.DirectMethodHandle$Holder.newInvokeSpecial(java.lang.Object, java.lang.Object, int)'> (0x0000000787b542f0) 
thrown [../../src/hotspot/share/interpreter/linkResolver.cpp, line 766]
Event: 0.109 Thread 0x000000014a808200 Exception <a 'java/lang/NoSuchMethodError'{0x0000000787b62f60}: 'int java.lang.invoke.DirectMethodHandle$Holder.invokeStaticInit(java.lang.Object, java.lang.Object, long, long)'> (0x0000000787b62f60) 
thrown [../../src/hotspot/share/interpreter/linkResolver.cpp, line 766]
Event: 0.110 Thread 0x000000014a808200 Exception <a 'java/lang/NoSuchMethodError'{0x0000000787b69070}: 'java.lang.Object java.lang.invoke.DirectMethodHandle$Holder.newInvokeSpecial(java.lang.Object, java.lang.Object, long)'> (0x0000000787b69070) 
thrown [../../src/hotspot/share/interpreter/linkResolver.cpp, line 766]
Event: 0.110 Thread 0x000000014a808200 Exception <a 'java/lang/NoSuchMethodError'{0x0000000787b6d0b8}: 'java.lang.Object java.lang.invoke.Invokers$Holder.linkToTargetMethod(java.lang.Object, long, java.lang.Object)'> (0x0000000787b6d0b8) 
thrown [../../src/hotspot/share/interpreter/linkResolver.cpp, line 766]
Event: 0.110 Thread 0x000000014a808200 Exception <a 'java/lang/NoSuchMethodError'{0x0000000787b747d0}: 'int java.lang.invoke.DirectMethodHandle$Holder.invokeStaticInit(java.lang.Object, java.lang.Object, java.lang.Object, long)'> (0x0000000787b747d0) 
thrown [../../src/hotspot/share/interpreter/linkResolver.cpp, line 766]
Event: 0.119 Thread 0x000000014a808200 Exception <a 'sun/nio/fs/UnixException'{0x0000000787a184a8}> (0x0000000787a184a8) 
thrown [../../src/hotspot/share/prims/jni.cpp, line 516]
Event: 0.127 Thread 0x000000014a808200 Exception <a 'sun/nio/fs/UnixException'{0x0000000787a8f690}> (0x0000000787a8f690) 
thrown [../../src/hotspot/share/prims/jni.cpp, line 516]
Event: 0.246 Thread 0x000000014a808200 Exception <a 'sun/nio/fs/UnixException'{0x0000000787adf690}> (0x0000000787adf690) 
thrown [../../src/hotspot/share/prims/jni.cpp, line 516]

VM Operations (6 events):
Event: 0.061 Executing VM operation: HandshakeAllThreads
Event: 0.061 Executing VM operation: HandshakeAllThreads done
Event: 0.098 Executing VM operation: HandshakeAllThreads
Event: 0.098 Executing VM operation: HandshakeAllThreads done
Event: 1.103 Executing VM operation: Cleanup
Event: 1.103 Executing VM operation: Cleanup done

Events (20 events):
Event: 0.291 loading class java/util/Scanner$PatternLRUCache
Event: 0.291 loading class java/util/Scanner$PatternLRUCache done
Event: 0.291 loading class java/text/NumberFormat
Event: 0.291 loading class java/text/Format
Event: 0.291 loading class java/text/Format done
Event: 0.291 loading class java/text/NumberFormat done
Event: 0.291 loading class java/text/spi/NumberFormatProvider
Event: 0.291 loading class java/text/spi/NumberFormatProvider done
Event: 0.291 loading class sun/util/locale/provider/NumberFormatProviderImpl
Event: 0.291 loading class sun/util/locale/provider/NumberFormatProviderImpl done
Event: 0.291 loading class java/text/DecimalFormat
Event: 0.292 loading class java/text/DecimalFormat done
Event: 0.292 loading class java/text/FieldPosition
Event: 0.292 loading class java/text/FieldPosition done
Event: 0.292 loading class java/text/DigitList
Event: 0.292 loading class java/text/DigitList done
Event: 0.292 loading class java/math/RoundingMode
Event: 0.292 loading class java/math/RoundingMode done
Event: 0.294 loading class jdk/internal/misc/ScopedMemoryAccess$Scope
Event: 0.294 loading class jdk/internal/misc/ScopedMemoryAccess$Scope done


Dynamic libraries:
0x000000010031c000 	/Users/vn/.sdkman/candidates/java/17.0.1-tem/lib/libjli.dylib
0x00000001abc2d000 	/usr/lib/libz.1.dylib
0x00000001abce2000 	/usr/lib/libSystem.B.dylib
0x00000001abcdc000 	/usr/lib/system/libcache.dylib
0x00000001abc99000 	/usr/lib/system/libcommonCrypto.dylib
0x00000001abcc3000 	/usr/lib/system/libcompiler_rt.dylib
0x00000001abcb9000 	/usr/lib/system/libcopyfile.dylib
0x00000001a04fe000 	/usr/lib/system/libcorecrypto.dylib
0x00000001a05b5000 	/usr/lib/system/libdispatch.dylib
0x00000001a0745000 	/usr/lib/system/libdyld.dylib
0x00000001abcd2000 	/usr/lib/system/libkeymgr.dylib
0x00000001abc77000 	/usr/lib/system/libmacho.dylib
0x00000001ab38b000 	/usr/lib/system/libquarantine.dylib
0x00000001abccf000 	/usr/lib/system/libremovefile.dylib
0x00000001a5387000 	/usr/lib/system/libsystem_asl.dylib
0x00000001a049c000 	/usr/lib/system/libsystem_blocks.dylib
0x00000001a05ff000 	/usr/lib/system/libsystem_c.dylib
0x00000001abcc7000 	/usr/lib/system/libsystem_collections.dylib
0x00000001aa8d2000 	/usr/lib/system/libsystem_configuration.dylib
0x00000001a98b0000 	/usr/lib/system/libsystem_containermanager.dylib
0x00000001ab99d000 	/usr/lib/system/libsystem_coreservices.dylib
0x00000001a3542000 	/usr/lib/system/libsystem_darwin.dylib
0x00000001abcd3000 	/usr/lib/system/libsystem_dnssd.dylib
0x00000001a05fc000 	/usr/lib/system/libsystem_featureflags.dylib
0x00000001a0771000 	/usr/lib/system/libsystem_info.dylib
0x00000001abc3f000 	/usr/lib/system/libsystem_m.dylib
0x00000001a0589000 	/usr/lib/system/libsystem_malloc.dylib
0x00000001a5309000 	/usr/lib/system/libsystem_networkextension.dylib
0x00000001a39a7000 	/usr/lib/system/libsystem_notify.dylib
0x00000001aa8d7000 	/usr/lib/system/libsystem_sandbox.dylib
0x00000001abccc000 	/usr/lib/system/libsystem_secinit.dylib
0x00000001a06ff000 	/usr/lib/system/libsystem_kernel.dylib
0x00000001a0769000 	/usr/lib/system/libsystem_platform.dylib
0x00000001a0738000 	/usr/lib/system/libsystem_pthread.dylib
0x00000001a6b15000 	/usr/lib/system/libsystem_symptoms.dylib
0x00000001a04e4000 	/usr/lib/system/libsystem_trace.dylib
0x00000001abca6000 	/usr/lib/system/libunwind.dylib
0x00000001a04a1000 	/usr/lib/system/libxpc.dylib
0x00000001a06e7000 	/usr/lib/libc++abi.dylib
0x00000001a0458000 	/usr/lib/libobjc.A.dylib
0x00000001abcb1000 	/usr/lib/liboah.dylib
0x00000001a0680000 	/usr/lib/libc++.1.dylib
0x00000001b7e47000 	/System/Library/Frameworks/Cocoa.framework/Versions/A/Cocoa
0x00000001a3a07000 	/System/Library/Frameworks/AppKit.framework/Versions/C/AppKit
0x00000001a6364000 	/System/Library/Frameworks/CoreData.framework/Versions/A/CoreData
0x00000001a16bc000 	/System/Library/Frameworks/Foundation.framework/Versions/C/Foundation
0x00000001a4904000 	/System/Library/PrivateFrameworks/UIFoundation.framework/Versions/A/UIFoundation
0x000000021015a000 	/System/Library/PrivateFrameworks/CollectionViewCore.framework/Versions/A/CollectionViewCore
0x00000001b238f000 	/System/Library/PrivateFrameworks/RemoteViewServices.framework/Versions/A/RemoteViewServices
0x00000001aa199000 	/System/Library/PrivateFrameworks/XCTTargetBootstrap.framework/Versions/A/XCTTargetBootstrap
0x00000001adae7000 	/System/Library/PrivateFrameworks/InternationalSupport.framework/Versions/A/InternationalSupport
0x00000001adb6e000 	/System/Library/PrivateFrameworks/UserActivity.framework/Versions/A/UserActivity
0x00000002262ac000 	/System/Library/PrivateFrameworks/WindowManagement.framework/Versions/A/WindowManagement
0x00000001a1387000 	/System/Library/Frameworks/SystemConfiguration.framework/Versions/A/SystemConfiguration
0x00000001acfa0000 	/usr/lib/libspindump.dylib
0x00000001a4aa4000 	/System/Library/Frameworks/UniformTypeIdentifiers.framework/Versions/A/UniformTypeIdentifiers
0x00000001a840f000 	/usr/lib/libapp_launch_measurement.dylib
0x00000001a78d6000 	/System/Library/PrivateFrameworks/CoreAnalytics.framework/Versions/A/CoreAnalytics
0x00000001a8416000 	/System/Library/PrivateFrameworks/CoreAutoLayout.framework/Versions/A/CoreAutoLayout
0x00000001a9902000 	/System/Library/Frameworks/Metal.framework/Versions/A/Metal
0x00000001aa8e3000 	/usr/lib/liblangid.dylib
0x00000001aa19f000 	/System/Library/PrivateFrameworks/CoreSVG.framework/Versions/A/CoreSVG
0x00000001a53bd000 	/System/Library/PrivateFrameworks/SkyLight.framework/Versions/A/SkyLight
0x00000001a57bf000 	/System/Library/Frameworks/CoreGraphics.framework/Versions/A/CoreGraphics
0x00000001b2a52000 	/System/Library/Frameworks/Accelerate.framework/Versions/A/Accelerate
0x00000001ac9e7000 	/System/Library/PrivateFrameworks/IconServices.framework/Versions/A/IconServices
0x00000001a98e2000 	/System/Library/Frameworks/IOSurface.framework/Versions/A/IOSurface
0x00000001a7903000 	/usr/lib/libDiagnosticMessagesClient.dylib
0x00000001b5cde000 	/System/Library/Frameworks/ApplicationServices.framework/Versions/A/ApplicationServices
0x00000001aa181000 	/System/Library/PrivateFrameworks/DFRFoundation.framework/Versions/A/DFRFoundation
0x00000001a328c000 	/usr/lib/libicucore.A.dylib
0x00000001aee7d000 	/System/Library/Frameworks/AudioToolbox.framework/Versions/A/AudioToolbox
0x00000001adaf2000 	/System/Library/PrivateFrameworks/DataDetectorsCore.framework/Versions/A/DataDetectorsCore
0x00000001c4bc4000 	/System/Library/PrivateFrameworks/TextInput.framework/Versions/A/TextInput
0x00000001a5324000 	/usr/lib/libMobileGestalt.dylib
0x00000001a9e4d000 	/System/Library/Frameworks/Carbon.framework/Versions/A/Frameworks/HIToolbox.framework/Versions/A/HIToolbox
0x00000001a7da6000 	/System/Library/Frameworks/QuartzCore.framework/Versions/A/QuartzCore
0x00000001a2ef8000 	/System/Library/Frameworks/Security.framework/Versions/A/Security
0x00000001b23cf000 	/System/Library/Frameworks/Carbon.framework/Versions/A/Frameworks/SpeechRecognition.framework/Versions/A/SpeechRecognition
0x00000001a8153000 	/System/Library/PrivateFrameworks/CoreUI.framework/Versions/A/CoreUI
0x00000001a2822000 	/System/Library/Frameworks/CoreAudio.framework/Versions/A/CoreAudio
0x00000001a79e7000 	/System/Library/Frameworks/DiskArbitration.framework/Versions/A/DiskArbitration
0x00000001ad3d3000 	/System/Library/PrivateFrameworks/MultitouchSupport.framework/Versions/A/MultitouchSupport
0x00000001a5322000 	/usr/lib/libenergytrace.dylib
0x00000001a38cb000 	/System/Library/Frameworks/IOKit.framework/Versions/A/IOKit
0x00000001b27ae000 	/System/Library/Frameworks/CoreServices.framework/Versions/A/CoreServices
0x00000001a839c000 	/System/Library/PrivateFrameworks/PerformanceAnalysis.framework/Versions/A/PerformanceAnalysis
0x00000001ee202000 	/System/Library/Frameworks/OpenGL.framework/Versions/A/OpenGL
0x00000001a8460000 	/usr/lib/libxml2.2.dylib
0x00000001ab298000 	/System/Library/PrivateFrameworks/MobileKeyBag.framework/Versions/A/MobileKeyBag
0x00000001a5e04000 	/System/Library/Frameworks/ColorSync.framework/Versions/A/ColorSync
0x00000001a079d000 	/System/Library/Frameworks/CoreFoundation.framework/Versions/A/CoreFoundation
0x00000001aa512000 	/System/Library/Frameworks/CoreImage.framework/Versions/A/CoreImage
0x00000001a2645000 	/System/Library/Frameworks/CoreText.framework/Versions/A/CoreText
0x00000001aa1d8000 	/System/Library/Frameworks/ImageIO.framework/Versions/A/ImageIO
0x00000001abce8000 	/System/Library/PrivateFrameworks/SoftLinking.framework/Versions/A/SoftLinking
0x00000001abf7b000 	/usr/lib/libcompression.dylib
0x00000001ada43000 	/System/Library/PrivateFrameworks/TextureIO.framework/Versions/A/TextureIO
0x00000001ac6b9000 	/usr/lib/libate.dylib
0x00000001ac578000 	/usr/lib/liblzma.5.dylib
0x00000001abce4000 	/usr/lib/libfakelink.dylib
0x00000001a4f41000 	/System/Library/Frameworks/CFNetwork.framework/Versions/A/CFNetwork
0x00000001abe23000 	/usr/lib/libarchive.2.dylib
0x00000001b072d000 	/System/Library/Frameworks/Combine.framework/Versions/A/Combine
0x00000001ae862000 	/usr/lib/swift/libswiftCore.dylib
0x00000001c1d63000 	/usr/lib/swift/libswiftCoreFoundation.dylib
0x00000001bfd0f000 	/usr/lib/swift/libswiftDarwin.dylib
0x00000001b3cac000 	/usr/lib/swift/libswiftDispatch.dylib
0x00000001c1d83000 	/usr/lib/swift/libswiftIOKit.dylib
0x00000001b60f2000 	/usr/lib/swift/libswiftObjectiveC.dylib
0x00000001c1d77000 	/usr/lib/swift/libswiftXPC.dylib
0x000000022c6d8000 	/usr/lib/swift/libswift_Concurrency.dylib
0x000000022c800000 	/usr/lib/swift/libswift_StringProcessing.dylib
0x00000001b60f6000 	/usr/lib/swift/libswiftos.dylib
0x00000001a3851000 	/System/Library/PrivateFrameworks/CoreServicesInternal.framework/Versions/A/CoreServicesInternal
0x00000001ab3b6000 	/usr/lib/libbsm.0.dylib
0x00000001abc7d000 	/usr/lib/system/libkxld.dylib
0x00000001a83d8000 	/System/Library/Frameworks/CoreServices.framework/Versions/A/Frameworks/FSEvents.framework/Versions/A/FSEvents
0x00000001a354d000 	/System/Library/Frameworks/CoreServices.framework/Versions/A/Frameworks/CarbonCore.framework/Versions/A/CarbonCore
0x00000001a7943000 	/System/Library/Frameworks/CoreServices.framework/Versions/A/Frameworks/Metadata.framework/Versions/A/Metadata
0x00000001ab9a3000 	/System/Library/Frameworks/CoreServices.framework/Versions/A/Frameworks/OSServices.framework/Versions/A/OSServices
0x00000001abeaa000 	/System/Library/Frameworks/CoreServices.framework/Versions/A/Frameworks/SearchKit.framework/Versions/A/SearchKit
0x00000001a6a9a000 	/System/Library/Frameworks/CoreServices.framework/Versions/A/Frameworks/AE.framework/Versions/A/AE
0x00000001a0c70000 	/System/Library/Frameworks/CoreServices.framework/Versions/A/Frameworks/LaunchServices.framework/Versions/A/LaunchServices
0x00000001ac521000 	/System/Library/Frameworks/CoreServices.framework/Versions/A/Frameworks/DictionaryServices.framework/Versions/A/DictionaryServices
0x00000001a83e5000 	/System/Library/Frameworks/CoreServices.framework/Versions/A/Frameworks/SharedFileList.framework/Versions/A/SharedFileList
0x00000001abf49000 	/usr/lib/libapple_nghttp2.dylib
0x00000001a4f3d000 	/usr/lib/libnetwork.dylib
0x00000001a672a000 	/usr/lib/libsqlite3.dylib
0x00000001a6b1e000 	/System/Library/Frameworks/Network.framework/Versions/A/Network
0x000000022b7d1000 	/usr/lib/libCoreEntitlements.dylib
0x0000000219319000 	/System/Library/PrivateFrameworks/MessageSecurity.framework/Versions/A/MessageSecurity
0x00000001ab97f000 	/System/Library/PrivateFrameworks/AppleFSCompression.framework/Versions/A/AppleFSCompression
0x00000001ab39e000 	/usr/lib/libcoretls.dylib
0x00000001ac591000 	/usr/lib/libcoretls_cfhelpers.dylib
0x00000001abf76000 	/usr/lib/libpam.2.dylib
0x00000001ac5f7000 	/usr/lib/libxar.1.dylib
0x00000001ac9c2000 	/usr/lib/libheimdal-asn1.dylib
0x00000001aa8df000 	/System/Library/PrivateFrameworks/AppleSystemInfo.framework/Versions/A/AppleSystemInfo
0x00000001ab09a000 	/System/Library/PrivateFrameworks/IOMobileFramebuffer.framework/Versions/A/IOMobileFramebuffer
0x00000001abce9000 	/usr/lib/libpcap.A.dylib
0x00000001a6b0b000 	/usr/lib/libdns_services.dylib
0x00000001a6710000 	/System/Library/PrivateFrameworks/ProtocolBuffer.framework/Versions/A/ProtocolBuffer
0x00000001ab990000 	/usr/lib/libbz2.1.0.dylib
0x00000001ab38e000 	/usr/lib/libCheckFix.dylib
0x00000001a539f000 	/System/Library/PrivateFrameworks/TCC.framework/Versions/A/TCC
0x00000001aa8e5000 	/System/Library/PrivateFrameworks/CoreNLP.framework/Versions/A/CoreNLP
0x00000001a1445000 	/usr/lib/libmecabra.dylib
0x00000001a7905000 	/System/Library/PrivateFrameworks/MetadataUtilities.framework/Versions/A/MetadataUtilities
0x00000001ab3c7000 	/usr/lib/libmecab.dylib
0x00000001a1411000 	/usr/lib/libCRFSuite.dylib
0x00000001ab424000 	/usr/lib/libgermantok.dylib
0x00000001abf22000 	/usr/lib/libThaiTokenizer.dylib
0x00000001a79f0000 	/System/Library/Frameworks/Accelerate.framework/Versions/A/Frameworks/vImage.framework/Versions/A/vImage
0x00000001b2785000 	/System/Library/Frameworks/Accelerate.framework/Versions/A/Frameworks/vecLib.framework/Versions/A/vecLib
0x00000001ac63d000 	/System/Library/Frameworks/Accelerate.framework/Versions/A/Frameworks/vecLib.framework/Versions/A/libvMisc.dylib
0x00000001aaf99000 	/System/Library/Frameworks/Accelerate.framework/Versions/A/Frameworks/vecLib.framework/Versions/A/libvDSP.dylib
0x00000001a1018000 	/System/Library/Frameworks/Accelerate.framework/Versions/A/Frameworks/vecLib.framework/Versions/A/libBLAS.dylib
0x00000001ac04d000 	/System/Library/Frameworks/Accelerate.framework/Versions/A/Frameworks/vecLib.framework/Versions/A/libLAPACK.dylib
0x00000001ab427000 	/System/Library/Frameworks/Accelerate.framework/Versions/A/Frameworks/vecLib.framework/Versions/A/libLinearAlgebra.dylib
0x00000001abf61000 	/System/Library/Frameworks/Accelerate.framework/Versions/A/Frameworks/vecLib.framework/Versions/A/libSparseBLAS.dylib
0x00000001ac048000 	/System/Library/Frameworks/Accelerate.framework/Versions/A/Frameworks/vecLib.framework/Versions/A/libQuadrature.dylib
0x00000001aa9df000 	/System/Library/Frameworks/Accelerate.framework/Versions/A/Frameworks/vecLib.framework/Versions/A/libBNNS.dylib
0x00000001a1320000 	/System/Library/Frameworks/Accelerate.framework/Versions/A/Frameworks/vecLib.framework/Versions/A/libSparse.dylib
0x00000002186a9000 	/System/Library/PrivateFrameworks/MIL.framework/Versions/A/MIL
0x00000001abd1e000 	/usr/lib/libiconv.2.dylib
0x00000001abc76000 	/usr/lib/libcharset.1.dylib
0x00000001aa9d9000 	/System/Library/PrivateFrameworks/LinguisticData.framework/Versions/A/LinguisticData
0x00000001a12d3000 	/System/Library/PrivateFrameworks/Lexicon.framework/Versions/A/Lexicon
0x00000001ac635000 	/usr/lib/libChineseTokenizer.dylib
0x00000001a20f3000 	/System/Library/PrivateFrameworks/LanguageModeling.framework/Versions/A/LanguageModeling
0x00000001abf24000 	/System/Library/PrivateFrameworks/AppleSauce.framework/Versions/A/AppleSauce
0x00000001abe11000 	/usr/lib/libcmph.dylib
0x00000001ab087000 	/System/Library/PrivateFrameworks/CoreEmoji.framework/Versions/A/CoreEmoji
0x00000001a83b8000 	/System/Library/Frameworks/OpenDirectory.framework/Versions/A/Frameworks/CFOpenDirectory.framework/Versions/A/CFOpenDirectory
0x00000001a83a8000 	/System/Library/Frameworks/OpenDirectory.framework/Versions/A/OpenDirectory
0x00000001ac593000 	/System/Library/PrivateFrameworks/APFS.framework/Versions/A/APFS
0x00000001ab2cf000 	/System/Library/Frameworks/SecurityFoundation.framework/Versions/A/SecurityFoundation
0x00000001ac606000 	/usr/lib/libutil.dylib
0x00000002177b2000 	/System/Library/PrivateFrameworks/InstalledContentLibrary.framework/Versions/A/InstalledContentLibrary
0x00000001a388e000 	/System/Library/PrivateFrameworks/CoreServicesStore.framework/Versions/A/CoreServicesStore
0x000000020ea79000 	/System/Library/PrivateFrameworks/AppleMobileFileIntegrity.framework/Versions/A/AppleMobileFileIntegrity
0x00000001c1d42000 	/usr/lib/libmis.dylib
0x00000001cf704000 	/System/Library/PrivateFrameworks/MobileSystemServices.framework/Versions/A/MobileSystemServices
0x00000001e95b1000 	/System/Library/PrivateFrameworks/ConfigProfileHelper.framework/Versions/A/ConfigProfileHelper
0x00000001ac60a000 	/usr/lib/libxslt.1.dylib
0x00000001ab361000 	/System/Library/PrivateFrameworks/BackgroundTaskManagement.framework/Versions/A/BackgroundTaskManagement
0x000000022c776000 	/usr/lib/swift/libswift_RegexParser.dylib
0x00000001ad299000 	/System/Library/PrivateFrameworks/AppleJPEG.framework/Versions/A/AppleJPEG
0x00000001ac9a7000 	/usr/lib/libexpat.1.dylib
0x00000001ad8ae000 	/System/Library/Frameworks/ImageIO.framework/Versions/A/Resources/libPng.dylib
0x00000001ad8d9000 	/System/Library/Frameworks/ImageIO.framework/Versions/A/Resources/libTIFF.dylib
0x00000001ad9c1000 	/System/Library/Frameworks/ImageIO.framework/Versions/A/Resources/libGIF.dylib
0x00000001ad2de000 	/System/Library/Frameworks/ImageIO.framework/Versions/A/Resources/libJP2.dylib
0x00000001ad965000 	/System/Library/Frameworks/ImageIO.framework/Versions/A/Resources/libJPEG.dylib
0x00000001ad95c000 	/System/Library/Frameworks/ImageIO.framework/Versions/A/Resources/libRadiance.dylib
0x00000001a9cd7000 	/System/Library/PrivateFrameworks/FontServices.framework/libFontParser.dylib
0x00000001a6a3c000 	/System/Library/PrivateFrameworks/RunningBoardServices.framework/Versions/A/RunningBoardServices
0x00000001b855a000 	/System/Library/PrivateFrameworks/IOSurfaceAccelerator.framework/Versions/A/IOSurfaceAccelerator
0x00000001ad3cf000 	/System/Library/PrivateFrameworks/WatchdogClient.framework/Versions/A/WatchdogClient
0x00000001a226a000 	/System/Library/Frameworks/CoreDisplay.framework/Versions/A/CoreDisplay
0x00000001a9af1000 	/System/Library/Frameworks/CoreMedia.framework/Versions/A/CoreMedia
0x00000001a98f8000 	/System/Library/PrivateFrameworks/IOAccelerator.framework/Versions/A/IOAccelerator
0x00000001a8549000 	/System/Library/Frameworks/CoreVideo.framework/Versions/A/CoreVideo
0x00000001abf74000 	/System/Library/Frameworks/MetalPerformanceShaders.framework/Versions/A/MetalPerformanceShaders
0x00000001ad40e000 	/System/Library/Frameworks/VideoToolbox.framework/Versions/A/VideoToolbox
0x00000001a6982000 	/System/Library/PrivateFrameworks/BaseBoard.framework/Versions/A/BaseBoard
0x00000001ad957000 	/System/Library/PrivateFrameworks/GPUWrangler.framework/Versions/A/GPUWrangler
0x00000001ad937000 	/System/Library/PrivateFrameworks/IOPresentment.framework/Versions/A/IOPresentment
0x00000001ad95f000 	/System/Library/PrivateFrameworks/DSExternalDisplay.framework/Versions/A/DSExternalDisplay
0x00000002140eb000 	/System/Library/PrivateFrameworks/GPUCompiler.framework/Versions/31001/Libraries/libllvm-flatbuffers.dylib
0x00000001ee1f5000 	/System/Library/Frameworks/OpenGL.framework/Versions/A/Libraries/libCoreFSCache.dylib
0x00000002140e7000 	/System/Library/PrivateFrameworks/GPUCompiler.framework/Versions/31001/Libraries/libGPUCompilerUtils.dylib
0x00000001ad9c7000 	/System/Library/PrivateFrameworks/CMCaptureCore.framework/Versions/A/CMCaptureCore
0x0000000209e09000 	/System/Library/Frameworks/ExtensionFoundation.framework/Versions/A/ExtensionFoundation
0x00000001b44af000 	/System/Library/PrivateFrameworks/CoreTime.framework/Versions/A/CoreTime
0x00000001acf8b000 	/System/Library/PrivateFrameworks/AppServerSupport.framework/Versions/A/AppServerSupport
0x00000001af74e000 	/System/Library/PrivateFrameworks/perfdata.framework/Versions/A/perfdata
0x00000001a238a000 	/System/Library/PrivateFrameworks/AudioToolboxCore.framework/Versions/A/AudioToolboxCore
0x00000001a9ac7000 	/System/Library/PrivateFrameworks/caulk.framework/Versions/A/caulk
0x00000001af019000 	/usr/lib/libAudioStatistics.dylib
0x00000001c11a9000 	/System/Library/PrivateFrameworks/SystemPolicy.framework/Versions/A/SystemPolicy
0x00000001af2ad000 	/usr/lib/libSMC.dylib
0x00000001b7d20000 	/System/Library/Frameworks/CoreMIDI.framework/Versions/A/CoreMIDI
0x00000001ad87b000 	/usr/lib/libAudioToolboxUtility.dylib
0x00000001bd032000 	/System/Library/PrivateFrameworks/OSAServicesClient.framework/Versions/A/OSAServicesClient
0x00000001af75b000 	/usr/lib/libperfcheck.dylib
0x00000001a85e6000 	/System/Library/PrivateFrameworks/UserManagement.framework/Versions/A/UserManagement
0x00000001ac892000 	/System/Library/PrivateFrameworks/PlugInKit.framework/Versions/A/PlugInKit
0x00000001ab2c1000 	/System/Library/PrivateFrameworks/AssertionServices.framework/Versions/A/AssertionServices
0x00000001aa8dd000 	/System/Library/PrivateFrameworks/AggregateDictionary.framework/Versions/A/AggregateDictionary
0x00000001ee257000 	/System/Library/Frameworks/OpenGL.framework/Versions/A/Libraries/libGLU.dylib
0x00000001ee216000 	/System/Library/Frameworks/OpenGL.framework/Versions/A/Libraries/libGFXShared.dylib
0x00000001ee3fd000 	/System/Library/Frameworks/OpenGL.framework/Versions/A/Libraries/libGL.dylib
0x00000001ee21f000 	/System/Library/Frameworks/OpenGL.framework/Versions/A/Libraries/libGLImage.dylib
0x00000001ee213000 	/System/Library/Frameworks/OpenGL.framework/Versions/A/Libraries/libCVMSPluginSupport.dylib
0x000000022b9b3000 	/usr/lib/libRosetta.dylib
0x00000001ee1fc000 	/System/Library/Frameworks/OpenGL.framework/Versions/A/Libraries/libCoreVMClient.dylib
0x00000001aa85f000 	/System/Library/Frameworks/MetalPerformanceShaders.framework/Versions/A/Frameworks/MPSCore.framework/Versions/A/MPSCore
0x00000001ab8f5000 	/System/Library/Frameworks/MetalPerformanceShaders.framework/Versions/A/Frameworks/MPSImage.framework/Versions/A/MPSImage
0x00000001ab43c000 	/System/Library/Frameworks/MetalPerformanceShaders.framework/Versions/A/Frameworks/MPSNeuralNetwork.framework/Versions/A/MPSNeuralNetwork
0x00000001ab827000 	/System/Library/Frameworks/MetalPerformanceShaders.framework/Versions/A/Frameworks/MPSMatrix.framework/Versions/A/MPSMatrix
0x00000001ab639000 	/System/Library/Frameworks/MetalPerformanceShaders.framework/Versions/A/Frameworks/MPSRayIntersector.framework/Versions/A/MPSRayIntersector
0x00000001ab853000 	/System/Library/Frameworks/MetalPerformanceShaders.framework/Versions/A/Frameworks/MPSNDArray.framework/Versions/A/MPSNDArray
0x000000020a482000 	/System/Library/Frameworks/MetalPerformanceShaders.framework/Versions/A/Frameworks/MPSFunctions.framework/Versions/A/MPSFunctions
0x00000001a0ee2000 	/System/Library/PrivateFrameworks/MetalTools.framework/Versions/A/MetalTools
0x00000001ac74b000 	/usr/lib/libIOReport.dylib
0x00000001b6f6a000 	/System/Library/PrivateFrameworks/ASEProcessing.framework/Versions/A/ASEProcessing
0x00000001acb29000 	/System/Library/PrivateFrameworks/GraphVisualizer.framework/Versions/A/GraphVisualizer
0x0000000213ff8000 	/System/Library/PrivateFrameworks/FontServices.framework/Versions/A/FontServices
0x00000001acf49000 	/System/Library/PrivateFrameworks/OTSVG.framework/Versions/A/OTSVG
0x00000001a8102000 	/System/Library/Frameworks/ApplicationServices.framework/Versions/A/Frameworks/ATS.framework/Versions/A/Resources/libFontRegistry.dylib
0x00000001acf95000 	/System/Library/PrivateFrameworks/FontServices.framework/libhvf.dylib
0x0000000213ff9000 	/System/Library/PrivateFrameworks/FontServices.framework/libXTFontStaticRegistryData.dylib
0x00000002251cf000 	/System/Library/PrivateFrameworks/VideoToolboxParavirtualizationSupport.framework/Versions/A/VideoToolboxParavirtualizationSupport
0x00000001ac95b000 	/System/Library/PrivateFrameworks/AppleVA.framework/Versions/A/AppleVA
0x00000001af055000 	/System/Library/Frameworks/ApplicationServices.framework/Versions/A/Frameworks/ATS.framework/Versions/A/ATS
0x00000001a5ef4000 	/System/Library/Frameworks/ApplicationServices.framework/Versions/A/Frameworks/HIServices.framework/Versions/A/HIServices
0x00000001ad9d3000 	/System/Library/Frameworks/ApplicationServices.framework/Versions/A/Frameworks/PrintCore.framework/Versions/A/PrintCore
0x00000001af406000 	/System/Library/Frameworks/ApplicationServices.framework/Versions/A/Frameworks/QD.framework/Versions/A/QD
0x00000001af3fa000 	/System/Library/Frameworks/ApplicationServices.framework/Versions/A/Frameworks/ColorSyncLegacy.framework/Versions/A/ColorSyncLegacy
0x00000001af02d000 	/System/Library/Frameworks/ApplicationServices.framework/Versions/A/Frameworks/SpeechSynthesis.framework/Versions/A/SpeechSynthesis
0x00000001ad991000 	/System/Library/Frameworks/ApplicationServices.framework/Versions/A/Frameworks/ATSUI.framework/Versions/A/ATSUI
0x00000001af38d000 	/usr/lib/libcups.2.dylib
0x00000001af769000 	/System/Library/Frameworks/Kerberos.framework/Versions/A/Kerberos
0x00000001af77a000 	/System/Library/Frameworks/GSS.framework/Versions/A/GSS
0x00000001af0c5000 	/usr/lib/libresolv.9.dylib
0x00000001acfa5000 	/System/Library/PrivateFrameworks/Heimdal.framework/Versions/A/Heimdal
0x00000001b6076000 	/System/Library/Frameworks/Kerberos.framework/Versions/A/Libraries/libHeimdalProxy.dylib
0x00000001af7ca000 	/System/Library/PrivateFrameworks/CommonAuth.framework/Versions/A/CommonAuth
0x00000001ef44a000 	/System/Library/Frameworks/AVFAudio.framework/Versions/A/AVFAudio
0x00000001bd081000 	/System/Library/PrivateFrameworks/AXCoreUtilities.framework/Versions/A/AXCoreUtilities
0x00000001aefa5000 	/System/Library/PrivateFrameworks/AudioSession.framework/Versions/A/AudioSession
0x00000001b04ee000 	/System/Library/Frameworks/IOBluetooth.framework/Versions/A/IOBluetooth
0x00000001aca5a000 	/System/Library/PrivateFrameworks/MediaExperience.framework/Versions/A/MediaExperience
0x00000001aee43000 	/System/Library/PrivateFrameworks/AudioSession.framework/libSessionUtility.dylib
0x00000001af412000 	/System/Library/PrivateFrameworks/AudioResourceArbitration.framework/Versions/A/AudioResourceArbitration
0x00000001b338d000 	/System/Library/PrivateFrameworks/PowerLog.framework/Versions/A/PowerLog
0x00000001b32d3000 	/System/Library/Frameworks/CoreBluetooth.framework/Versions/A/CoreBluetooth
0x00000001b6077000 	/System/Library/Frameworks/AudioUnit.framework/Versions/A/AudioUnit
0x00000001ab125000 	/System/Library/PrivateFrameworks/CoreUtils.framework/Versions/A/CoreUtils
0x0000000212b42000 	/System/Library/PrivateFrameworks/CoreUtilsExtras.framework/Versions/A/CoreUtilsExtras
0x0000000217654000 	/System/Library/PrivateFrameworks/IO80211.framework/Versions/A/IO80211
0x00000001ac9cc000 	/System/Library/PrivateFrameworks/IconFoundation.framework/Versions/A/IconFoundation
0x00000001b23bb000 	/System/Library/PrivateFrameworks/SpeechRecognitionCore.framework/Versions/A/SpeechRecognitionCore
0x0000000101364000 	/Users/vn/.sdkman/candidates/java/17.0.1-tem/lib/server/libjvm.dylib
0x0000000100384000 	/Users/vn/.sdkman/candidates/java/17.0.1-tem/lib/libjimage.dylib
0x000000010040c000 	/Users/vn/.sdkman/candidates/java/17.0.1-tem/lib/libjava.dylib
0x00000001012a0000 	/Users/vn/.sdkman/candidates/java/17.0.1-tem/lib/libnio.dylib
0x00000001012e4000 	/Users/vn/.sdkman/candidates/java/17.0.1-tem/lib/libnet.dylib
0x00000001012c0000 	/Users/vn/.sdkman/candidates/java/17.0.1-tem/lib/libzip.dylib
0x000000011edb4000 	/private/var/folders/p4/dv0nl6hj3sv8d98wc8fbrq2h0000gn/T/lwjglvn/3.3.1-build-7/liblwjgl.dylib
0x000000011edfc000 	/private/var/folders/p4/dv0nl6hj3sv8d98wc8fbrq2h0000gn/T/lwjglvn/3.3.1-build-7/libglfw.dylib
0x00000001b35dd000 	/System/Library/Frameworks/FileProvider.framework/Versions/A/FileProvider
0x00000001a68eb000 	/System/Library/Frameworks/Accounts.framework/Versions/A/Accounts
0x00000001b3760000 	/System/Library/PrivateFrameworks/GenerationalStorage.framework/Versions/A/GenerationalStorage
0x00000001b43d7000 	/System/Library/PrivateFrameworks/CoreSymbolication.framework/Versions/A/CoreSymbolication
0x00000001b3381000 	/System/Library/PrivateFrameworks/SymptomDiagnosticReporter.framework/Versions/A/SymptomDiagnosticReporter
0x00000001a4aba000 	/System/Library/PrivateFrameworks/DesktopServicesPriv.framework/Versions/A/DesktopServicesPriv
0x00000001a39b7000 	/usr/lib/libsandbox.1.dylib
0x00000001b4398000 	/System/Library/PrivateFrameworks/DebugSymbols.framework/Versions/A/DebugSymbols
0x00000001af3ed000 	/System/Library/PrivateFrameworks/NetAuth.framework/Versions/A/NetAuth
0x00000001b036f000 	/System/Library/PrivateFrameworks/Sharing.framework/Versions/A/Sharing
0x00000001a85aa000 	/System/Library/PrivateFrameworks/login.framework/Versions/A/Frameworks/loginsupport.framework/Versions/A/loginsupport
0x00000001b55c8000 	/System/Library/PrivateFrameworks/Apple80211.framework/Versions/A/Apple80211
0x00000001ab9d6000 	/System/Library/PrivateFrameworks/AuthKit.framework/Versions/A/AuthKit
0x00000001ab0a7000 	/System/Library/Frameworks/CoreWLAN.framework/Versions/A/CoreWLAN
0x00000001b55cc000 	/System/Library/PrivateFrameworks/CoreWiFi.framework/Versions/A/CoreWiFi
0x00000001b3f55000 	/System/Library/PrivateFrameworks/FrontBoardServices.framework/Versions/A/FrontBoardServices
0x00000001b3ff0000 	/System/Library/PrivateFrameworks/BoardServices.framework/Versions/A/BoardServices
0x00000001b5725000 	/System/Library/PrivateFrameworks/BackBoardServices.framework/Versions/A/BackBoardServices
0x00000001af8ba000 	/System/Library/PrivateFrameworks/CorePhoneNumbers.framework/Versions/A/CorePhoneNumbers
0x00000001af0f2000 	/System/Library/PrivateFrameworks/MultiverseSupport.framework/Versions/A/MultiverseSupport
0x00000001b59ac000 	/System/Library/PrivateFrameworks/RemoteServiceDiscovery.framework/Versions/A/RemoteServiceDiscovery
0x00000001b34ad000 	/System/Library/PrivateFrameworks/DiskManagement.framework/Versions/A/DiskManagement
0x00000001b33b4000 	/System/Library/PrivateFrameworks/AppleIDAuthSupport.framework/Versions/A/AppleIDAuthSupport
0x000000020ceca000 	/System/Library/PrivateFrameworks/AAAFoundation.framework/Versions/A/AAAFoundation
0x00000001af892000 	/System/Library/PrivateFrameworks/KeychainCircle.framework/Versions/A/KeychainCircle
0x00000001b59c0000 	/System/Library/PrivateFrameworks/RemoteXPC.framework/Versions/A/RemoteXPC
0x00000001b3479000 	/System/Library/PrivateFrameworks/MediaKit.framework/Versions/A/MediaKit
0x00000001b33c1000 	/System/Library/Frameworks/DiscRecording.framework/Versions/A/DiscRecording
0x00000001ac8d7000 	/usr/lib/libCoreStorage.dylib
0x00000001b5a28000 	/usr/lib/libcsfde.dylib
0x00000001b05bf000 	/System/Library/PrivateFrameworks/ProtectedCloudStorage.framework/Versions/A/ProtectedCloudStorage
0x00000001b5a20000 	/System/Library/PrivateFrameworks/EFILogin.framework/Versions/A/EFILogin
0x00000001b3786000 	/System/Library/PrivateFrameworks/OctagonTrust.framework/Versions/A/OctagonTrust
0x00000001ac8cf000 	/usr/lib/libMatch.1.dylib
0x000000022b6a3000 	/usr/lib/libAccessibilityBaseImplementations.dylib
0x00000001a8298000 	/System/Library/PrivateFrameworks/ViewBridge.framework/Versions/A/ViewBridge
0x000000012af84000 	/usr/lib/libobjc-trampolines.dylib
0x00000001c6484000 	/System/Library/Frameworks/Accelerate.framework/Versions/A/Frameworks/vImage.framework/Versions/A/Libraries/libCGInterfaces.dylib
0x00000001ad068000 	/System/Library/PrivateFrameworks/login.framework/Versions/A/login
0x00000001ee407000 	/System/Library/Frameworks/OpenGL.framework/Versions/A/Resources/GLEngine.bundle/GLEngine
0x00000001ee291000 	/System/Library/Frameworks/OpenGL.framework/Versions/A/Libraries/libGLProgrammability.dylib
0x000000012bb20000 	/System/Library/Extensions/AppleMetalOpenGLRenderer.bundle/Contents/MacOS/AppleMetalOpenGLRenderer
0x00000001ee575000 	/System/Library/Frameworks/OpenGL.framework/Versions/A/Resources/GLRendererFloat.bundle/GLRendererFloat
0x00000001ee672000 	/System/Library/Extensions/AGXMetal13_3.bundle/Contents/MacOS/AGXMetal13_3
0x00000001c1d56000 	/System/Library/PrivateFrameworks/GPURawCounter.framework/Versions/A/GPURawCounter
0x00000001bc14e000 	/System/Library/PrivateFrameworks/IOGPU.framework/Versions/A/IOGPU
0x000000012cf00000 	/private/var/folders/p4/dv0nl6hj3sv8d98wc8fbrq2h0000gn/T/lwjglvn/3.3.1-build-7/liblwjgl_opengl.dylib
0x00000001c9345000 	/System/Library/CoreServices/RawCamera.bundle/Contents/MacOS/RawCamera
0x00000001af7db000 	/System/Library/PrivateFrameworks/MobileAsset.framework/Versions/A/MobileAsset
0x00000001c6ded000 	/System/Library/PrivateFrameworks/SoftwareUpdateCoreSupport.framework/Versions/A/SoftwareUpdateCoreSupport
0x00000001ccbc0000 	/System/Library/PrivateFrameworks/SoftwareUpdateCoreConnect.framework/Versions/A/SoftwareUpdateCoreConnect
0x00000001b609d000 	/System/Library/PrivateFrameworks/StreamingZip.framework/Versions/A/StreamingZip
0x00000001c344f000 	/usr/lib/libbootpolicy.dylib
0x000000020f592000 	/System/Library/PrivateFrameworks/CMPhoto.framework/Versions/A/CMPhoto
0x00000001adbd9000 	/System/Library/Frameworks/MediaToolbox.framework/Versions/A/MediaToolbox
0x00000001b35a9000 	/System/Library/PrivateFrameworks/CoreAVCHD.framework/Versions/A/CoreAVCHD
0x00000001b2a9d000 	/System/Library/Frameworks/MediaAccessibility.framework/Versions/A/MediaAccessibility
0x00000001b35a5000 	/System/Library/PrivateFrameworks/Mangrove.framework/Versions/A/Mangrove
0x00000001b3599000 	/System/Library/PrivateFrameworks/CoreAUC.framework/Versions/A/CoreAUC


VM Arguments:
jvm_args: -XX:+ShowCodeDetailsInExceptionMessages 
java_command: de.novi.Main -XstartOnFirstThread
java_class_path (initial): /Users/vn/Projects/game_engine/target/classes:/Users/vn/.m2/repository/org/junit/jupiter/junit-jupiter/5.9.0-M1/junit-jupiter-5.9.0-M1.jar:/Users/vn/.m2/repository/org/junit/jupiter/junit-jupiter-api/5.9.0-M1/junit-jupiter-api-5.9.0-M1.jar:/Users/vn/.m2/repository/org/opentest4j/opentest4j/1.2.0/opentest4j-1.2.0.jar:/Users/vn/.m2/repository/org/junit/platform/junit-platform-commons/1.9.0-M1/junit-platform-commons-1.9.0-M1.jar:/Users/vn/.m2/repository/org/apiguardian/apiguardian-api/1.1.2/apiguardian-api-1.1.2.jar:/Users/vn/.m2/repository/org/junit/jupiter/junit-jupiter-params/5.9.0-M1/junit-jupiter-params-5.9.0-M1.jar:/Users/vn/.m2/repository/org/junit/jupiter/junit-jupiter-engine/5.9.0-M1/junit-jupiter-engine-5.9.0-M1.jar:/Users/vn/.m2/repository/org/junit/platform/junit-platform-engine/1.9.0-M1/junit-platform-engine-1.9.0-M1.jar:/Users/vn/.m2/repository/org/lwjgl/lwjgl/3.3.1/lwjgl-3.3.1.jar:/Users/vn/.m2/repository/org/lwjgl/lwjgl-assimp/3.3.1/lwjgl-assimp-3.3.1.jar:/Users/vn/.m2/repository/org/lwjgl/lwjgl-bgfx/3.3.1/lwjgl-bgfx-3.3.1.jar:/Users/vn/.m2/repository/org/lwjgl/lwjgl-glfw/3.3.1/lwjgl-glfw-3.3.1.jar:/Users/vn/.m2/repository/org/lwjgl/lwjgl-nanovg/3.3.1/lwjgl-nanovg-3.3.1.jar:/Users/vn/.m2/repository/org/lwjgl/lwjgl-nuklear/3.3.1/lwjgl-nuklear-3.3.1.jar:/Users/vn/.m2/repository/org/lwjgl/lwjgl-openal/3.3.1/lwjgl-openal-3.3.1.jar:/Users/vn/.m2/repository/org/lwjgl/lwjgl-opengl/3.3.1/lwjgl-opengl-3.3.1.jar:/Users/vn/.m2/repository/org/lwjgl/lwjgl-par/3.3.1/lwjgl-par-3.3.1.jar:/Users/vn/.m2/repository/org/lwjgl/lwjgl-stb/3.3.1/lwjgl-stb-3.3.1.jar:/Users/vn/.m2/repository/org/lwjgl/lwjgl-vulkan/3.3.1/lwjgl-vulkan-3.3.1.jar:/Users/vn/.m2/repository/org/lwjgl/lwjgl/3.3.1/lwjgl-3.3.1-natives-macos-arm64.jar:/Users/vn/.m2/repository/org/lwjgl/lwjgl-assimp/3.3.1/lwjgl-assimp-3.3.1-natives-macos-arm64.jar:/Users/vn/.m2/repository/org/lwjgl/lwjgl-bgfx/3.3.1/lwjgl-bgfx-3.3.1-natives-macos-arm64.jar:/Users/vn/.m2/repository/org/lwjgl/lwjgl
Launcher Type: SUN_STANDARD

[Global flags]
     intx CICompilerCount                          = 4                                         {product} {ergonomic}
     uint ConcGCThreads                            = 2                                         {product} {ergonomic}
     uint G1ConcRefinementThreads                  = 8                                         {product} {ergonomic}
   size_t G1HeapRegionSize                         = 1048576                                   {product} {ergonomic}
    uintx GCDrainStackTargetSize                   = 64                                        {product} {ergonomic}
   size_t InitialHeapSize                          = 134217728                                 {product} {ergonomic}
   size_t MarkStackSize                            = 4194304                                   {product} {ergonomic}
   size_t MaxHeapSize                              = 2147483648                                {product} {ergonomic}
   size_t MaxNewSize                               = 1287651328                                {product} {ergonomic}
   size_t MinHeapDeltaBytes                        = 1048576                                   {product} {ergonomic}
   size_t MinHeapSize                              = 8388608                                   {product} {ergonomic}
    uintx NonNMethodCodeHeapSize                   = 5839564                                {pd product} {ergonomic}
    uintx NonProfiledCodeHeapSize                  = 122909338                              {pd product} {ergonomic}
    uintx ProfiledCodeHeapSize                     = 122909338                              {pd product} {ergonomic}
    uintx ReservedCodeCacheSize                    = 251658240                              {pd product} {ergonomic}
     bool SegmentedCodeCache                       = true                                      {product} {ergonomic}
     bool ShowCodeDetailsInExceptionMessages       = true                                   {manageable} {command line}
   size_t SoftMaxHeapSize                          = 2147483648                             {manageable} {ergonomic}
     bool UseCompressedClassPointers               = true                           {product lp64_product} {ergonomic}
     bool UseCompressedOops                        = true                           {product lp64_product} {ergonomic}
     bool UseG1GC                                  = true                                      {product} {ergonomic}
     bool UseNUMA                                  = false                                     {product} {ergonomic}
     bool UseNUMAInterleaving                      = false                                     {product} {ergonomic}

Logging:
Log output configuration:
 #0: stdout all=warning uptime,level,tags
 #1: stderr all=off uptime,level,tags

Environment Variables:
PATH=/usr/local/bin:/System/Cryptexes/App/usr/bin:/usr/bin:/bin:/usr/sbin:/sbin:/Library/Apple/usr/bin:/opt/flutter/bin:/Users/vn/.pub-cache/bin:/opt/flutter/bin:/Users/vn/.pub-cache/bin
SHELL=/bin/zsh
LANG=en_US.UTF-8
LC_ALL=en_US.UTF-8
LC_CTYPE=en_US.UTF-8

Signal Handlers:
   SIGSEGV: _ZL13crash_handleriP9__siginfoPv in libjvm.dylib, mask=11100110000111110111111111111111, flags=SA_RESTART|SA_SIGINFO
    SIGBUS: _ZL13crash_handleriP9__siginfoPv in libjvm.dylib, mask=11100110000111110111111111111111, flags=SA_RESTART|SA_SIGINFO
    SIGFPE: _ZL13crash_handleriP9__siginfoPv in libjvm.dylib, mask=11100110000111110111111111111111, flags=SA_RESTART|SA_SIGINFO
   SIGPIPE: _ZL17javaSignalHandleriP9__siginfoPv in libjvm.dylib, mask=11100110000111110111111111111111, flags=SA_RESTART|SA_SIGINFO
   SIGXFSZ: _ZL17javaSignalHandleriP9__siginfoPv in libjvm.dylib, mask=11100110000111110111111111111111, flags=SA_RESTART|SA_SIGINFO
    SIGILL: _ZL13crash_handleriP9__siginfoPv in libjvm.dylib, mask=11100110000111110111111111111111, flags=SA_RESTART|SA_SIGINFO
   SIGUSR2: _ZL10SR_handleriP9__siginfoP17__darwin_ucontext in libjvm.dylib, mask=00000000000000000000000000000000, flags=SA_RESTART|SA_SIGINFO
    SIGHUP: _ZL11UserHandleriPvS_ in libjvm.dylib, mask=11100110000111110111111111111111, flags=SA_RESTART|SA_SIGINFO
    SIGINT: _ZL11UserHandleriPvS_ in libjvm.dylib, mask=11100110000111110111111111111111, flags=SA_RESTART|SA_SIGINFO
   SIGTERM: _ZL11UserHandleriPvS_ in libjvm.dylib, mask=11100110000111110111111111111111, flags=SA_RESTART|SA_SIGINFO
   SIGQUIT: _ZL11UserHandleriPvS_ in libjvm.dylib, mask=11100110000111110111111111111111, flags=SA_RESTART|SA_SIGINFO
   SIGTRAP: _ZL13crash_handleriP9__siginfoPv in libjvm.dylib, mask=11100110000111110111111111111111, flags=SA_RESTART|SA_SIGINFO


---------------  S Y S T E M  ---------------

OS:
uname: Darwin 22.0.0 Darwin Kernel Version 22.0.0: Thu Jun 16 20:33:02 PDT 2022; root:xnu-8792.0.92.121.3~2/RELEASE_ARM64_T8103 arm64
OS uptime: 1 days 2:12 hours
rlimit (soft/hard): STACK 8176k/65520k , CORE 0k/infinity , NPROC 1333/2000 , NOFILE 10240/infinity , AS infinity/infinity , CPU infinity/infinity , DATA infinity/infinity , FSIZE infinity/infinity , MEMLOCK infinity/infinity , RSS infinity/infinity
load average: 1.64 1.61 1.53

CPU: total 8 (initial active 8) 0x61:0x0:0x1b588bb3:0, fp, simd, crc, lse

Memory: 16k page, physical 8388608k(141488k free), swap 1048576k(934656k free)

vm_info: OpenJDK 64-Bit Server VM (17.0.1+12) for bsd-aarch64 JRE (17.0.1+12), built on Oct 20 2021 13:53:09 by "jenkins" with clang Apple LLVM 12.0.0 (clang-1200.0.32.29)

END.
